#
# There is insufficient memory for the Java Runtime Environment to continue.
# Native memory allocation (malloc) failed to allocate 1832496 bytes. Error detail: Chunk::new
# Possible reasons:
#   The system is out of physical RAM or swap space
#   This process is running with CompressedOops enabled, and the Java Heap may be blocking the growth of the native heap
# Possible solutions:
#   Reduce memory load on the system
#   Increase physical memory or swap space
#   Check if swap backing store is full
#   Decrease Java heap size (-Xmx/-Xms)
#   Decrease number of Java threads
#   Decrease Java thread stack sizes (-Xss)
#   Set larger code cache with -XX:ReservedCodeCacheSize=
#   JVM is running with Unscaled Compressed Oops mode in which the Java heap is
#     placed in the first 4GB address space. The Java Heap base address is the
#     maximum limit for the native heap growth. Please use -XX:HeapBaseMinAddress
#     to set the Java Heap base and to place the Java Heap above 4GB virtual address.
# This output file may be truncated or incomplete.
#
#  Out of Memory Error (arena.cpp:168), pid=13528, tid=14640
#
# JRE version: OpenJDK Runtime Environment Temurin-21.0.8+9 (21.0.8+9) (build 21.0.8+9-LTS)
# Java VM: OpenJDK 64-Bit Server VM Temurin-21.0.8+9 (21.0.8+9-LTS, mixed mode, sharing, tiered, compressed oops, compressed class ptrs, parallel gc, windows-amd64)
# No core dump will be written. Minidumps are not enabled by default on client versions of Windows
#

---------------  S U M M A R Y ------------

Command Line: --add-modules=ALL-SYSTEM --add-opens=java.base/java.util=ALL-UNNAMED --add-opens=java.base/java.lang=ALL-UNNAMED --add-opens=java.base/sun.nio.fs=ALL-UNNAMED -Declipse.application=org.eclipse.jdt.ls.core.id1 -Dosgi.bundles.defaultStartLevel=4 -Declipse.product=org.eclipse.jdt.ls.core.product -Djava.import.generatesMetadataFilesAtProjectRoot=false -DDetectVMInstallationsJob.disabled=true -Dfile.encoding=utf8 -XX:+UseParallelGC -XX:GCTimeRatio=4 -XX:AdaptiveSizePolicyWeight=90 -Dsun.zip.disableMemoryMapping=true -Xmx2G -Xms100m -Xlog:disable -javaagent:c:\Users\rosha\.vscode\extensions\redhat.java-1.45.0-win32-x64\lombok\lombok-1.18.39-4050.jar -XX:+HeapDumpOnOutOfMemoryError -XX:HeapDumpPath=c:\Users\rosha\AppData\Roaming\Code\User\workspaceStorage\8698a406892f1e48cc41417322e9cf49\redhat.java -Daether.dependencyCollector.impl=bf c:\Users\rosha\.vscode\extensions\redhat.java-1.45.0-win32-x64\server\plugins\org.eclipse.equinox.launcher_1.7.0.v20250519-0528.jar -configuration c:\Users\rosha\AppData\Roaming\Code\User\globalStorage\redhat.java\1.45.0\config_win -data c:\Users\rosha\AppData\Roaming\Code\User\workspaceStorage\8698a406892f1e48cc41417322e9cf49\redhat.java\jdt_ws --pipe=\\.\pipe\lsp-da7668defec9f1f97413d0d30549780a-sock

Host: AMD Ryzen 5 5600H with Radeon Graphics         , 12 cores, 7G,  Windows 11 , 64 bit Build 26100 (10.0.26100.5074)
Time: Thu Sep 11 15:09:12 2025 India Standard Time elapsed time: 8.648582 seconds (0d 0h 0m 8s)

---------------  T H R E A D  ---------------

Current thread (0x00000206d8aac8e0):  JavaThread "C2 CompilerThread2" daemon [_thread_in_native, id=14640, stack(0x000000bb34500000,0x000000bb34600000) (1024K)]


Current CompileTask:
C2:8648 9908   !   4       org.eclipse.osgi.internal.loader.classpath.ClasspathManager::defineClass (636 bytes)

Stack: [0x000000bb34500000,0x000000bb34600000]
Native frames: (J=compiled Java code, j=interpreted, Vv=VM code, C=native code)
V  [jvm.dll+0x6d2449]
V  [jvm.dll+0x8ae341]
V  [jvm.dll+0x8b08be]
V  [jvm.dll+0x8b0fa3]
V  [jvm.dll+0x280c96]
V  [jvm.dll+0xc581d]
V  [jvm.dll+0xc5d53]
V  [jvm.dll+0x3b9162]
V  [jvm.dll+0x385315]
V  [jvm.dll+0x38477a]
V  [jvm.dll+0x248ed0]
V  [jvm.dll+0x2484af]
V  [jvm.dll+0x1c89ee]
V  [jvm.dll+0x257d4d]
V  [jvm.dll+0x2562ea]
V  [jvm.dll+0x3f2d16]
V  [jvm.dll+0x857e6b]
V  [jvm.dll+0x6d0b0d]
C  [ucrtbase.dll+0x37b0]
C  [KERNEL32.DLL+0x2e8d7]
C  [ntdll.dll+0x8d9c]


---------------  P R O C E S S  ---------------

Threads class SMR info:
_java_thread_list=0x00000206eb32cb40, length=74, elements={
0x00000206fd1be370, 0x000002069632d440, 0x000002069632e2f0, 0x00000206fd2671b0,
0x00000206fd265e00, 0x00000206fd266490, 0x00000206fd267840, 0x00000206d879f200,
0x00000206fd27d510, 0x00000206fd267ed0, 0x00000206d8ab3840, 0x00000206d8aac8e0,
0x00000206fd266b20, 0x00000206fd268560, 0x00000206fd2650e0, 0x00000206de1bdb70,
0x00000206de1be200, 0x00000206de1bce50, 0x00000206de1be890, 0x00000206de1bef20,
0x00000206de1c0ff0, 0x00000206de1bf5b0, 0x00000206de1c1680, 0x00000206de1c1d10,
0x00000206de1c23a0, 0x00000206de1bfc40, 0x00000206de1c2a30, 0x00000206de1c30c0,
0x00000206de1c3750, 0x00000206de1c02d0, 0x00000206de1c3de0, 0x00000206de1c4470,
0x00000206e1369740, 0x00000206e1369dd0, 0x00000206e136bea0, 0x00000206e136b180,
0x00000206e136c530, 0x00000206e136b810, 0x00000206e136d8e0, 0x00000206e136cbc0,
0x00000206e136d250, 0x00000206e136a460, 0x00000206e136df70, 0x00000206e136f320,
0x00000206e136f9b0, 0x00000206e136ec90, 0x00000206e1370d60, 0x00000206e13706d0,
0x00000206e00535c0, 0x00000206e00542e0, 0x00000206e00514f0, 0x00000206e0050e60,
0x00000206e0052f30, 0x00000206e00528a0, 0x00000206e0053c50, 0x00000206e0051b80,
0x00000206e0052210, 0x00000206eb07db60, 0x00000206eb07d4d0, 0x00000206eb07e1f0,
0x00000206eb07b400, 0x00000206eb07ce40, 0x00000206eb07e880, 0x00000206eb07ef10,
0x00000206eb07f5a0, 0x00000206eb07c120, 0x00000206eb07fc30, 0x00000206eb07c7b0,
0x00000206eb082a20, 0x00000206eb080fe0, 0x00000206eb080950, 0x00000206eb081670,
0x00000206eb081d00, 0x00000206eb082390
}

Java Threads: ( => current thread )
  0x00000206fd1be370 JavaThread "main"                              [_thread_blocked, id=14884, stack(0x000000bb33700000,0x000000bb33800000) (1024K)]
  0x000002069632d440 JavaThread "Reference Handler"          daemon [_thread_blocked, id=13736, stack(0x000000bb33b00000,0x000000bb33c00000) (1024K)]
  0x000002069632e2f0 JavaThread "Finalizer"                  daemon [_thread_blocked, id=11136, stack(0x000000bb33c00000,0x000000bb33d00000) (1024K)]
  0x00000206fd2671b0 JavaThread "Signal Dispatcher"          daemon [_thread_blocked, id=23064, stack(0x000000bb33d00000,0x000000bb33e00000) (1024K)]
  0x00000206fd265e00 JavaThread "Attach Listener"            daemon [_thread_blocked, id=21756, stack(0x000000bb33e00000,0x000000bb33f00000) (1024K)]
  0x00000206fd266490 JavaThread "Service Thread"             daemon [_thread_blocked, id=18224, stack(0x000000bb33f00000,0x000000bb34000000) (1024K)]
  0x00000206fd267840 JavaThread "Monitor Deflation Thread"   daemon [_thread_blocked, id=19044, stack(0x000000bb34000000,0x000000bb34100000) (1024K)]
  0x00000206d879f200 JavaThread "C2 CompilerThread0"         daemon [_thread_blocked, id=16648, stack(0x000000bb34100000,0x000000bb34200000) (1024K)]
  0x00000206fd27d510 JavaThread "C1 CompilerThread0"         daemon [_thread_blocked, id=16916, stack(0x000000bb34200000,0x000000bb34300000) (1024K)]
  0x00000206fd267ed0 JavaThread "Common-Cleaner"             daemon [_thread_blocked, id=19608, stack(0x000000bb34300000,0x000000bb34400000) (1024K)]
  0x00000206d8ab3840 JavaThread "C2 CompilerThread1"         daemon [_thread_blocked, id=21704, stack(0x000000bb34400000,0x000000bb34500000) (1024K)]
=>0x00000206d8aac8e0 JavaThread "C2 CompilerThread2"         daemon [_thread_in_native, id=14640, stack(0x000000bb34500000,0x000000bb34600000) (1024K)]
  0x00000206fd266b20 JavaThread "Notification Thread"        daemon [_thread_blocked, id=23344, stack(0x000000bb34600000,0x000000bb34700000) (1024K)]
  0x00000206fd268560 JavaThread "Active Thread: Equinox Container: db193f76-f043-476c-bed7-ddaba29929aa"        [_thread_blocked, id=13752, stack(0x000000bb34d00000,0x000000bb34e00000) (1024K)]
  0x00000206fd2650e0 JavaThread "Refresh Thread: Equinox Container: db193f76-f043-476c-bed7-ddaba29929aa" daemon [_thread_blocked, id=11564, stack(0x000000bb34f00000,0x000000bb35000000) (1024K)]
  0x00000206de1bdb70 JavaThread "Framework Event Dispatcher: Equinox Container: db193f76-f043-476c-bed7-ddaba29929aa" daemon [_thread_blocked, id=15488, stack(0x000000bb35000000,0x000000bb35100000) (1024K)]
  0x00000206de1be200 JavaThread "Start Level: Equinox Container: db193f76-f043-476c-bed7-ddaba29929aa" daemon [_thread_blocked, id=15592, stack(0x000000bb35100000,0x000000bb35200000) (1024K)]
  0x00000206de1bce50 JavaThread "Bundle File Closer"         daemon [_thread_blocked, id=17624, stack(0x000000bb35400000,0x000000bb35500000) (1024K)]
  0x00000206de1be890 JavaThread "SCR Component Actor"        daemon [_thread_blocked, id=6468, stack(0x000000bb35500000,0x000000bb35600000) (1024K)]
  0x00000206de1bef20 JavaThread "Worker-JM"                         [_thread_blocked, id=22460, stack(0x000000bb35700000,0x000000bb35800000) (1024K)]
  0x00000206de1c0ff0 JavaThread "JNA Cleaner"                daemon [_thread_blocked, id=17676, stack(0x000000bb35800000,0x000000bb35900000) (1024K)]
  0x00000206de1bf5b0 JavaThread "Worker-0"                          [_thread_blocked, id=9392, stack(0x000000bb35900000,0x000000bb35a00000) (1024K)]
  0x00000206de1c1680 JavaThread "Worker-1: Building"                [_thread_blocked, id=20132, stack(0x000000bb35a00000,0x000000bb35b00000) (1024K)]
  0x00000206de1c1d10 JavaThread "Worker-2"                          [_thread_blocked, id=12212, stack(0x000000bb35b00000,0x000000bb35c00000) (1024K)]
  0x00000206de1c23a0 JavaThread "Java indexing"              daemon [_thread_blocked, id=15900, stack(0x000000bb35c00000,0x000000bb35d00000) (1024K)]
  0x00000206de1bfc40 JavaThread "Worker-3: Java indexing... "        [_thread_blocked, id=4544, stack(0x000000bb35d00000,0x000000bb35e00000) (1024K)]
  0x00000206de1c2a30 JavaThread "Thread-2"                   daemon [_thread_in_native, id=4432, stack(0x000000bb36000000,0x000000bb36100000) (1024K)]
  0x00000206de1c30c0 JavaThread "Thread-3"                   daemon [_thread_in_native, id=20616, stack(0x000000bb36100000,0x000000bb36200000) (1024K)]
  0x00000206de1c3750 JavaThread "Thread-4"                   daemon [_thread_in_native, id=5788, stack(0x000000bb36200000,0x000000bb36300000) (1024K)]
  0x00000206de1c02d0 JavaThread "Thread-5"                   daemon [_thread_in_native, id=19100, stack(0x000000bb36300000,0x000000bb36400000) (1024K)]
  0x00000206de1c3de0 JavaThread "Thread-6"                   daemon [_thread_in_native, id=14976, stack(0x000000bb36400000,0x000000bb36500000) (1024K)]
  0x00000206de1c4470 JavaThread "Thread-7"                   daemon [_thread_in_native, id=7552, stack(0x000000bb36500000,0x000000bb36600000) (1024K)]
  0x00000206e1369740 JavaThread "Thread-8"                   daemon [_thread_in_native, id=23992, stack(0x000000bb36600000,0x000000bb36700000) (1024K)]
  0x00000206e1369dd0 JavaThread "Thread-9"                   daemon [_thread_in_native, id=24212, stack(0x000000bb36700000,0x000000bb36800000) (1024K)]
  0x00000206e136bea0 JavaThread "Thread-10"                  daemon [_thread_in_native, id=9548, stack(0x000000bb36800000,0x000000bb36900000) (1024K)]
  0x00000206e136b180 JavaThread "Thread-11"                  daemon [_thread_in_native, id=17896, stack(0x000000bb36900000,0x000000bb36a00000) (1024K)]
  0x00000206e136c530 JavaThread "Thread-12"                  daemon [_thread_in_native, id=20384, stack(0x000000bb36a00000,0x000000bb36b00000) (1024K)]
  0x00000206e136b810 JavaThread "Thread-13"                  daemon [_thread_in_native, id=12552, stack(0x000000bb36b00000,0x000000bb36c00000) (1024K)]
  0x00000206e136d8e0 JavaThread "Thread-14"                  daemon [_thread_in_native, id=11224, stack(0x000000bb36c00000,0x000000bb36d00000) (1024K)]
  0x00000206e136cbc0 JavaThread "pool-2-thread-1"                   [_thread_blocked, id=22044, stack(0x000000bb36d00000,0x000000bb36e00000) (1024K)]
  0x00000206e136d250 JavaThread "WorkspaceEventsHandler"            [_thread_blocked, id=14420, stack(0x000000bb36e00000,0x000000bb36f00000) (1024K)]
  0x00000206e136a460 JavaThread "pool-1-thread-1"                   [_thread_blocked, id=16728, stack(0x000000bb36f00000,0x000000bb37000000) (1024K)]
  0x00000206e136df70 JavaThread "Worker-4"                          [_thread_blocked, id=5784, stack(0x000000bb37000000,0x000000bb37100000) (1024K)]
  0x00000206e136f320 JavaThread "LocalFile Deleter"          daemon [_thread_blocked, id=4496, stack(0x000000bb37100000,0x000000bb37200000) (1024K)]
  0x00000206e136f9b0 JavaThread "LocalFile Deleter"          daemon [_thread_blocked, id=8424, stack(0x000000bb37200000,0x000000bb37300000) (1024K)]
  0x00000206e136ec90 JavaThread "LocalFile Deleter"          daemon [_thread_blocked, id=11060, stack(0x000000bb37300000,0x000000bb37400000) (1024K)]
  0x00000206e1370d60 JavaThread "LocalFile Deleter"          daemon [_thread_blocked, id=12628, stack(0x000000bb37400000,0x000000bb37500000) (1024K)]
  0x00000206e13706d0 JavaThread "LocalFile Deleter"          daemon [_thread_blocked, id=17296, stack(0x000000bb37500000,0x000000bb37600000) (1024K)]
  0x00000206e00535c0 JavaThread "LocalFile Deleter"          daemon [_thread_blocked, id=18416, stack(0x000000bb37600000,0x000000bb37700000) (1024K)]
  0x00000206e00542e0 JavaThread "LocalFile Deleter"          daemon [_thread_blocked, id=21028, stack(0x000000bb37700000,0x000000bb37800000) (1024K)]
  0x00000206e00514f0 JavaThread "LocalFile Deleter"          daemon [_thread_blocked, id=16972, stack(0x000000bb37800000,0x000000bb37900000) (1024K)]
  0x00000206e0050e60 JavaThread "LocalFile Deleter"          daemon [_thread_blocked, id=12420, stack(0x000000bb37900000,0x000000bb37a00000) (1024K)]
  0x00000206e0052f30 JavaThread "Compiler Source File Reader" daemon [_thread_blocked, id=20052, stack(0x000000bb37a00000,0x000000bb37b00000) (1024K)]
  0x00000206e00528a0 JavaThread "Compiler Source File Reader" daemon [_thread_blocked, id=24060, stack(0x000000bb37b00000,0x000000bb37c00000) (1024K)]
  0x00000206e0053c50 JavaThread "Compiler Source File Reader" daemon [_thread_blocked, id=16304, stack(0x000000bb37c00000,0x000000bb37d00000) (1024K)]
  0x00000206e0051b80 JavaThread "Compiler Source File Reader" daemon [_thread_blocked, id=2976, stack(0x000000bb37d00000,0x000000bb37e00000) (1024K)]
  0x00000206e0052210 JavaThread "Compiler Source File Reader" daemon [_thread_blocked, id=11400, stack(0x000000bb37e00000,0x000000bb37f00000) (1024K)]
  0x00000206eb07db60 JavaThread "Compiler Source File Reader" daemon [_thread_blocked, id=6312, stack(0x000000bb37f00000,0x000000bb38000000) (1024K)]
  0x00000206eb07d4d0 JavaThread "Compiler Source File Reader" daemon [_thread_blocked, id=15376, stack(0x000000bb38000000,0x000000bb38100000) (1024K)]
  0x00000206eb07e1f0 JavaThread "Compiler Processing Task"   daemon [_thread_blocked, id=8260, stack(0x000000bb38100000,0x000000bb38200000) (1024K)]
  0x00000206eb07b400 JavaThread "Compiler Class File Writer" daemon [_thread_blocked, id=16012, stack(0x000000bb38200000,0x000000bb38300000) (1024K)]
  0x00000206eb07ce40 JavaThread "Compiler Class File Writer" daemon [_thread_blocked, id=3804, stack(0x000000bb38300000,0x000000bb38400000) (1024K)]
  0x00000206eb07e880 JavaThread "Compiler Class File Writer" daemon [_thread_blocked, id=3904, stack(0x000000bb38400000,0x000000bb38500000) (1024K)]
  0x00000206eb07ef10 JavaThread "Compiler Class File Writer" daemon [_thread_blocked, id=9168, stack(0x000000bb38500000,0x000000bb38600000) (1024K)]
  0x00000206eb07f5a0 JavaThread "Compiler Class File Writer" daemon [_thread_blocked, id=21980, stack(0x000000bb38600000,0x000000bb38700000) (1024K)]
  0x00000206eb07c120 JavaThread "Compiler Class File Writer" daemon [_thread_blocked, id=24012, stack(0x000000bb38700000,0x000000bb38800000) (1024K)]
  0x00000206eb07fc30 JavaThread "Compiler Class File Writer" daemon [_thread_blocked, id=13972, stack(0x000000bb38800000,0x000000bb38900000) (1024K)]
  0x00000206eb07c7b0 JavaThread "Compiler Source File Reader" daemon [_thread_blocked, id=5964, stack(0x000000bb38900000,0x000000bb38a00000) (1024K)]
  0x00000206eb082a20 JavaThread "Compiler Class File Writer" daemon [_thread_blocked, id=17012, stack(0x000000bb38a00000,0x000000bb38b00000) (1024K)]
  0x00000206eb080fe0 JavaThread "ParallelDescriptorResolver-0-0" daemon [_thread_blocked, id=16620, stack(0x000000bb35600000,0x000000bb35700000) (1024K)]
  0x00000206eb080950 JavaThread "ParallelDescriptorResolver-0-1" daemon [_thread_blocked, id=2268, stack(0x000000bb38b00000,0x000000bb38c00000) (1024K)]
  0x00000206eb081670 JavaThread "ParallelDescriptorResolver-0-2" daemon [_thread_blocked, id=492, stack(0x000000bb38c00000,0x000000bb38d00000) (1024K)]
  0x00000206eb081d00 JavaThread "ParallelDescriptorResolver-0-3" daemon [_thread_blocked, id=5140, stack(0x000000bb38d00000,0x000000bb38e00000) (1024K)]
  0x00000206eb082390 JavaThread "ParallelDescriptorResolver-0-4" daemon [_thread_blocked, id=9644, stack(0x000000bb38e00000,0x000000bb38f00000) (1024K)]
Total: 74

Other Threads:
  0x00000206fd260bf0 VMThread "VM Thread"                           [id=16044, stack(0x000000bb33a00000,0x000000bb33b00000) (1024K)]
  0x000002069620ca00 WatcherThread "VM Periodic Task Thread"        [id=21640, stack(0x000000bb33900000,0x000000bb33a00000) (1024K)]
  0x00000206fd1dc6e0 WorkerThread "GC Thread#0"                     [id=2524, stack(0x000000bb33800000,0x000000bb33900000) (1024K)]
  0x00000206d9dcd490 WorkerThread "GC Thread#1"                     [id=9264, stack(0x000000bb34700000,0x000000bb34800000) (1024K)]
  0x00000206d9ccd9d0 WorkerThread "GC Thread#2"                     [id=3636, stack(0x000000bb34800000,0x000000bb34900000) (1024K)]
  0x00000206d9ccdd70 WorkerThread "GC Thread#3"                     [id=5204, stack(0x000000bb34900000,0x000000bb34a00000) (1024K)]
  0x00000206d9dd1a90 WorkerThread "GC Thread#4"                     [id=2312, stack(0x000000bb34a00000,0x000000bb34b00000) (1024K)]
  0x00000206d9dd2640 WorkerThread "GC Thread#5"                     [id=1588, stack(0x000000bb34b00000,0x000000bb34c00000) (1024K)]
  0x00000206d9cd2390 WorkerThread "GC Thread#6"                     [id=7100, stack(0x000000bb34c00000,0x000000bb34d00000) (1024K)]
  0x00000206d9d87710 WorkerThread "GC Thread#7"                     [id=10864, stack(0x000000bb34e00000,0x000000bb34f00000) (1024K)]
  0x00000206de47bde0 WorkerThread "GC Thread#8"                     [id=24400, stack(0x000000bb35200000,0x000000bb35300000) (1024K)]
  0x00000206de772c30 WorkerThread "GC Thread#9"                     [id=14960, stack(0x000000bb35300000,0x000000bb35400000) (1024K)]
Total: 12

Threads with active compile tasks:
C2 CompilerThread0  8673 10394       4       java.util.concurrent.ConcurrentHashMap::putAll (63 bytes)
C1 CompilerThread0  8673 10419       2       org.apache.maven.model.IssueManagement::getLocation (147 bytes)
C2 CompilerThread1  8673 10302   !   4       org.codehaus.plexus.interpolation.StringSearchInterpolator::interpolate (668 bytes)
C2 CompilerThread2  8673 9908   !   4       org.eclipse.osgi.internal.loader.classpath.ClasspathManager::defineClass (636 bytes)
Total: 4

VM state: at safepoint (normal execution)

VM Mutex/Monitor currently owned by a thread:  ([mutex/lock_event])
[0x00007ffe943b5458] Threads_lock - owner thread: 0x00000206fd260bf0
[0x00007ffe943b5558] Heap_lock - owner thread: 0x00000206eb082390

Heap address: 0x0000000080000000, size: 2048 MB, Compressed Oops mode: 32-bit

CDS archive(s) mapped at: [0x0000020697000000-0x0000020697ba0000-0x0000020697ba0000), size 12189696, SharedBaseAddress: 0x0000020697000000, ArchiveRelocationMode: 1.
Compressed class space mapped at: 0x0000020698000000-0x00000206d8000000, reserved size: 1073741824
Narrow klass base: 0x0000020697000000, Narrow klass shift: 0, Narrow klass range: 0x100000000

GC Precious Log:
 CardTable entry size: 512
 CPUs: 12 total, 12 available
 Memory: 7518M
 Large Page Support: Disabled
 NUMA Support: Disabled
 Compressed Oops: Enabled (32-bit)
 Alignments: Space 512K, Generation 512K, Heap 2M
 Heap Min Capacity: 100M
 Heap Initial Capacity: 100M
 Heap Max Capacity: 2G
 Pre-touch: Disabled
 Parallel Workers: 10

Heap:
 PSYoungGen      total 6144K, used 5919K [0x00000000d5580000, 0x00000000d5d00000, 0x0000000100000000)
  eden space 4608K, 100% used [0x00000000d5580000,0x00000000d5a00000,0x00000000d5a00000)
  from space 1536K, 85% used [0x00000000d5a00000,0x00000000d5b47c60,0x00000000d5b80000)
  to   space 1536K, 95% used [0x00000000d5b80000,0x00000000d5ceec20,0x00000000d5d00000)
 ParOldGen       total 303104K, used 302772K [0x0000000080000000, 0x0000000092800000, 0x00000000d5580000)
  object space 303104K, 99% used [0x0000000080000000,0x00000000927ad2c0,0x0000000092800000)
 Metaspace       used 59726K, committed 61056K, reserved 1114112K
  class space    used 6339K, committed 6912K, reserved 1048576K

Card table byte_map: [0x00000206fcb60000,0x00000206fcf70000] _byte_map_base: 0x00000206fc760000

Marking Bits: (ParMarkBitMap*) 0x00007ffe943ba340
 Begin Bits: [0x0000020692130000, 0x0000020694130000)
 End Bits:   [0x0000020694130000, 0x0000020696130000)

Polling page: 0x00000206faf70000

Metaspace:

Usage:
  Non-class:     52.14 MB used.
      Class:      6.19 MB used.
       Both:     58.33 MB used.

Virtual space:
  Non-class space:       64.00 MB reserved,      52.88 MB ( 83%) committed,  1 nodes.
      Class space:        1.00 GB reserved,       6.75 MB ( <1%) committed,  1 nodes.
             Both:        1.06 GB reserved,      59.62 MB (  5%) committed. 

Chunk freelists:
   Non-Class:  10.25 MB
       Class:  9.20 MB
        Both:  19.45 MB

MaxMetaspaceSize: unlimited
CompressedClassSpaceSize: 1.00 GB
Initial GC threshold: 21.00 MB
Current GC threshold: 97.31 MB
CDS: on
 - commit_granule_bytes: 65536.
 - commit_granule_words: 8192.
 - virtual_space_node_default_size: 8388608.
 - enlarge_chunks_in_place: 1.
 - use_allocation_guard: 0.


Internal statistics:

num_allocs_failed_limit: 9.
num_arena_births: 1138.
num_arena_deaths: 14.
num_vsnodes_births: 2.
num_vsnodes_deaths: 0.
num_space_committed: 954.
num_space_uncommitted: 0.
num_chunks_returned_to_freelist: 23.
num_chunks_taken_from_freelist: 3893.
num_chunk_merges: 10.
num_chunk_splits: 2425.
num_chunks_enlarged: 1385.
num_inconsistent_stats: 0.

CodeHeap 'non-profiled nmethods': size=120000Kb used=5743Kb max_used=5743Kb free=114256Kb
 bounds [0x000002068ac00000, 0x000002068b1a0000, 0x0000020692130000]
CodeHeap 'profiled nmethods': size=120000Kb used=19947Kb max_used=19947Kb free=100052Kb
 bounds [0x0000020683130000, 0x00000206844b0000, 0x000002068a660000]
CodeHeap 'non-nmethods': size=5760Kb used=1414Kb max_used=1514Kb free=4346Kb
 bounds [0x000002068a660000, 0x000002068a8d0000, 0x000002068ac00000]
CodeCache: size=245760Kb, used=27104Kb, max_used=27204Kb, free=218654Kb
 total_blobs=10321, nmethods=9596, adapters=628, full_count=0
Compilation: enabled, stopped_count=0, restarted_count=0

Compilation events (20 events):
Event: 8.626 Thread 0x00000206fd27d510 nmethod 10408 0x00000206844a6890 code [0x00000206844a6a20, 0x00000206844a6b10]
Event: 8.626 Thread 0x00000206fd27d510 10409       3       java.util.ArrayList::equals (62 bytes)
Event: 8.626 Thread 0x00000206fd27d510 nmethod 10409 0x00000206844a6b90 code [0x00000206844a6da0, 0x00000206844a7588]
Event: 8.626 Thread 0x00000206fd27d510 10410   !   2       java.util.AbstractSet::equals (45 bytes)
Event: 8.626 Thread 0x00000206fd27d510 nmethod 10410 0x00000206844a7790 code [0x00000206844a7980, 0x00000206844a7cd0]
Event: 8.626 Thread 0x00000206fd27d510 10412       2       org.apache.maven.model.ReportPlugin::<init> (16 bytes)
Event: 8.627 Thread 0x00000206fd27d510 nmethod 10412 0x00000206844a7e10 code [0x00000206844a7fa0, 0x00000206844a80e0]
Event: 8.627 Thread 0x00000206fd27d510 10413       2       org.eclipse.aether.util.graph.selector.ExclusionDependencySelector::selectDependency (57 bytes)
Event: 8.627 Thread 0x00000206fd27d510 nmethod 10413 0x00000206844a8190 code [0x00000206844a8360, 0x00000206844a8658]
Event: 8.627 Thread 0x00000206fd27d510 10414       2       org.eclipse.aether.internal.impl.collect.bf.DependencyResolutionSkipper$DefaultDependencyResolutionSkipper$$Lambda/0x00000206986ca5a8::test (12 bytes)
Event: 8.627 Thread 0x00000206fd27d510 nmethod 10414 0x00000206844a8810 code [0x00000206844a89c0, 0x00000206844a8b40]
Event: 8.627 Thread 0x00000206fd27d510 10415       2       org.eclipse.aether.internal.impl.collect.bf.DependencyResolutionSkipper$DefaultDependencyResolutionSkipper::lambda$cache$0 (38 bytes)
Event: 8.627 Thread 0x00000206fd27d510 nmethod 10415 0x00000206844a8c10 code [0x00000206844a8dc0, 0x00000206844a8fa8]
Event: 8.629 Thread 0x00000206fd27d510 10416       2       org.apache.maven.model.io.xpp3.MavenXpp3Reader::parseDependencyManagement (206 bytes)
Event: 8.630 Thread 0x00000206fd27d510 nmethod 10416 0x00000206844a9090 code [0x00000206844a9340, 0x00000206844a9d58]
Event: 8.630 Thread 0x00000206fd27d510 10417       2       org.apache.maven.model.PluginManagement::<init> (5 bytes)
Event: 8.630 Thread 0x00000206fd27d510 nmethod 10417 0x00000206844aa310 code [0x00000206844aa4a0, 0x00000206844aa5a8]
Event: 8.631 Thread 0x00000206fd27d510 10420       2       org.apache.maven.model.InputLocation::merge (121 bytes)
Event: 8.632 Thread 0x00000206fd27d510 nmethod 10420 0x00000206844aa690 code [0x00000206844aa860, 0x00000206844aabc8]
Event: 8.632 Thread 0x00000206fd27d510 10419       2       org.apache.maven.model.IssueManagement::getLocation (147 bytes)

GC Heap History (20 events):
Event: 8.565 GC heap after
{Heap after GC invocations=348 (full 3):
 PSYoungGen      total 6656K, used 1412K [0x00000000d5580000, 0x00000000d5d80000, 0x0000000100000000)
  eden space 5120K, 0% used [0x00000000d5580000,0x00000000d5580000,0x00000000d5a80000)
  from space 1536K, 91% used [0x00000000d5b00000,0x00000000d5c61160,0x00000000d5c80000)
  to   space 1024K, 0% used [0x00000000d5c80000,0x00000000d5c80000,0x00000000d5d80000)
 ParOldGen       total 294400K, used 294094K [0x0000000080000000, 0x0000000091f80000, 0x00000000d5580000)
  object space 294400K, 99% used [0x0000000080000000,0x0000000091f33878,0x0000000091f80000)
 Metaspace       used 59602K, committed 60928K, reserved 1114112K
  class space    used 6339K, committed 6912K, reserved 1048576K
}
Event: 8.571 GC heap before
{Heap before GC invocations=349 (full 3):
 PSYoungGen      total 6656K, used 6532K [0x00000000d5580000, 0x00000000d5d80000, 0x0000000100000000)
  eden space 5120K, 100% used [0x00000000d5580000,0x00000000d5a80000,0x00000000d5a80000)
  from space 1536K, 91% used [0x00000000d5b00000,0x00000000d5c61160,0x00000000d5c80000)
  to   space 1024K, 0% used [0x00000000d5c80000,0x00000000d5c80000,0x00000000d5d80000)
 ParOldGen       total 294400K, used 294094K [0x0000000080000000, 0x0000000091f80000, 0x00000000d5580000)
  object space 294400K, 99% used [0x0000000080000000,0x0000000091f33878,0x0000000091f80000)
 Metaspace       used 59606K, committed 60928K, reserved 1114112K
  class space    used 6339K, committed 6912K, reserved 1048576K
}
Event: 8.573 GC heap after
{Heap after GC invocations=349 (full 3):
 PSYoungGen      total 5632K, used 996K [0x00000000d5580000, 0x00000000d5f80000, 0x0000000100000000)
  eden space 4608K, 0% used [0x00000000d5580000,0x00000000d5580000,0x00000000d5a00000)
  from space 1024K, 97% used [0x00000000d5c80000,0x00000000d5d79378,0x00000000d5d80000)
  to   space 2560K, 0% used [0x00000000d5a00000,0x00000000d5a00000,0x00000000d5c80000)
 ParOldGen       total 295424K, used 295253K [0x0000000080000000, 0x0000000092080000, 0x00000000d5580000)
  object space 295424K, 99% used [0x0000000080000000,0x0000000092055458,0x0000000092080000)
 Metaspace       used 59606K, committed 60928K, reserved 1114112K
  class space    used 6339K, committed 6912K, reserved 1048576K
}
Event: 8.581 GC heap before
{Heap before GC invocations=350 (full 3):
 PSYoungGen      total 5632K, used 5562K [0x00000000d5580000, 0x00000000d5f80000, 0x0000000100000000)
  eden space 4608K, 99% used [0x00000000d5580000,0x00000000d59f5538,0x00000000d5a00000)
  from space 1024K, 97% used [0x00000000d5c80000,0x00000000d5d79378,0x00000000d5d80000)
  to   space 2560K, 0% used [0x00000000d5a00000,0x00000000d5a00000,0x00000000d5c80000)
 ParOldGen       total 295424K, used 295253K [0x0000000080000000, 0x0000000092080000, 0x00000000d5580000)
  object space 295424K, 99% used [0x0000000080000000,0x0000000092055458,0x0000000092080000)
 Metaspace       used 59618K, committed 60928K, reserved 1114112K
  class space    used 6339K, committed 6912K, reserved 1048576K
}
Event: 8.582 GC heap after
{Heap after GC invocations=350 (full 3):
 PSYoungGen      total 6144K, used 1271K [0x00000000d5580000, 0x00000000d5e00000, 0x0000000100000000)
  eden space 4608K, 0% used [0x00000000d5580000,0x00000000d5580000,0x00000000d5a00000)
  from space 1536K, 82% used [0x00000000d5a00000,0x00000000d5b3def0,0x00000000d5b80000)
  to   space 2048K, 0% used [0x00000000d5c00000,0x00000000d5c00000,0x00000000d5e00000)
 ParOldGen       total 296448K, used 296072K [0x0000000080000000, 0x0000000092180000, 0x00000000d5580000)
  object space 296448K, 99% used [0x0000000080000000,0x0000000092122250,0x0000000092180000)
 Metaspace       used 59618K, committed 60928K, reserved 1114112K
  class space    used 6339K, committed 6912K, reserved 1048576K
}
Event: 8.587 GC heap before
{Heap before GC invocations=351 (full 3):
 PSYoungGen      total 6144K, used 5879K [0x00000000d5580000, 0x00000000d5e00000, 0x0000000100000000)
  eden space 4608K, 100% used [0x00000000d5580000,0x00000000d5a00000,0x00000000d5a00000)
  from space 1536K, 82% used [0x00000000d5a00000,0x00000000d5b3def0,0x00000000d5b80000)
  to   space 2048K, 0% used [0x00000000d5c00000,0x00000000d5c00000,0x00000000d5e00000)
 ParOldGen       total 296448K, used 296072K [0x0000000080000000, 0x0000000092180000, 0x00000000d5580000)
  object space 296448K, 99% used [0x0000000080000000,0x0000000092122250,0x0000000092180000)
 Metaspace       used 59633K, committed 60928K, reserved 1114112K
  class space    used 6339K, committed 6912K, reserved 1048576K
}
Event: 8.588 GC heap after
{Heap after GC invocations=351 (full 3):
 PSYoungGen      total 6144K, used 1361K [0x00000000d5580000, 0x00000000d5d80000, 0x0000000100000000)
  eden space 4608K, 0% used [0x00000000d5580000,0x00000000d5580000,0x00000000d5a00000)
  from space 1536K, 88% used [0x00000000d5c00000,0x00000000d5d546f8,0x00000000d5d80000)
  to   space 1536K, 0% used [0x00000000d5a00000,0x00000000d5a00000,0x00000000d5b80000)
 ParOldGen       total 297472K, used 297065K [0x0000000080000000, 0x0000000092280000, 0x00000000d5580000)
  object space 297472K, 99% used [0x0000000080000000,0x000000009221a5a0,0x0000000092280000)
 Metaspace       used 59633K, committed 60928K, reserved 1114112K
  class space    used 6339K, committed 6912K, reserved 1048576K
}
Event: 8.598 GC heap before
{Heap before GC invocations=352 (full 3):
 PSYoungGen      total 6144K, used 5969K [0x00000000d5580000, 0x00000000d5d80000, 0x0000000100000000)
  eden space 4608K, 100% used [0x00000000d5580000,0x00000000d5a00000,0x00000000d5a00000)
  from space 1536K, 88% used [0x00000000d5c00000,0x00000000d5d546f8,0x00000000d5d80000)
  to   space 1536K, 0% used [0x00000000d5a00000,0x00000000d5a00000,0x00000000d5b80000)
 ParOldGen       total 297472K, used 297065K [0x0000000080000000, 0x0000000092280000, 0x00000000d5580000)
  object space 297472K, 99% used [0x0000000080000000,0x000000009221a5a0,0x0000000092280000)
 Metaspace       used 59655K, committed 60992K, reserved 1114112K
  class space    used 6339K, committed 6912K, reserved 1048576K
}
Event: 8.599 GC heap after
{Heap after GC invocations=352 (full 3):
 PSYoungGen      total 6144K, used 1080K [0x00000000d5580000, 0x00000000d5d00000, 0x0000000100000000)
  eden space 4608K, 0% used [0x00000000d5580000,0x00000000d5580000,0x00000000d5a00000)
  from space 1536K, 70% used [0x00000000d5a00000,0x00000000d5b0e198,0x00000000d5b80000)
  to   space 1536K, 0% used [0x00000000d5b80000,0x00000000d5b80000,0x00000000d5d00000)
 ParOldGen       total 298496K, used 298098K [0x0000000080000000, 0x0000000092380000, 0x00000000d5580000)
  object space 298496K, 99% used [0x0000000080000000,0x000000009231c850,0x0000000092380000)
 Metaspace       used 59655K, committed 60992K, reserved 1114112K
  class space    used 6339K, committed 6912K, reserved 1048576K
}
Event: 8.603 GC heap before
{Heap before GC invocations=353 (full 3):
 PSYoungGen      total 6144K, used 5614K [0x00000000d5580000, 0x00000000d5d00000, 0x0000000100000000)
  eden space 4608K, 98% used [0x00000000d5580000,0x00000000d59ed9a8,0x00000000d5a00000)
  from space 1536K, 70% used [0x00000000d5a00000,0x00000000d5b0e198,0x00000000d5b80000)
  to   space 1536K, 0% used [0x00000000d5b80000,0x00000000d5b80000,0x00000000d5d00000)
 ParOldGen       total 298496K, used 298098K [0x0000000080000000, 0x0000000092380000, 0x00000000d5580000)
  object space 298496K, 99% used [0x0000000080000000,0x000000009231c850,0x0000000092380000)
 Metaspace       used 59666K, committed 61056K, reserved 1114112K
  class space    used 6339K, committed 6912K, reserved 1048576K
}
Event: 8.604 GC heap after
{Heap after GC invocations=353 (full 3):
 PSYoungGen      total 6144K, used 1355K [0x00000000d5580000, 0x00000000d5d00000, 0x0000000100000000)
  eden space 4608K, 0% used [0x00000000d5580000,0x00000000d5580000,0x00000000d5a00000)
  from space 1536K, 88% used [0x00000000d5b80000,0x00000000d5cd2ea8,0x00000000d5d00000)
  to   space 1536K, 0% used [0x00000000d5a00000,0x00000000d5a00000,0x00000000d5b80000)
 ParOldGen       total 299008K, used 298669K [0x0000000080000000, 0x0000000092400000, 0x00000000d5580000)
  object space 299008K, 99% used [0x0000000080000000,0x00000000923ab7e8,0x0000000092400000)
 Metaspace       used 59666K, committed 61056K, reserved 1114112K
  class space    used 6339K, committed 6912K, reserved 1048576K
}
Event: 8.609 GC heap before
{Heap before GC invocations=354 (full 3):
 PSYoungGen      total 6144K, used 5963K [0x00000000d5580000, 0x00000000d5d00000, 0x0000000100000000)
  eden space 4608K, 100% used [0x00000000d5580000,0x00000000d5a00000,0x00000000d5a00000)
  from space 1536K, 88% used [0x00000000d5b80000,0x00000000d5cd2ea8,0x00000000d5d00000)
  to   space 1536K, 0% used [0x00000000d5a00000,0x00000000d5a00000,0x00000000d5b80000)
 ParOldGen       total 299008K, used 298669K [0x0000000080000000, 0x0000000092400000, 0x00000000d5580000)
  object space 299008K, 99% used [0x0000000080000000,0x00000000923ab7e8,0x0000000092400000)
 Metaspace       used 59679K, committed 61056K, reserved 1114112K
  class space    used 6339K, committed 6912K, reserved 1048576K
}
Event: 8.611 GC heap after
{Heap after GC invocations=354 (full 3):
 PSYoungGen      total 6144K, used 1346K [0x00000000d5580000, 0x00000000d5d00000, 0x0000000100000000)
  eden space 4608K, 0% used [0x00000000d5580000,0x00000000d5580000,0x00000000d5a00000)
  from space 1536K, 87% used [0x00000000d5a00000,0x00000000d5b50b78,0x00000000d5b80000)
  to   space 1536K, 0% used [0x00000000d5b80000,0x00000000d5b80000,0x00000000d5d00000)
 ParOldGen       total 300032K, used 299876K [0x0000000080000000, 0x0000000092500000, 0x00000000d5580000)
  object space 300032K, 99% used [0x0000000080000000,0x00000000924d92a0,0x0000000092500000)
 Metaspace       used 59679K, committed 61056K, reserved 1114112K
  class space    used 6339K, committed 6912K, reserved 1048576K
}
Event: 8.617 GC heap before
{Heap before GC invocations=355 (full 3):
 PSYoungGen      total 6144K, used 5934K [0x00000000d5580000, 0x00000000d5d00000, 0x0000000100000000)
  eden space 4608K, 99% used [0x00000000d5580000,0x00000000d59faf58,0x00000000d5a00000)
  from space 1536K, 87% used [0x00000000d5a00000,0x00000000d5b50b78,0x00000000d5b80000)
  to   space 1536K, 0% used [0x00000000d5b80000,0x00000000d5b80000,0x00000000d5d00000)
 ParOldGen       total 300032K, used 299876K [0x0000000080000000, 0x0000000092500000, 0x00000000d5580000)
  object space 300032K, 99% used [0x0000000080000000,0x00000000924d92a0,0x0000000092500000)
 Metaspace       used 59691K, committed 61056K, reserved 1114112K
  class space    used 6339K, committed 6912K, reserved 1048576K
}
Event: 8.619 GC heap after
{Heap after GC invocations=355 (full 3):
 PSYoungGen      total 6144K, used 1246K [0x00000000d5580000, 0x00000000d5d00000, 0x0000000100000000)
  eden space 4608K, 0% used [0x00000000d5580000,0x00000000d5580000,0x00000000d5a00000)
  from space 1536K, 81% used [0x00000000d5b80000,0x00000000d5cb7840,0x00000000d5d00000)
  to   space 1536K, 0% used [0x00000000d5a00000,0x00000000d5a00000,0x00000000d5b80000)
 ParOldGen       total 301056K, used 300952K [0x0000000080000000, 0x0000000092600000, 0x00000000d5580000)
  object space 301056K, 99% used [0x0000000080000000,0x00000000925e6040,0x0000000092600000)
 Metaspace       used 59691K, committed 61056K, reserved 1114112K
  class space    used 6339K, committed 6912K, reserved 1048576K
}
Event: 8.623 GC heap before
{Heap before GC invocations=356 (full 3):
 PSYoungGen      total 6144K, used 5854K [0x00000000d5580000, 0x00000000d5d00000, 0x0000000100000000)
  eden space 4608K, 100% used [0x00000000d5580000,0x00000000d5a00000,0x00000000d5a00000)
  from space 1536K, 81% used [0x00000000d5b80000,0x00000000d5cb7840,0x00000000d5d00000)
  to   space 1536K, 0% used [0x00000000d5a00000,0x00000000d5a00000,0x00000000d5b80000)
 ParOldGen       total 301056K, used 300952K [0x0000000080000000, 0x0000000092600000, 0x00000000d5580000)
  object space 301056K, 99% used [0x0000000080000000,0x00000000925e6040,0x0000000092600000)
 Metaspace       used 59699K, committed 61056K, reserved 1114112K
  class space    used 6339K, committed 6912K, reserved 1048576K
}
Event: 8.625 GC heap after
{Heap after GC invocations=356 (full 3):
 PSYoungGen      total 6144K, used 1311K [0x00000000d5580000, 0x00000000d5d00000, 0x0000000100000000)
  eden space 4608K, 0% used [0x00000000d5580000,0x00000000d5580000,0x00000000d5a00000)
  from space 1536K, 85% used [0x00000000d5a00000,0x00000000d5b47c60,0x00000000d5b80000)
  to   space 1536K, 0% used [0x00000000d5b80000,0x00000000d5b80000,0x00000000d5d00000)
 ParOldGen       total 302080K, used 301834K [0x0000000080000000, 0x0000000092700000, 0x00000000d5580000)
  object space 302080K, 99% used [0x0000000080000000,0x00000000926c2b30,0x0000000092700000)
 Metaspace       used 59699K, committed 61056K, reserved 1114112K
  class space    used 6339K, committed 6912K, reserved 1048576K
}
Event: 8.632 GC heap before
{Heap before GC invocations=357 (full 3):
 PSYoungGen      total 6144K, used 5919K [0x00000000d5580000, 0x00000000d5d00000, 0x0000000100000000)
  eden space 4608K, 100% used [0x00000000d5580000,0x00000000d5a00000,0x00000000d5a00000)
  from space 1536K, 85% used [0x00000000d5a00000,0x00000000d5b47c60,0x00000000d5b80000)
  to   space 1536K, 0% used [0x00000000d5b80000,0x00000000d5b80000,0x00000000d5d00000)
 ParOldGen       total 302080K, used 301834K [0x0000000080000000, 0x0000000092700000, 0x00000000d5580000)
  object space 302080K, 99% used [0x0000000080000000,0x00000000926c2b30,0x0000000092700000)
 Metaspace       used 59726K, committed 61056K, reserved 1114112K
  class space    used 6339K, committed 6912K, reserved 1048576K
}
Event: 8.634 GC heap after
{Heap after GC invocations=357 (full 3):
 PSYoungGen      total 6144K, used 5919K [0x00000000d5580000, 0x00000000d5d00000, 0x0000000100000000)
  eden space 4608K, 100% used [0x00000000d5580000,0x00000000d5a00000,0x00000000d5a00000)
  from space 1536K, 85% used [0x00000000d5a00000,0x00000000d5b47c60,0x00000000d5b80000)
  to   space 1536K, 95% used [0x00000000d5b80000,0x00000000d5ceec20,0x00000000d5d00000)
 ParOldGen       total 303104K, used 302772K [0x0000000080000000, 0x0000000092800000, 0x00000000d5580000)
  object space 303104K, 99% used [0x0000000080000000,0x00000000927ad2c0,0x0000000092800000)
 Metaspace       used 59726K, committed 61056K, reserved 1114112K
  class space    used 6339K, committed 6912K, reserved 1048576K
}
Event: 8.634 GC heap before
{Heap before GC invocations=358 (full 4):
 PSYoungGen      total 6144K, used 5919K [0x00000000d5580000, 0x00000000d5d00000, 0x0000000100000000)
  eden space 4608K, 100% used [0x00000000d5580000,0x00000000d5a00000,0x00000000d5a00000)
  from space 1536K, 85% used [0x00000000d5a00000,0x00000000d5b47c60,0x00000000d5b80000)
  to   space 1536K, 95% used [0x00000000d5b80000,0x00000000d5ceec20,0x00000000d5d00000)
 ParOldGen       total 303104K, used 302772K [0x0000000080000000, 0x0000000092800000, 0x00000000d5580000)
  object space 303104K, 99% used [0x0000000080000000,0x00000000927ad2c0,0x0000000092800000)
 Metaspace       used 59726K, committed 61056K, reserved 1114112K
  class space    used 6339K, committed 6912K, reserved 1048576K
}

Dll operation events (10 events):
Event: 0.010 Loaded shared library c:\Users\rosha\.vscode\extensions\redhat.java-1.45.0-win32-x64\jre\21.0.8-win32-x86_64\bin\java.dll
Event: 0.061 Loaded shared library c:\Users\rosha\.vscode\extensions\redhat.java-1.45.0-win32-x64\jre\21.0.8-win32-x86_64\bin\zip.dll
Event: 0.077 Loaded shared library C:\Users\rosha\.vscode\extensions\redhat.java-1.45.0-win32-x64\jre\21.0.8-win32-x86_64\bin\instrument.dll
Event: 0.081 Loaded shared library C:\Users\rosha\.vscode\extensions\redhat.java-1.45.0-win32-x64\jre\21.0.8-win32-x86_64\bin\net.dll
Event: 0.082 Loaded shared library C:\Users\rosha\.vscode\extensions\redhat.java-1.45.0-win32-x64\jre\21.0.8-win32-x86_64\bin\nio.dll
Event: 0.085 Loaded shared library C:\Users\rosha\.vscode\extensions\redhat.java-1.45.0-win32-x64\jre\21.0.8-win32-x86_64\bin\zip.dll
Event: 0.101 Loaded shared library C:\Users\rosha\.vscode\extensions\redhat.java-1.45.0-win32-x64\jre\21.0.8-win32-x86_64\bin\jimage.dll
Event: 0.160 Loaded shared library c:\Users\rosha\.vscode\extensions\redhat.java-1.45.0-win32-x64\jre\21.0.8-win32-x86_64\bin\verify.dll
Event: 1.001 Loaded shared library C:\Users\rosha\AppData\Roaming\Code\User\globalStorage\redhat.java\1.45.0\config_win\org.eclipse.equinox.launcher\org.eclipse.equinox.launcher.win32.win32.x86_64_1.2.1400.v20250801-0854\eclipse_11916.dll
Event: 2.007 Loaded shared library C:\Users\rosha\AppData\Local\Temp\jna-108702031\jna13634950572438019150.dll

Deoptimization events (20 events):
Event: 8.515 Thread 0x00000206de1c1680 Uncommon trap: trap_request=0xffffffde fr.pc=0x000002068b0f9c04 relative=0x0000000000000844
Event: 8.515 Thread 0x00000206de1c1680 Uncommon trap: reason=class_check action=maybe_recompile pc=0x000002068b0f9c04 method=java.util.WeakHashMap.matchesKey(Ljava/util/WeakHashMap$Entry;Ljava/lang/Object;)Z @ 21 c2
Event: 8.515 Thread 0x00000206de1c1680 DEOPT PACKING pc=0x000002068b0f9c04 sp=0x000000bb35afda70
Event: 8.515 Thread 0x00000206de1c1680 DEOPT UNPACKING pc=0x000002068a6b3aa2 sp=0x000000bb35afd9b8 mode 2
Event: 8.602 Thread 0x00000206eb080950 Uncommon trap: trap_request=0xffffffc6 fr.pc=0x000002068ad04410 relative=0x00000000000009b0
Event: 8.602 Thread 0x00000206eb080950 Uncommon trap: reason=bimorphic_or_optimized_type_check action=maybe_recompile pc=0x000002068ad04410 method=java.nio.charset.CharsetDecoder.decode(Ljava/nio/ByteBuffer;Ljava/nio/CharBuffer;Z)Ljava/nio/charset/CoderResult; @ 57 c2
Event: 8.602 Thread 0x00000206eb080950 DEOPT PACKING pc=0x000002068ad04410 sp=0x000000bb38bfe5a0
Event: 8.602 Thread 0x00000206eb080950 DEOPT UNPACKING pc=0x000002068a6b3aa2 sp=0x000000bb38bfe538 mode 2
Event: 8.602 Thread 0x00000206eb080950 Uncommon trap: trap_request=0xffffffc6 fr.pc=0x000002068ad04410 relative=0x00000000000009b0
Event: 8.602 Thread 0x00000206eb080950 Uncommon trap: reason=bimorphic_or_optimized_type_check action=maybe_recompile pc=0x000002068ad04410 method=java.nio.charset.CharsetDecoder.decode(Ljava/nio/ByteBuffer;Ljava/nio/CharBuffer;Z)Ljava/nio/charset/CoderResult; @ 57 c2
Event: 8.602 Thread 0x00000206eb080950 DEOPT PACKING pc=0x000002068ad04410 sp=0x000000bb38bfe5a0
Event: 8.602 Thread 0x00000206eb080950 DEOPT UNPACKING pc=0x000002068a6b3aa2 sp=0x000000bb38bfe538 mode 2
Event: 8.603 Thread 0x00000206eb080950 Uncommon trap: trap_request=0xffffffc6 fr.pc=0x000002068ad04410 relative=0x00000000000009b0
Event: 8.603 Thread 0x00000206eb080950 Uncommon trap: reason=bimorphic_or_optimized_type_check action=maybe_recompile pc=0x000002068ad04410 method=java.nio.charset.CharsetDecoder.decode(Ljava/nio/ByteBuffer;Ljava/nio/CharBuffer;Z)Ljava/nio/charset/CoderResult; @ 57 c2
Event: 8.603 Thread 0x00000206eb080950 DEOPT PACKING pc=0x000002068ad04410 sp=0x000000bb38bfe640
Event: 8.603 Thread 0x00000206eb080950 DEOPT UNPACKING pc=0x000002068a6b3aa2 sp=0x000000bb38bfe5d8 mode 2
Event: 8.606 Thread 0x00000206eb080950 Uncommon trap: trap_request=0xffffffc6 fr.pc=0x000002068ad04410 relative=0x00000000000009b0
Event: 8.606 Thread 0x00000206eb080950 Uncommon trap: reason=bimorphic_or_optimized_type_check action=maybe_recompile pc=0x000002068ad04410 method=java.nio.charset.CharsetDecoder.decode(Ljava/nio/ByteBuffer;Ljava/nio/CharBuffer;Z)Ljava/nio/charset/CoderResult; @ 57 c2
Event: 8.606 Thread 0x00000206eb080950 DEOPT PACKING pc=0x000002068ad04410 sp=0x000000bb38bfe420
Event: 8.606 Thread 0x00000206eb080950 DEOPT UNPACKING pc=0x000002068a6b3aa2 sp=0x000000bb38bfe3b8 mode 2

Classes loaded (20 events):
Event: 6.004 Loading class java/util/Hashtable$ValueCollection
Event: 6.004 Loading class java/util/Hashtable$ValueCollection done
Event: 6.006 Loading class java/util/concurrent/ConcurrentHashMap$KeySpliterator
Event: 6.006 Loading class java/util/concurrent/ConcurrentHashMap$KeySpliterator done
Event: 6.013 Loading class sun/nio/ch/ChannelOutputStream
Event: 6.013 Loading class sun/nio/ch/ChannelOutputStream done
Event: 6.351 Loading class java/util/stream/ReferencePipeline$4
Event: 6.351 Loading class java/util/stream/ReferencePipeline$4 done
Event: 6.352 Loading class java/util/stream/Nodes$IntFixedNodeBuilder
Event: 6.352 Loading class java/util/stream/Node$Builder$OfInt
Event: 6.352 Loading class java/util/stream/Node$Builder$OfInt done
Event: 6.352 Loading class java/util/stream/Nodes$IntArrayNode
Event: 6.352 Loading class java/util/stream/Nodes$IntArrayNode done
Event: 6.352 Loading class java/util/stream/Nodes$IntFixedNodeBuilder done
Event: 6.352 Loading class java/util/stream/ReferencePipeline$4$1
Event: 6.352 Loading class java/util/stream/ReferencePipeline$4$1 done
Event: 6.791 Loading class jdk/internal/module/IllegalAccessLogger
Event: 6.792 Loading class jdk/internal/module/IllegalAccessLogger done
Event: 8.602 Loading class sun/nio/cs/ISO_8859_1$Decoder
Event: 8.602 Loading class sun/nio/cs/ISO_8859_1$Decoder done

Classes unloaded (7 events):
Event: 2.431 Thread 0x00000206fd260bf0 Unloading class 0x00000206981a5000 'java/lang/invoke/LambdaForm$MH+0x00000206981a5000'
Event: 2.431 Thread 0x00000206fd260bf0 Unloading class 0x00000206981a4c00 'java/lang/invoke/LambdaForm$MH+0x00000206981a4c00'
Event: 2.431 Thread 0x00000206fd260bf0 Unloading class 0x00000206981a4800 'java/lang/invoke/LambdaForm$MH+0x00000206981a4800'
Event: 2.431 Thread 0x00000206fd260bf0 Unloading class 0x00000206981a4400 'java/lang/invoke/LambdaForm$MH+0x00000206981a4400'
Event: 2.431 Thread 0x00000206fd260bf0 Unloading class 0x00000206981a4000 'java/lang/invoke/LambdaForm$BMH+0x00000206981a4000'
Event: 2.431 Thread 0x00000206fd260bf0 Unloading class 0x00000206981a3c00 'java/lang/invoke/LambdaForm$DMH+0x00000206981a3c00'
Event: 2.431 Thread 0x00000206fd260bf0 Unloading class 0x00000206981a2800 'java/lang/invoke/LambdaForm$DMH+0x00000206981a2800'

Classes redefined (0 events):
No events

Internal exceptions (20 events):
Event: 4.861 Thread 0x00000206de1bf5b0 Exception <a 'sun/nio/fs/WindowsException'{0x00000000d57e5660}> (0x00000000d57e5660) 
thrown [s\src\hotspot\share\prims\jni.cpp, line 520]
Event: 4.861 Thread 0x00000206de1bf5b0 Exception <a 'sun/nio/fs/WindowsException'{0x00000000d57e5f40}> (0x00000000d57e5f40) 
thrown [s\src\hotspot\share\prims\jni.cpp, line 520]
Event: 4.866 Thread 0x00000206de1bf5b0 Exception <a 'java/io/FileNotFoundException'{0x00000000d59a4720}> (0x00000000d59a4720) 
thrown [s\src\hotspot\share\prims\jni.cpp, line 520]
Event: 4.867 Thread 0x00000206de1bf5b0 Exception <a 'java/io/FileNotFoundException'{0x00000000d59a6e90}> (0x00000000d59a6e90) 
thrown [s\src\hotspot\share\prims\jni.cpp, line 520]
Event: 4.867 Thread 0x00000206de1bf5b0 Exception <a 'java/io/FileNotFoundException'{0x00000000d59e4508}> (0x00000000d59e4508) 
thrown [s\src\hotspot\share\prims\jni.cpp, line 520]
Event: 5.625 Thread 0x00000206de1c1680 Exception <a 'java/lang/NoSuchMethodError'{0x00000000d57fb210}: 'int java.lang.invoke.DirectMethodHandle$Holder.invokeSpecialIFC(java.lang.Object, java.lang.Object, java.lang.Object)'> (0x00000000d57fb210) 
thrown [s\src\hotspot\share\interpreter\linkResolver.cpp, line 773]
Event: 5.979 Thread 0x00000206eb07e1f0 Exception <a 'java/lang/NoSuchMethodError'{0x00000000d55c7860}: 'void java.lang.invoke.DirectMethodHandle$Holder.invokeStatic(java.lang.Object, int, java.lang.Object)'> (0x00000000d55c7860) 
thrown [s\src\hotspot\share\interpreter\linkResolver.cpp, line 773]
Event: 6.010 Thread 0x00000206de1c1680 Exception <a 'java/lang/NoSuchMethodError'{0x00000000d56731d0}: 'java.lang.Object java.lang.invoke.DirectMethodHandle$Holder.newInvokeSpecial(java.lang.Object, java.lang.Object, int, int, java.lang.Object)'> (0x00000000d56731d0) 
thrown [s\src\hotspot\share\interpreter\linkResolver.cpp, line 773]
Event: 6.600 Thread 0x00000206de1c1680 Exception <a 'sun/nio/fs/WindowsException'{0x00000000d5889520}> (0x00000000d5889520) 
thrown [s\src\hotspot\share\prims\jni.cpp, line 520]
Event: 6.601 Thread 0x00000206e136f320 Exception <a 'sun/nio/fs/WindowsException'{0x00000000d58a89d0}> (0x00000000d58a89d0) 
thrown [s\src\hotspot\share\prims\jni.cpp, line 520]
Event: 6.602 Thread 0x00000206e136f9b0 Exception <a 'sun/nio/fs/WindowsException'{0x00000000d58c5fd0}> (0x00000000d58c5fd0) 
thrown [s\src\hotspot\share\prims\jni.cpp, line 520]
Event: 6.864 Thread 0x00000206de1c1680 Exception <a 'sun/nio/fs/WindowsException'{0x00000000d574d820}> (0x00000000d574d820) 
thrown [s\src\hotspot\share\prims\jni.cpp, line 520]
Event: 6.865 Thread 0x00000206de1c1680 Exception <a 'sun/nio/fs/WindowsException'{0x00000000d574de50}> (0x00000000d574de50) 
thrown [s\src\hotspot\share\prims\jni.cpp, line 520]
Event: 6.868 Thread 0x00000206de1c1680 Exception <a 'java/io/FileNotFoundException'{0x00000000d574f720}> (0x00000000d574f720) 
thrown [s\src\hotspot\share\prims\jni.cpp, line 520]
Event: 6.869 Thread 0x00000206de1c1680 Exception <a 'java/io/FileNotFoundException'{0x00000000d57504a0}> (0x00000000d57504a0) 
thrown [s\src\hotspot\share\prims\jni.cpp, line 520]
Event: 6.879 Thread 0x00000206de1c1680 Exception <a 'sun/nio/fs/WindowsException'{0x00000000d58ce098}> (0x00000000d58ce098) 
thrown [s\src\hotspot\share\prims\jni.cpp, line 520]
Event: 6.879 Thread 0x00000206de1c1680 Exception <a 'sun/nio/fs/WindowsException'{0x00000000d58ce6c8}> (0x00000000d58ce6c8) 
thrown [s\src\hotspot\share\prims\jni.cpp, line 520]
Event: 7.271 Thread 0x00000206de1c1680 Exception <a 'java/lang/NoSuchMethodError'{0x00000000d5649338}: 'void java.lang.invoke.DirectMethodHandle$Holder.invokeStatic(java.lang.Object, java.lang.Object, java.lang.Object, int)'> (0x00000000d5649338) 
thrown [s\src\hotspot\share\interpreter\linkResolver.cpp, line 773]
Event: 7.281 Thread 0x00000206de1c1680 Exception <a 'java/lang/NoSuchMethodError'{0x00000000d5741928}: 'void java.lang.invoke.DirectMethodHandle$Holder.invokeVirtual(java.lang.Object, java.lang.Object, int)'> (0x00000000d5741928) 
thrown [s\src\hotspot\share\interpreter\linkResolver.cpp, line 773]
Event: 8.235 Thread 0x00000206de1c1680 Exception <a 'java/lang/NoSuchMethodError'{0x00000000d5786e20}: 'void java.lang.invoke.DirectMethodHandle$Holder.invokeInterface(java.lang.Object, java.lang.Object)'> (0x00000000d5786e20) 
thrown [s\src\hotspot\share\interpreter\linkResolver.cpp, line 773]

ZGC Phase Switch (0 events):
No events

VM Operations (20 events):
Event: 8.555 Executing VM operation: ParallelGCFailedAllocation (Allocation Failure) done
Event: 8.563 Executing VM operation: ParallelGCFailedAllocation (Allocation Failure)
Event: 8.565 Executing VM operation: ParallelGCFailedAllocation (Allocation Failure) done
Event: 8.571 Executing VM operation: ParallelGCFailedAllocation (Allocation Failure)
Event: 8.573 Executing VM operation: ParallelGCFailedAllocation (Allocation Failure) done
Event: 8.581 Executing VM operation: ParallelGCFailedAllocation (Allocation Failure)
Event: 8.582 Executing VM operation: ParallelGCFailedAllocation (Allocation Failure) done
Event: 8.587 Executing VM operation: ParallelGCFailedAllocation (Allocation Failure)
Event: 8.588 Executing VM operation: ParallelGCFailedAllocation (Allocation Failure) done
Event: 8.598 Executing VM operation: ParallelGCFailedAllocation (Allocation Failure)
Event: 8.599 Executing VM operation: ParallelGCFailedAllocation (Allocation Failure) done
Event: 8.603 Executing VM operation: ParallelGCFailedAllocation (Allocation Failure)
Event: 8.604 Executing VM operation: ParallelGCFailedAllocation (Allocation Failure) done
Event: 8.609 Executing VM operation: ParallelGCFailedAllocation (Allocation Failure)
Event: 8.611 Executing VM operation: ParallelGCFailedAllocation (Allocation Failure) done
Event: 8.617 Executing VM operation: ParallelGCFailedAllocation (Allocation Failure)
Event: 8.619 Executing VM operation: ParallelGCFailedAllocation (Allocation Failure) done
Event: 8.623 Executing VM operation: ParallelGCFailedAllocation (Allocation Failure)
Event: 8.625 Executing VM operation: ParallelGCFailedAllocation (Allocation Failure) done
Event: 8.632 Executing VM operation: ParallelGCFailedAllocation (Allocation Failure)

Memory protections (0 events):
No events

Nmethod flushes (20 events):
Event: 7.468 Thread 0x00000206fd260bf0 flushing  nmethod 0x0000020683965310
Event: 7.468 Thread 0x00000206fd260bf0 flushing  nmethod 0x0000020683966010
Event: 7.468 Thread 0x00000206fd260bf0 flushing  nmethod 0x000002068397fc90
Event: 7.468 Thread 0x00000206fd260bf0 flushing osr nmethod 0x0000020683988390
Event: 7.468 Thread 0x00000206fd260bf0 flushing osr nmethod 0x000002068398cc90
Event: 7.468 Thread 0x00000206fd260bf0 flushing osr nmethod 0x00000206839d0010
Event: 7.468 Thread 0x00000206fd260bf0 flushing osr nmethod 0x00000206839d8b90
Event: 7.468 Thread 0x00000206fd260bf0 flushing  nmethod 0x00000206839e0310
Event: 7.468 Thread 0x00000206fd260bf0 flushing  nmethod 0x00000206839fbd10
Event: 7.468 Thread 0x00000206fd260bf0 flushing  nmethod 0x0000020683a01410
Event: 7.468 Thread 0x00000206fd260bf0 flushing  nmethod 0x0000020683a01d90
Event: 7.468 Thread 0x00000206fd260bf0 flushing  nmethod 0x0000020683a07990
Event: 7.468 Thread 0x00000206fd260bf0 flushing  nmethod 0x0000020683a13210
Event: 7.468 Thread 0x00000206fd260bf0 flushing  nmethod 0x0000020683a42690
Event: 7.468 Thread 0x00000206fd260bf0 flushing  nmethod 0x0000020683a4f910
Event: 7.468 Thread 0x00000206fd260bf0 flushing  nmethod 0x0000020683a4ff10
Event: 7.468 Thread 0x00000206fd260bf0 flushing  nmethod 0x0000020683a50d90
Event: 7.468 Thread 0x00000206fd260bf0 flushing  nmethod 0x0000020683a55490
Event: 7.468 Thread 0x00000206fd260bf0 flushing  nmethod 0x0000020683a8a890
Event: 7.468 Thread 0x00000206fd260bf0 flushing  nmethod 0x0000020683aefc90

Events (20 events):
Event: 4.863 Thread 0x00000206de1c1680 Thread added: 0x00000206e0051b80
Event: 4.863 Thread 0x00000206de1c1680 Thread added: 0x00000206e0052210
Event: 4.864 Thread 0x00000206e00528a0 Thread added: 0x00000206eb07db60
Event: 4.864 Thread 0x00000206e0051b80 Thread added: 0x00000206eb07d4d0
Event: 5.922 Thread 0x00000206de1c1680 Thread added: 0x00000206eb07e1f0
Event: 6.011 Thread 0x00000206de1c1680 Thread added: 0x00000206eb07b400
Event: 6.014 Thread 0x00000206de1c1680 Thread added: 0x00000206eb07ce40
Event: 6.020 Thread 0x00000206de1c1680 Thread added: 0x00000206eb07e880
Event: 6.032 Thread 0x00000206de1c1680 Thread added: 0x00000206eb07ef10
Event: 6.407 Thread 0x00000206de1c1680 Thread added: 0x00000206eb07f5a0
Event: 6.506 Thread 0x00000206de1c1680 Thread added: 0x00000206eb07c120
Event: 6.516 Thread 0x00000206de1c1680 Thread added: 0x00000206eb07fc30
Event: 6.611 Thread 0x00000206de1c1680 Thread added: 0x00000206eb07c7b0
Event: 6.796 Thread 0x00000206de1c1680 Thread added: 0x00000206eb082a20
Event: 7.589 Thread 0x00000206de1c0960 Thread exited: 0x00000206de1c0960
Event: 8.249 Thread 0x00000206de1c1680 Thread added: 0x00000206eb080fe0
Event: 8.249 Thread 0x00000206de1c1680 Thread added: 0x00000206eb080950
Event: 8.250 Thread 0x00000206de1c1680 Thread added: 0x00000206eb081670
Event: 8.251 Thread 0x00000206de1c1680 Thread added: 0x00000206eb081d00
Event: 8.251 Thread 0x00000206de1c1680 Thread added: 0x00000206eb082390


Dynamic libraries:
0x00007ff717900000 - 0x00007ff71790e000 	c:\Users\rosha\.vscode\extensions\redhat.java-1.45.0-win32-x64\jre\21.0.8-win32-x86_64\bin\java.exe
0x00007fff1f1e0000 - 0x00007fff1f449000 	C:\WINDOWS\SYSTEM32\ntdll.dll
0x00007fff1d880000 - 0x00007fff1d949000 	C:\WINDOWS\System32\KERNEL32.DLL
0x00007fff1c8e0000 - 0x00007fff1ccd3000 	C:\WINDOWS\System32\KERNELBASE.dll
0x00007fff1c3a0000 - 0x00007fff1c4eb000 	C:\WINDOWS\System32\ucrtbase.dll
0x00007ffe9adf0000 - 0x00007ffe9ae0e000 	c:\Users\rosha\.vscode\extensions\redhat.java-1.45.0-win32-x64\jre\21.0.8-win32-x86_64\bin\VCRUNTIME140.dll
0x00007ffe9b210000 - 0x00007ffe9b228000 	c:\Users\rosha\.vscode\extensions\redhat.java-1.45.0-win32-x64\jre\21.0.8-win32-x86_64\bin\jli.dll
0x00007fff1d150000 - 0x00007fff1d314000 	C:\WINDOWS\System32\USER32.dll
0x00007fff1c370000 - 0x00007fff1c397000 	C:\WINDOWS\System32\win32u.dll
0x00007fff02b00000 - 0x00007fff02d93000 	C:\WINDOWS\WinSxS\amd64_microsoft.windows.common-controls_6595b64144ccf1df_6.0.26100.5074_none_3e0d6f78e32fd63f\COMCTL32.dll
0x00007fff1e0a0000 - 0x00007fff1e0cb000 	C:\WINDOWS\System32\GDI32.dll
0x00007fff1e380000 - 0x00007fff1e429000 	C:\WINDOWS\System32\msvcrt.dll
0x00007fff1c720000 - 0x00007fff1c84d000 	C:\WINDOWS\System32\gdi32full.dll
0x00007fff1cce0000 - 0x00007fff1cd83000 	C:\WINDOWS\System32\msvcp_win.dll
0x00007fff1d730000 - 0x00007fff1d75f000 	C:\WINDOWS\System32\IMM32.DLL
0x00007ffed5ec0000 - 0x00007ffed5ecc000 	c:\Users\rosha\.vscode\extensions\redhat.java-1.45.0-win32-x64\jre\21.0.8-win32-x86_64\bin\vcruntime140_1.dll
0x00007ffe9a390000 - 0x00007ffe9a41d000 	c:\Users\rosha\.vscode\extensions\redhat.java-1.45.0-win32-x64\jre\21.0.8-win32-x86_64\bin\msvcp140.dll
0x00007ffe93700000 - 0x00007ffe94497000 	c:\Users\rosha\.vscode\extensions\redhat.java-1.45.0-win32-x64\jre\21.0.8-win32-x86_64\bin\server\jvm.dll
0x00007fff1d480000 - 0x00007fff1d534000 	C:\WINDOWS\System32\ADVAPI32.dll
0x00007fff1d3c0000 - 0x00007fff1d466000 	C:\WINDOWS\System32\sechost.dll
0x00007fff1e160000 - 0x00007fff1e278000 	C:\WINDOWS\System32\RPCRT4.dll
0x00007fff1f030000 - 0x00007fff1f0a4000 	C:\WINDOWS\System32\WS2_32.dll
0x00007fff1c1d0000 - 0x00007fff1c22e000 	C:\WINDOWS\SYSTEM32\POWRPROF.dll
0x00007fff150f0000 - 0x00007fff15125000 	C:\WINDOWS\SYSTEM32\WINMM.dll
0x00007fff15130000 - 0x00007fff1513b000 	C:\WINDOWS\SYSTEM32\VERSION.dll
0x00007fff1c1b0000 - 0x00007fff1c1c4000 	C:\WINDOWS\SYSTEM32\UMPDC.dll
0x00007fff1b150000 - 0x00007fff1b16b000 	C:\WINDOWS\SYSTEM32\kernel.appcore.dll
0x00007ffed5360000 - 0x00007ffed536a000 	c:\Users\rosha\.vscode\extensions\redhat.java-1.45.0-win32-x64\jre\21.0.8-win32-x86_64\bin\jimage.dll
0x00007fff10990000 - 0x00007fff10bd2000 	C:\WINDOWS\SYSTEM32\DBGHELP.DLL
0x00007fff1e820000 - 0x00007fff1eb9b000 	C:\WINDOWS\System32\combase.dll
0x00007fff1d770000 - 0x00007fff1d847000 	C:\WINDOWS\System32\OLEAUT32.dll
0x00007fff01e20000 - 0x00007fff01e5d000 	C:\WINDOWS\SYSTEM32\dbgcore.DLL
0x00007fff1cd90000 - 0x00007fff1ce29000 	C:\WINDOWS\System32\bcryptPrimitives.dll
0x00007ffed52c0000 - 0x00007ffed52cf000 	c:\Users\rosha\.vscode\extensions\redhat.java-1.45.0-win32-x64\jre\21.0.8-win32-x86_64\bin\instrument.dll
0x00007ffe9b6b0000 - 0x00007ffe9b6cf000 	c:\Users\rosha\.vscode\extensions\redhat.java-1.45.0-win32-x64\jre\21.0.8-win32-x86_64\bin\java.dll
0x00007fff1d950000 - 0x00007fff1e09d000 	C:\WINDOWS\System32\SHELL32.dll
0x00007fff1c5b0000 - 0x00007fff1c71c000 	C:\WINDOWS\System32\wintypes.dll
0x00007fff19fa0000 - 0x00007fff1a7f9000 	C:\WINDOWS\SYSTEM32\windows.storage.dll
0x00007fff1e280000 - 0x00007fff1e370000 	C:\WINDOWS\System32\SHCORE.dll
0x00007fff1d320000 - 0x00007fff1d382000 	C:\WINDOWS\System32\shlwapi.dll
0x00007fff1c290000 - 0x00007fff1c2b9000 	C:\WINDOWS\SYSTEM32\profapi.dll
0x00007ffe9a860000 - 0x00007ffe9a878000 	c:\Users\rosha\.vscode\extensions\redhat.java-1.45.0-win32-x64\jre\21.0.8-win32-x86_64\bin\zip.dll
0x00007ffed4910000 - 0x00007ffed4920000 	C:\Users\rosha\.vscode\extensions\redhat.java-1.45.0-win32-x64\jre\21.0.8-win32-x86_64\bin\net.dll
0x00007fff16d20000 - 0x00007fff16e3f000 	C:\WINDOWS\SYSTEM32\WINHTTP.dll
0x00007fff1b6d0000 - 0x00007fff1b73b000 	C:\WINDOWS\system32\mswsock.dll
0x00007ffe9a450000 - 0x00007ffe9a466000 	C:\Users\rosha\.vscode\extensions\redhat.java-1.45.0-win32-x64\jre\21.0.8-win32-x86_64\bin\nio.dll
0x00007ffed48d0000 - 0x00007ffed48e0000 	c:\Users\rosha\.vscode\extensions\redhat.java-1.45.0-win32-x64\jre\21.0.8-win32-x86_64\bin\verify.dll
0x00007ffe9a2f0000 - 0x00007ffe9a334000 	C:\Users\rosha\AppData\Roaming\Code\User\globalStorage\redhat.java\1.45.0\config_win\org.eclipse.equinox.launcher\org.eclipse.equinox.launcher.win32.win32.x86_64_1.2.1400.v20250801-0854\eclipse_11916.dll
0x00007fff1cfb0000 - 0x00007fff1d148000 	C:\WINDOWS\System32\ole32.dll
0x00007fff1b970000 - 0x00007fff1b98b000 	C:\WINDOWS\SYSTEM32\CRYPTSP.dll
0x00007fff1b0b0000 - 0x00007fff1b0eb000 	C:\WINDOWS\system32\rsaenh.dll
0x00007fff1b770000 - 0x00007fff1b79b000 	C:\WINDOWS\SYSTEM32\USERENV.dll
0x00007fff1c260000 - 0x00007fff1c286000 	C:\WINDOWS\SYSTEM32\bcrypt.dll
0x00007fff1b990000 - 0x00007fff1b99c000 	C:\WINDOWS\SYSTEM32\CRYPTBASE.dll
0x00007fff1abe0000 - 0x00007fff1ac14000 	C:\WINDOWS\SYSTEM32\IPHLPAPI.DLL
0x00007fff1f190000 - 0x00007fff1f19a000 	C:\WINDOWS\System32\NSI.dll
0x00007ffeadb30000 - 0x00007ffeadb79000 	C:\Users\rosha\AppData\Local\Temp\jna-108702031\jna13634950572438019150.dll
0x00007fff1d540000 - 0x00007fff1d548000 	C:\WINDOWS\System32\PSAPI.DLL
0x00007fff16f20000 - 0x00007fff16f3e000 	C:\WINDOWS\SYSTEM32\dhcpcsvc6.DLL
0x00007fff16e60000 - 0x00007fff16e83000 	C:\WINDOWS\SYSTEM32\dhcpcsvc.DLL

JVMTI agents:
c:\Users\rosha\.vscode\extensions\redhat.java-1.45.0-win32-x64\lombok\lombok-1.18.39-4050.jar path:c:\Users\rosha\.vscode\extensions\redhat.java-1.45.0-win32-x64\jre\21.0.8-win32-x86_64\bin\instrument.dll, loaded, initialized, instrumentlib options:none

dbghelp: loaded successfully - version: 4.0.5 - missing functions: none
symbol engine: initialized successfully - sym options: 0x614 - pdb path: .;c:\Users\rosha\.vscode\extensions\redhat.java-1.45.0-win32-x64\jre\21.0.8-win32-x86_64\bin;C:\WINDOWS\SYSTEM32;C:\WINDOWS\WinSxS\amd64_microsoft.windows.common-controls_6595b64144ccf1df_6.0.26100.5074_none_3e0d6f78e32fd63f;c:\Users\rosha\.vscode\extensions\redhat.java-1.45.0-win32-x64\jre\21.0.8-win32-x86_64\bin\server;C:\Users\rosha\AppData\Roaming\Code\User\globalStorage\redhat.java\1.45.0\config_win\org.eclipse.equinox.launcher\org.eclipse.equinox.launcher.win32.win32.x86_64_1.2.1400.v20250801-0854;C:\Users\rosha\AppData\Local\Temp\jna-108702031

VM Arguments:
jvm_args: --add-modules=ALL-SYSTEM --add-opens=java.base/java.util=ALL-UNNAMED --add-opens=java.base/java.lang=ALL-UNNAMED --add-opens=java.base/sun.nio.fs=ALL-UNNAMED -Declipse.application=org.eclipse.jdt.ls.core.id1 -Dosgi.bundles.defaultStartLevel=4 -Declipse.product=org.eclipse.jdt.ls.core.product -Djava.import.generatesMetadataFilesAtProjectRoot=false -DDetectVMInstallationsJob.disabled=true -Dfile.encoding=utf8 -XX:+UseParallelGC -XX:GCTimeRatio=4 -XX:AdaptiveSizePolicyWeight=90 -Dsun.zip.disableMemoryMapping=true -Xmx2G -Xms100m -Xlog:disable -javaagent:c:\Users\rosha\.vscode\extensions\redhat.java-1.45.0-win32-x64\lombok\lombok-1.18.39-4050.jar -XX:+HeapDumpOnOutOfMemoryError -XX:HeapDumpPath=c:\Users\rosha\AppData\Roaming\Code\User\workspaceStorage\8698a406892f1e48cc41417322e9cf49\redhat.java -Daether.dependencyCollector.impl=bf 
java_command: c:\Users\rosha\.vscode\extensions\redhat.java-1.45.0-win32-x64\server\plugins\org.eclipse.equinox.launcher_1.7.0.v20250519-0528.jar -configuration c:\Users\rosha\AppData\Roaming\Code\User\globalStorage\redhat.java\1.45.0\config_win -data c:\Users\rosha\AppData\Roaming\Code\User\workspaceStorage\8698a406892f1e48cc41417322e9cf49\redhat.java\jdt_ws --pipe=\\.\pipe\lsp-da7668defec9f1f97413d0d30549780a-sock
java_class_path (initial): c:\Users\rosha\.vscode\extensions\redhat.java-1.45.0-win32-x64\server\plugins\org.eclipse.equinox.launcher_1.7.0.v20250519-0528.jar
Launcher Type: SUN_STANDARD

[Global flags]
    uintx AdaptiveSizePolicyWeight                 = 90                                        {product} {command line}
     intx CICompilerCount                          = 4                                         {product} {ergonomic}
    uintx GCTimeRatio                              = 4                                         {product} {command line}
     bool HeapDumpOnOutOfMemoryError               = true                                   {manageable} {command line}
    ccstr HeapDumpPath                             = c:\Users\rosha\AppData\Roaming\Code\User\workspaceStorage\8698a406892f1e48cc41417322e9cf49\redhat.java         {manageable} {command line}
   size_t InitialHeapSize                          = 104857600                                 {product} {command line}
   size_t MaxHeapSize                              = 2147483648                                {product} {command line}
   size_t MaxNewSize                               = 715653120                                 {product} {ergonomic}
   size_t MinHeapDeltaBytes                        = 524288                                    {product} {ergonomic}
   size_t MinHeapSize                              = 104857600                                 {product} {command line}
   size_t NewSize                                  = 34603008                                  {product} {ergonomic}
    uintx NonNMethodCodeHeapSize                   = 5839372                                {pd product} {ergonomic}
    uintx NonProfiledCodeHeapSize                  = 122909434                              {pd product} {ergonomic}
   size_t OldSize                                  = 70254592                                  {product} {ergonomic}
    uintx ProfiledCodeHeapSize                     = 122909434                              {pd product} {ergonomic}
    uintx ReservedCodeCacheSize                    = 251658240                              {pd product} {ergonomic}
     bool SegmentedCodeCache                       = true                                      {product} {ergonomic}
   size_t SoftMaxHeapSize                          = 2147483648                             {manageable} {ergonomic}
     bool UseCompressedOops                        = true                           {product lp64_product} {ergonomic}
     bool UseLargePagesIndividualAllocation        = false                                  {pd product} {ergonomic}
     bool UseParallelGC                            = true                                      {product} {command line}

Logging:
Log output configuration:
 #0: stdout all=off uptime,level,tags foldmultilines=false
 #1: stderr all=off uptime,level,tags foldmultilines=false

Environment Variables:
PATH=C:\oraclexe\app\oracle\product\11.2.0\server\bin;C:\Program Files\Common Files\Oracle\Java\javapath;C:\Program Files (x86)\Common Files\Oracle\Java\javapath;C:\windows\system32;C:\windows;C:\windows\System32\Wbem;C:\windows\System32\WindowsPowerShell\v1.0\;C:\windows\System32\OpenSSH\;C:\Program Files (x86)\NVIDIA Corporation\PhysX\Common;C:\Program Files\NVIDIA Corporation\NVIDIA NvDLISR;C:\MinGW\bin;C:\Program Files\Git\cmd;C:\Program Files\MySQL\MySQL Shell 8.0\bin;C:\Program Files\Java\jdk-20\bin;C:\Program Files\nodejs\;C:\WINDOWS\system32;C:\WINDOWS;C:\WINDOWS\System32\Wbem;C:\WINDOWS\System32\WindowsPowerShell\v1.0\;C:\WINDOWS\System32\OpenSSH\;C:\Program Files\PostgreSQL\17\bin;%M3_HOME%\bin;C:\Program Files\;C:\Users\rosha\AppData\Local\Programs\Python\Python312\Scripts\;C:\Users\rosha\AppData\Local\Programs\Python\Python312\;C:\Users\rosha\AppData\Local\Programs\Python\Python313\Scripts\;C:\Users\rosha\AppData\Local\Programs\Python\Python313\;C:\Program Files\MySQL\MySQL Shell 8.0\bin\;C:\Users\rosha\AppData\Local\Microsoft\WindowsApps;C:\Program Files\JetBrains\IntelliJ IDEA Community Edition 2024.2.3\bin;;C:\Program Files\JetBrains\IntelliJ IDEA Educational Edition 2022.2.2\bin;;C:\Program Files\JetBrains\PyCharm Community Edition 2023.2.1\bin;;C:\Users\rosha\AppData\Local\Programs\Microsoft VS Code\bin;C:\Program Files\JetBrains\IntelliJ IDEA 2023.3.2\bin;;C:\Program Files\Java\jdk-21\bin;C:\Users\rosha\AppData\Local\GitHubDesktop\bin;C:\ProgramData\rosha\GitHubDesktop\bin;C:\Users\rosha\AppData\Local\Microsoft\WinGet\Packages\Schniz.fnm_Microsoft.Winget.Source_8wekyb3d8bbwe;C:\Users\rosha\AppData\Roaming\npm;C:\Mongosh\
USERNAME=rosha
OS=Windows_NT
PROCESSOR_IDENTIFIER=AMD64 Family 25 Model 80 Stepping 0, AuthenticAMD
TMP=C:\Users\rosha\AppData\Local\Temp
TEMP=C:\Users\rosha\AppData\Local\Temp




Periodic native trim disabled

---------------  S Y S T E M  ---------------

OS:
 Windows 11 , 64 bit Build 26100 (10.0.26100.5074)
OS uptime: 8 days 17:42 hours
Hyper-V role detected

CPU: total 12 (initial active 12) (12 cores per cpu, 2 threads per core) family 25 model 80 stepping 0 microcode 0xa500011, cx8, cmov, fxsr, ht, mmx, 3dnowpref, sse, sse2, sse3, ssse3, sse4a, sse4.1, sse4.2, popcnt, lzcnt, tsc, tscinvbit, avx, avx2, aes, erms, clmul, bmi1, bmi2, adx, sha, fma, vzeroupper, clflush, clflushopt, hv, rdtscp, rdpid, fsrm, f16c, cet_ss
Processor Information for processor 0
  Max Mhz: 3301, Current Mhz: 3301, Mhz Limit: 3301
Processor Information for processor 1
  Max Mhz: 3301, Current Mhz: 1805, Mhz Limit: 3301
Processor Information for processor 2
  Max Mhz: 3301, Current Mhz: 3301, Mhz Limit: 3301
Processor Information for processor 3
  Max Mhz: 3301, Current Mhz: 1805, Mhz Limit: 3301
Processor Information for processor 4
  Max Mhz: 3301, Current Mhz: 3301, Mhz Limit: 3301
Processor Information for processor 5
  Max Mhz: 3301, Current Mhz: 1805, Mhz Limit: 3301
Processor Information for processor 6
  Max Mhz: 3301, Current Mhz: 3301, Mhz Limit: 3301
Processor Information for processor 7
  Max Mhz: 3301, Current Mhz: 1805, Mhz Limit: 3301
Processor Information for processor 8
  Max Mhz: 3301, Current Mhz: 3301, Mhz Limit: 3301
Processor Information for processor 9
  Max Mhz: 3301, Current Mhz: 1805, Mhz Limit: 3301
Processor Information for processor 10
  Max Mhz: 3301, Current Mhz: 3301, Mhz Limit: 3301
Processor Information for processor 11
  Max Mhz: 3301, Current Mhz: 1805, Mhz Limit: 3301

Memory: 4k page, system-wide physical 7518M (536M free)
TotalPageFile size 16802M (AvailPageFile size 0M)
current process WorkingSet (physical memory assigned to process): 654M, peak: 654M
current process commit charge ("private bytes"): 607M, peak: 1677M

vm_info: OpenJDK 64-Bit Server VM (21.0.8+9-LTS) for windows-amd64 JRE (21.0.8+9-LTS), built on 2025-07-15T00:00:00Z by "admin" with MS VC++ 17.7 (VS2022)

END.
