#
# There is insufficient memory for the Java Runtime Environment to continue.
# Native memory allocation (malloc) failed to allocate 66176 bytes. Error detail: Chunk::new
# Possible reasons:
#   The system is out of physical RAM or swap space
#   This process is running with CompressedOops enabled, and the Java Heap may be blocking the growth of the native heap
# Possible solutions:
#   Reduce memory load on the system
#   Increase physical memory or swap space
#   Check if swap backing store is full
#   Decrease Java heap size (-Xmx/-Xms)
#   Decrease number of Java threads
#   Decrease Java thread stack sizes (-Xss)
#   Set larger code cache with -XX:ReservedCodeCacheSize=
#   JVM is running with Unscaled Compressed Oops mode in which the Java heap is
#     placed in the first 4GB address space. The Java Heap base address is the
#     maximum limit for the native heap growth. Please use -XX:HeapBaseMinAddress
#     to set the Java Heap base and to place the Java Heap above 4GB virtual address.
# This output file may be truncated or incomplete.
#
#  Out of Memory Error (arena.cpp:168), pid=23292, tid=23732
#
# JRE version: OpenJDK Runtime Environment Temurin-21.0.8+9 (21.0.8+9) (build 21.0.8+9-LTS)
# Java VM: OpenJDK 64-Bit Server VM Temurin-21.0.8+9 (21.0.8+9-LTS, mixed mode, sharing, tiered, compressed oops, compressed class ptrs, parallel gc, windows-amd64)
# No core dump will be written. Minidumps are not enabled by default on client versions of Windows
#

---------------  S U M M A R Y ------------

Command Line: --add-modules=ALL-SYSTEM --add-opens=java.base/java.util=ALL-UNNAMED --add-opens=java.base/java.lang=ALL-UNNAMED --add-opens=java.base/sun.nio.fs=ALL-UNNAMED -Declipse.application=org.eclipse.jdt.ls.core.id1 -Dosgi.bundles.defaultStartLevel=4 -Declipse.product=org.eclipse.jdt.ls.core.product -Djava.import.generatesMetadataFilesAtProjectRoot=false -DDetectVMInstallationsJob.disabled=true -Dfile.encoding=utf8 -XX:+UseParallelGC -XX:GCTimeRatio=4 -XX:AdaptiveSizePolicyWeight=90 -Dsun.zip.disableMemoryMapping=true -Xmx2G -Xms100m -Xlog:disable -javaagent:c:\Users\rosha\.vscode\extensions\redhat.java-1.45.0-win32-x64\lombok\lombok-1.18.39-4050.jar -XX:+HeapDumpOnOutOfMemoryError -XX:HeapDumpPath=c:\Users\rosha\AppData\Roaming\Code\User\workspaceStorage\8698a406892f1e48cc41417322e9cf49\redhat.java -Daether.dependencyCollector.impl=bf c:\Users\rosha\.vscode\extensions\redhat.java-1.45.0-win32-x64\server\plugins\org.eclipse.equinox.launcher_1.7.0.v20250519-0528.jar -configuration c:\Users\rosha\AppData\Roaming\Code\User\globalStorage\redhat.java\1.45.0\config_win -data c:\Users\rosha\AppData\Roaming\Code\User\workspaceStorage\8698a406892f1e48cc41417322e9cf49\redhat.java\jdt_ws --pipe=\\.\pipe\lsp-5d321a3902e5a102fd90ca8c10d51735-sock

Host: AMD Ryzen 5 5600H with Radeon Graphics         , 12 cores, 7G,  Windows 11 , 64 bit Build 26100 (10.0.26100.5074)
Time: Thu Sep 11 15:08:43 2025 India Standard Time elapsed time: 6.787413 seconds (0d 0h 0m 6s)

---------------  T H R E A D  ---------------

Current thread (0x00000218dd165a20):  JavaThread "C2 CompilerThread2" daemon [_thread_in_native, id=23732, stack(0x0000008ccac00000,0x0000008ccad00000) (1024K)]


Current CompileTask:
C2:6787 6246   !   4       org.eclipse.osgi.internal.loader.classpath.ClasspathManager::findLocalClass (210 bytes)

Stack: [0x0000008ccac00000,0x0000008ccad00000]
Native frames: (J=compiled Java code, j=interpreted, Vv=VM code, C=native code)
V  [jvm.dll+0x6d2449]
V  [jvm.dll+0x8ae341]
V  [jvm.dll+0x8b08be]
V  [jvm.dll+0x8b0fa3]
V  [jvm.dll+0x280c96]
V  [jvm.dll+0xc581d]
V  [jvm.dll+0xc5d53]
V  [jvm.dll+0x2f59aa]
V  [jvm.dll+0x5fa00a]
V  [jvm.dll+0x252092]
V  [jvm.dll+0x25244f]
V  [jvm.dll+0x24ad14]
V  [jvm.dll+0x2483a4]
V  [jvm.dll+0x1c89ee]
V  [jvm.dll+0x257d4d]
V  [jvm.dll+0x2562ea]
V  [jvm.dll+0x3f2d16]
V  [jvm.dll+0x857e6b]
V  [jvm.dll+0x6d0b0d]
C  [ucrtbase.dll+0x37b0]
C  [KERNEL32.DLL+0x2e8d7]
C  [ntdll.dll+0x8d9c]


---------------  P R O C E S S  ---------------

Threads class SMR info:
_java_thread_list=0x00000218e4e22140, length=48, elements={
0x0000021881dcb560, 0x000002188408dad0, 0x0000021884184af0, 0x0000021884187960,
0x0000021884188840, 0x0000021884190740, 0x00000218dce02000, 0x00000218dce08fe0,
0x00000218dce0e6a0, 0x00000218dce02d20, 0x00000218dd168300, 0x00000218dce033b0,
0x00000218dce04df0, 0x00000218dce05480, 0x00000218dce040d0, 0x00000218dce04760,
0x00000218dce02690, 0x00000218e2b075b0, 0x00000218e2b06200, 0x00000218e2b08ff0,
0x00000218e2b07c40, 0x00000218e2b09680, 0x00000218e2b082d0, 0x00000218e2b06f20,
0x00000218e2b06890, 0x00000218e2b09d10, 0x00000218e2b0d190, 0x00000218e2b0bde0,
0x00000218e2b0d820, 0x00000218e2b0a3a0, 0x00000218e2b0aa30, 0x00000218e2b0b0c0,
0x00000218e2b0b750, 0x00000218e2b0cb00, 0x00000218e2b0c470, 0x00000218e55972b0,
0x00000218e5593e30, 0x00000218e5596590, 0x00000218e5597940, 0x00000218e5595f00,
0x00000218e5594b50, 0x00000218e5596c20, 0x00000218e5595870, 0x00000218e5597fd0,
0x00000218e5598660, 0x00000218dd165a20, 0x00000218e55951e0, 0x00000218e5598cf0
}

Java Threads: ( => current thread )
  0x0000021881dcb560 JavaThread "main"                              [_thread_blocked, id=21252, stack(0x0000008cc7000000,0x0000008cc7100000) (1024K)]
  0x000002188408dad0 JavaThread "Reference Handler"          daemon [_thread_blocked, id=10036, stack(0x0000008cc7400000,0x0000008cc7500000) (1024K)]
  0x0000021884184af0 JavaThread "Finalizer"                  daemon [_thread_blocked, id=18544, stack(0x0000008cc7500000,0x0000008cc7600000) (1024K)]
  0x0000021884187960 JavaThread "Signal Dispatcher"          daemon [_thread_blocked, id=8568, stack(0x0000008cc7600000,0x0000008cc7700000) (1024K)]
  0x0000021884188840 JavaThread "Attach Listener"            daemon [_thread_blocked, id=14604, stack(0x0000008cc7700000,0x0000008cc7800000) (1024K)]
  0x0000021884190740 JavaThread "Service Thread"             daemon [_thread_blocked, id=21096, stack(0x0000008cc7800000,0x0000008cc7900000) (1024K)]
  0x00000218dce02000 JavaThread "Monitor Deflation Thread"   daemon [_thread_blocked, id=6932, stack(0x0000008cc7900000,0x0000008cc7a00000) (1024K)]
  0x00000218dce08fe0 JavaThread "C2 CompilerThread0"         daemon [_thread_blocked, id=21172, stack(0x0000008cc7a00000,0x0000008cc7b00000) (1024K)]
  0x00000218dce0e6a0 JavaThread "C1 CompilerThread0"         daemon [_thread_blocked, id=8260, stack(0x0000008cc7b00000,0x0000008cc7c00000) (1024K)]
  0x00000218dce02d20 JavaThread "Common-Cleaner"             daemon [_thread_blocked, id=16304, stack(0x0000008cc7c00000,0x0000008cc7d00000) (1024K)]
  0x00000218dd168300 JavaThread "C2 CompilerThread1"         daemon [_thread_blocked, id=19916, stack(0x0000008cc7d00000,0x0000008cc7e00000) (1024K)]
  0x00000218dce033b0 JavaThread "Notification Thread"        daemon [_thread_blocked, id=2672, stack(0x0000008cc7e00000,0x0000008cc7f00000) (1024K)]
  0x00000218dce04df0 JavaThread "Active Thread: Equinox Container: 3c278048-f2a5-483d-b0db-bee348dfbf09"        [_thread_blocked, id=5212, stack(0x0000008cc8500000,0x0000008cc8600000) (1024K)]
  0x00000218dce05480 JavaThread "Refresh Thread: Equinox Container: 3c278048-f2a5-483d-b0db-bee348dfbf09" daemon [_thread_blocked, id=11468, stack(0x0000008cc8700000,0x0000008cc8800000) (1024K)]
  0x00000218dce040d0 JavaThread "Framework Event Dispatcher: Equinox Container: 3c278048-f2a5-483d-b0db-bee348dfbf09" daemon [_thread_blocked, id=19292, stack(0x0000008cc8800000,0x0000008cc8900000) (1024K)]
  0x00000218dce04760 JavaThread "Start Level: Equinox Container: 3c278048-f2a5-483d-b0db-bee348dfbf09" daemon [_thread_blocked, id=6704, stack(0x0000008cc8900000,0x0000008cc8a00000) (1024K)]
  0x00000218dce02690 JavaThread "Bundle File Closer"         daemon [_thread_blocked, id=22568, stack(0x0000008cc8c00000,0x0000008cc8d00000) (1024K)]
  0x00000218e2b075b0 JavaThread "SCR Component Actor"        daemon [_thread_blocked, id=4604, stack(0x0000008cc8d00000,0x0000008cc8e00000) (1024K)]
  0x00000218e2b06200 JavaThread "SCR Component Registry"     daemon [_thread_blocked, id=2056, stack(0x0000008cc8e00000,0x0000008cc8f00000) (1024K)]
  0x00000218e2b08ff0 JavaThread "Worker-JM"                         [_thread_blocked, id=14216, stack(0x0000008cc8f00000,0x0000008cc9000000) (1024K)]
  0x00000218e2b07c40 JavaThread "Worker-0"                          [_thread_blocked, id=21072, stack(0x0000008cc9000000,0x0000008cc9100000) (1024K)]
  0x00000218e2b09680 JavaThread "Worker-1"                          [_thread_blocked, id=2184, stack(0x0000008cc9100000,0x0000008cc9200000) (1024K)]
  0x00000218e2b082d0 JavaThread "Java indexing"              daemon [_thread_blocked, id=6724, stack(0x0000008cc9200000,0x0000008cc9300000) (1024K)]
  0x00000218e2b06f20 JavaThread "JNA Cleaner"                daemon [_thread_blocked, id=19496, stack(0x0000008cc9300000,0x0000008cc9400000) (1024K)]
  0x00000218e2b06890 JavaThread "Worker-2"                          [_thread_blocked, id=22168, stack(0x0000008cc9600000,0x0000008cc9700000) (1024K)]
  0x00000218e2b09d10 JavaThread "Worker-3"                          [_thread_blocked, id=6028, stack(0x0000008cc9700000,0x0000008cc9800000) (1024K)]
  0x00000218e2b0d190 JavaThread "Worker-4"                          [_thread_blocked, id=11884, stack(0x0000008cc9800000,0x0000008cc9900000) (1024K)]
  0x00000218e2b0bde0 JavaThread "Worker-5"                          [_thread_blocked, id=18920, stack(0x0000008cc9900000,0x0000008cc9a00000) (1024K)]
  0x00000218e2b0d820 JavaThread "Thread-2"                   daemon [_thread_in_native, id=18800, stack(0x0000008cc9a00000,0x0000008cc9b00000) (1024K)]
  0x00000218e2b0a3a0 JavaThread "Thread-3"                   daemon [_thread_in_native, id=2232, stack(0x0000008cc9b00000,0x0000008cc9c00000) (1024K)]
  0x00000218e2b0aa30 JavaThread "Thread-4"                   daemon [_thread_in_native, id=13044, stack(0x0000008cc9c00000,0x0000008cc9d00000) (1024K)]
  0x00000218e2b0b0c0 JavaThread "Thread-5"                   daemon [_thread_in_native, id=23988, stack(0x0000008cc9d00000,0x0000008cc9e00000) (1024K)]
  0x00000218e2b0b750 JavaThread "Thread-6"                   daemon [_thread_in_native, id=23096, stack(0x0000008cc9e00000,0x0000008cc9f00000) (1024K)]
  0x00000218e2b0cb00 JavaThread "Thread-7"                   daemon [_thread_in_native, id=23844, stack(0x0000008cc9f00000,0x0000008cca000000) (1024K)]
  0x00000218e2b0c470 JavaThread "Thread-8"                   daemon [_thread_in_native, id=16704, stack(0x0000008cca000000,0x0000008cca100000) (1024K)]
  0x00000218e55972b0 JavaThread "Thread-9"                   daemon [_thread_in_native, id=23436, stack(0x0000008cca100000,0x0000008cca200000) (1024K)]
  0x00000218e5593e30 JavaThread "Thread-10"                  daemon [_thread_in_native, id=1720, stack(0x0000008cca200000,0x0000008cca300000) (1024K)]
  0x00000218e5596590 JavaThread "Thread-11"                  daemon [_thread_in_native, id=10216, stack(0x0000008cca300000,0x0000008cca400000) (1024K)]
  0x00000218e5597940 JavaThread "Thread-12"                  daemon [_thread_in_native, id=12852, stack(0x0000008cca400000,0x0000008cca500000) (1024K)]
  0x00000218e5595f00 JavaThread "Thread-13"                  daemon [_thread_in_native, id=6012, stack(0x0000008cca500000,0x0000008cca600000) (1024K)]
  0x00000218e5594b50 JavaThread "Thread-14"                  daemon [_thread_in_native, id=21068, stack(0x0000008cca600000,0x0000008cca700000) (1024K)]
  0x00000218e5596c20 JavaThread "pool-2-thread-1"                   [_thread_blocked, id=19192, stack(0x0000008cca700000,0x0000008cca800000) (1024K)]
  0x00000218e5595870 JavaThread "WorkspaceEventsHandler"            [_thread_blocked, id=6440, stack(0x0000008cca900000,0x0000008ccaa00000) (1024K)]
  0x00000218e5597fd0 JavaThread "pool-1-thread-1"                   [_thread_blocked, id=2200, stack(0x0000008ccaa00000,0x0000008ccab00000) (1024K)]
  0x00000218e5598660 JavaThread "Keep-Alive-Timer"           daemon [_thread_blocked, id=4728, stack(0x0000008ccab00000,0x0000008ccac00000) (1024K)]
=>0x00000218dd165a20 JavaThread "C2 CompilerThread2"         daemon [_thread_in_native, id=23732, stack(0x0000008ccac00000,0x0000008ccad00000) (1024K)]
  0x00000218e55951e0 JavaThread "Process monitor for PID 12200" daemon [_thread_in_Java, id=17572, stack(0x0000008ccad00000,0x0000008ccae00000) (1024K)]
  0x00000218e5598cf0 JavaThread "Input Stream Monitor for PID 12200" daemon [_thread_blocked, id=2624, stack(0x0000008ccb000000,0x0000008ccb100000) (1024K)]
Total: 48

Other Threads:
  0x0000021884072cd0 VMThread "VM Thread"                           [id=10840, stack(0x0000008cc7300000,0x0000008cc7400000) (1024K)]
  0x0000021883f6ca00 WatcherThread "VM Periodic Task Thread"        [id=23212, stack(0x0000008cc7200000,0x0000008cc7300000) (1024K)]
  0x00000218840fc1b0 WorkerThread "GC Thread#0"                     [id=11992, stack(0x0000008cc7100000,0x0000008cc7200000) (1024K)]
  0x00000218e24d4150 WorkerThread "GC Thread#1"                     [id=23320, stack(0x0000008cc7f00000,0x0000008cc8000000) (1024K)]
  0x00000218e23c6a70 WorkerThread "GC Thread#2"                     [id=21312, stack(0x0000008cc8000000,0x0000008cc8100000) (1024K)]
  0x00000218e24d44f0 WorkerThread "GC Thread#3"                     [id=24032, stack(0x0000008cc8100000,0x0000008cc8200000) (1024K)]
  0x00000218e24d4890 WorkerThread "GC Thread#4"                     [id=23120, stack(0x0000008cc8200000,0x0000008cc8300000) (1024K)]
  0x00000218e24d4c30 WorkerThread "GC Thread#5"                     [id=15456, stack(0x0000008cc8300000,0x0000008cc8400000) (1024K)]
  0x00000218e24d53d0 WorkerThread "GC Thread#6"                     [id=23828, stack(0x0000008cc8400000,0x0000008cc8500000) (1024K)]
  0x00000218e28d8930 WorkerThread "GC Thread#7"                     [id=11400, stack(0x0000008cc8600000,0x0000008cc8700000) (1024K)]
  0x00000218e2f42010 WorkerThread "GC Thread#8"                     [id=24096, stack(0x0000008cc8a00000,0x0000008cc8b00000) (1024K)]
  0x00000218e2d320d0 WorkerThread "GC Thread#9"                     [id=21924, stack(0x0000008cc8b00000,0x0000008cc8c00000) (1024K)]
Total: 12

Threads with active compile tasks:
C2 CompilerThread2  6827 6246   !   4       org.eclipse.osgi.internal.loader.classpath.ClasspathManager::findLocalClass (210 bytes)
Total: 1

VM state: not at safepoint (normal execution)

VM Mutex/Monitor currently owned by a thread: None

Heap address: 0x0000000080000000, size: 2048 MB, Compressed Oops mode: 32-bit

CDS archive(s) mapped at: [0x000002189b000000-0x000002189bba0000-0x000002189bba0000), size 12189696, SharedBaseAddress: 0x000002189b000000, ArchiveRelocationMode: 1.
Compressed class space mapped at: 0x000002189c000000-0x00000218dc000000, reserved size: 1073741824
Narrow klass base: 0x000002189b000000, Narrow klass shift: 0, Narrow klass range: 0x100000000

GC Precious Log:
 CardTable entry size: 512
 CPUs: 12 total, 12 available
 Memory: 7518M
 Large Page Support: Disabled
 NUMA Support: Disabled
 Compressed Oops: Enabled (32-bit)
 Alignments: Space 512K, Generation 512K, Heap 2M
 Heap Min Capacity: 100M
 Heap Initial Capacity: 100M
 Heap Max Capacity: 2G
 Pre-touch: Disabled
 Parallel Workers: 10

Heap:
 PSYoungGen      total 23040K, used 19313K [0x00000000d5580000, 0x00000000d7300000, 0x0000000100000000)
  eden space 22016K, 83% used [0x00000000d5580000,0x00000000d675c788,0x00000000d6b00000)
  from space 1024K, 100% used [0x00000000d6f00000,0x00000000d7000000,0x00000000d7000000)
  to   space 4096K, 0% used [0x00000000d6b00000,0x00000000d6b00000,0x00000000d6f00000)
 ParOldGen       total 68608K, used 23284K [0x0000000080000000, 0x0000000084300000, 0x00000000d5580000)
  object space 68608K, 33% used [0x0000000080000000,0x00000000816bd0a8,0x0000000084300000)
 Metaspace       used 49193K, committed 50304K, reserved 1114112K
  class space    used 5446K, committed 5952K, reserved 1048576K

Card table byte_map: [0x0000021883a80000,0x0000021883e90000] _byte_map_base: 0x0000021883680000

Marking Bits: (ParMarkBitMap*) 0x00007ffe943ba340
 Begin Bits: [0x0000021896580000, 0x0000021898580000)
 End Bits:   [0x0000021898580000, 0x000002189a580000)

Polling page: 0x0000021881ee0000

Metaspace:

Usage:
  Non-class:     42.72 MB used.
      Class:      5.32 MB used.
       Both:     48.04 MB used.

Virtual space:
  Non-class space:       64.00 MB reserved,      43.31 MB ( 68%) committed,  1 nodes.
      Class space:        1.00 GB reserved,       5.81 MB ( <1%) committed,  1 nodes.
             Both:        1.06 GB reserved,      49.12 MB (  5%) committed. 

Chunk freelists:
   Non-Class:  4.11 MB
       Class:  10.23 MB
        Both:  14.34 MB

MaxMetaspaceSize: unlimited
CompressedClassSpaceSize: 1.00 GB
Initial GC threshold: 21.00 MB
Current GC threshold: 58.38 MB
CDS: on
 - commit_granule_bytes: 65536.
 - commit_granule_words: 8192.
 - virtual_space_node_default_size: 8388608.
 - enlarge_chunks_in_place: 1.
 - use_allocation_guard: 0.


Internal statistics:

num_allocs_failed_limit: 6.
num_arena_births: 780.
num_arena_deaths: 14.
num_vsnodes_births: 2.
num_vsnodes_deaths: 0.
num_space_committed: 786.
num_space_uncommitted: 0.
num_chunks_returned_to_freelist: 20.
num_chunks_taken_from_freelist: 2687.
num_chunk_merges: 10.
num_chunk_splits: 1695.
num_chunks_enlarged: 1065.
num_inconsistent_stats: 0.

CodeHeap 'non-profiled nmethods': size=120000Kb used=2662Kb max_used=2662Kb free=117337Kb
 bounds [0x000002188eda0000, 0x000002188f040000, 0x00000218962d0000]
CodeHeap 'profiled nmethods': size=120000Kb used=11553Kb max_used=11553Kb free=108446Kb
 bounds [0x00000218872d0000, 0x0000021887e20000, 0x000002188e800000]
CodeHeap 'non-nmethods': size=5760Kb used=1404Kb max_used=1469Kb free=4355Kb
 bounds [0x000002188e800000, 0x000002188ea70000, 0x000002188eda0000]
CodeCache: size=245760Kb, used=15619Kb, max_used=15684Kb, free=230138Kb
 total_blobs=6449, nmethods=5746, adapters=609, full_count=0
Compilation: enabled, stopped_count=0, restarted_count=0

Compilation events (20 events):
Event: 6.660 Thread 0x00000218dd168300 nmethod 6319 0x000002188f02c490 code [0x000002188f02c620, 0x000002188f02c7d0]
Event: 6.660 Thread 0x00000218dd168300 6330       4       org.eclipse.osgi.internal.loader.classpath.ClasspathManager::findLocalClassImpl (55 bytes)
Event: 6.663 Thread 0x00000218dd168300 nmethod 6330 0x000002188f02cb90 code [0x000002188f02cd20, 0x000002188f02cea8]
Event: 6.663 Thread 0x00000218dd168300 6324       4       java.util.regex.Matcher::reset (128 bytes)
Event: 6.669 Thread 0x00000218dce08fe0 nmethod 6196 0x000002188f02d010 code [0x000002188f02d5c0, 0x000002188f0333a8]
Event: 6.675 Thread 0x00000218dce08fe0 6307       4       java.lang.invoke.DirectMethodHandle::<init> (148 bytes)
Event: 6.676 Thread 0x00000218dd168300 nmethod 6324 0x000002188f036890 code [0x000002188f036a40, 0x000002188f036d20]
Event: 6.677 Thread 0x00000218dd168300 6308       4       java.lang.invoke.MemberName::getMethodOrFieldType (72 bytes)
Event: 6.679 Thread 0x00000218dce0e6a0 6341       3       java.util.concurrent.atomic.AtomicBoolean::<init> (14 bytes)
Event: 6.680 Thread 0x00000218dce0e6a0 nmethod 6341 0x0000021887e17b90 code [0x0000021887e17d40, 0x0000021887e17ee8]
Event: 6.684 Thread 0x00000218dd168300 nmethod 6308 0x000002188f036f10 code [0x000002188f037120, 0x000002188f0376b0]
Event: 6.684 Thread 0x00000218dd168300 6320       4       java.util.Hashtable$Enumerator::nextElement (111 bytes)
Event: 6.684 Thread 0x00000218dce0e6a0 6343       3       java.util.UUID::<init> (109 bytes)
Event: 6.685 Thread 0x00000218dce0e6a0 nmethod 6343 0x0000021887e17f90 code [0x0000021887e18160, 0x0000021887e184b0]
Event: 6.685 Thread 0x00000218dce08fe0 nmethod 6307 0x000002188f037b10 code [0x000002188f037d60, 0x000002188f038448]
Event: 6.685 Thread 0x00000218dd168300 nmethod 6320 0x000002188f038a90 code [0x000002188f038c20, 0x000002188f038d20]
Event: 6.685 Thread 0x00000218dd168300 6342   !   4       java.lang.invoke.MemberName::getMethodType (211 bytes)
Event: 6.685 Thread 0x00000218dce08fe0 6339       4       jdk.internal.misc.Unsafe::weakCompareAndSetInt (11 bytes)
Event: 6.686 Thread 0x00000218dce08fe0 nmethod 6339 0x000002188f038e10 code [0x000002188f038fa0, 0x000002188f039038]
Event: 6.689 Thread 0x00000218dd168300 nmethod 6342 0x000002188f039110 code [0x000002188f0392e0, 0x000002188f039760]

GC Heap History (20 events):
Event: 4.391 GC heap before
{Heap before GC invocations=11 (full 1):
 PSYoungGen      total 24064K, used 23958K [0x00000000d5580000, 0x00000000d7500000, 0x0000000100000000)
  eden space 23552K, 100% used [0x00000000d5580000,0x00000000d6c80000,0x00000000d6c80000)
  from space 512K, 79% used [0x00000000d6e80000,0x00000000d6ee58b8,0x00000000d6f00000)
  to   space 2048K, 0% used [0x00000000d7300000,0x00000000d7300000,0x00000000d7500000)
 ParOldGen       total 68608K, used 12679K [0x0000000080000000, 0x0000000084300000, 0x00000000d5580000)
  object space 68608K, 18% used [0x0000000080000000,0x0000000080c61f18,0x0000000084300000)
 Metaspace       used 25816K, committed 26624K, reserved 1114112K
  class space    used 2507K, committed 2880K, reserved 1048576K
}
Event: 4.393 GC heap after
{Heap after GC invocations=11 (full 1):
 PSYoungGen      total 25088K, used 1946K [0x00000000d5580000, 0x00000000d7500000, 0x0000000100000000)
  eden space 23040K, 0% used [0x00000000d5580000,0x00000000d5580000,0x00000000d6c00000)
  from space 2048K, 95% used [0x00000000d7300000,0x00000000d74e68c0,0x00000000d7500000)
  to   space 2560K, 0% used [0x00000000d7000000,0x00000000d7000000,0x00000000d7280000)
 ParOldGen       total 68608K, used 13469K [0x0000000080000000, 0x0000000084300000, 0x00000000d5580000)
  object space 68608K, 19% used [0x0000000080000000,0x0000000080d27428,0x0000000084300000)
 Metaspace       used 25816K, committed 26624K, reserved 1114112K
  class space    used 2507K, committed 2880K, reserved 1048576K
}
Event: 4.790 GC heap before
{Heap before GC invocations=12 (full 1):
 PSYoungGen      total 25088K, used 24977K [0x00000000d5580000, 0x00000000d7500000, 0x0000000100000000)
  eden space 23040K, 99% used [0x00000000d5580000,0x00000000d6bfdbe0,0x00000000d6c00000)
  from space 2048K, 95% used [0x00000000d7300000,0x00000000d74e68c0,0x00000000d7500000)
  to   space 2560K, 0% used [0x00000000d7000000,0x00000000d7000000,0x00000000d7280000)
 ParOldGen       total 68608K, used 13469K [0x0000000080000000, 0x0000000084300000, 0x00000000d5580000)
  object space 68608K, 19% used [0x0000000080000000,0x0000000080d27428,0x0000000084300000)
 Metaspace       used 29844K, committed 30848K, reserved 1114112K
  class space    used 2943K, committed 3392K, reserved 1048576K
}
Event: 4.793 GC heap after
{Heap after GC invocations=12 (full 1):
 PSYoungGen      total 25088K, used 2243K [0x00000000d5580000, 0x00000000d7380000, 0x0000000100000000)
  eden space 22528K, 0% used [0x00000000d5580000,0x00000000d5580000,0x00000000d6b80000)
  from space 2560K, 87% used [0x00000000d7000000,0x00000000d7230d90,0x00000000d7280000)
  to   space 1024K, 0% used [0x00000000d7280000,0x00000000d7280000,0x00000000d7380000)
 ParOldGen       total 68608K, used 15267K [0x0000000080000000, 0x0000000084300000, 0x00000000d5580000)
  object space 68608K, 22% used [0x0000000080000000,0x0000000080ee8c40,0x0000000084300000)
 Metaspace       used 29844K, committed 30848K, reserved 1114112K
  class space    used 2943K, committed 3392K, reserved 1048576K
}
Event: 4.899 GC heap before
{Heap before GC invocations=13 (full 1):
 PSYoungGen      total 25088K, used 24749K [0x00000000d5580000, 0x00000000d7380000, 0x0000000100000000)
  eden space 22528K, 99% used [0x00000000d5580000,0x00000000d6b7aa00,0x00000000d6b80000)
  from space 2560K, 87% used [0x00000000d7000000,0x00000000d7230d90,0x00000000d7280000)
  to   space 1024K, 0% used [0x00000000d7280000,0x00000000d7280000,0x00000000d7380000)
 ParOldGen       total 68608K, used 15267K [0x0000000080000000, 0x0000000084300000, 0x00000000d5580000)
  object space 68608K, 22% used [0x0000000080000000,0x0000000080ee8c40,0x0000000084300000)
 Metaspace       used 33117K, committed 34176K, reserved 1114112K
  class space    used 3348K, committed 3776K, reserved 1048576K
}
Event: 4.902 GC heap after
{Heap after GC invocations=13 (full 1):
 PSYoungGen      total 23040K, used 1002K [0x00000000d5580000, 0x00000000d7500000, 0x0000000100000000)
  eden space 22016K, 0% used [0x00000000d5580000,0x00000000d5580000,0x00000000d6b00000)
  from space 1024K, 97% used [0x00000000d7280000,0x00000000d737aba8,0x00000000d7380000)
  to   space 5120K, 0% used [0x00000000d6b00000,0x00000000d6b00000,0x00000000d7000000)
 ParOldGen       total 68608K, used 18666K [0x0000000080000000, 0x0000000084300000, 0x00000000d5580000)
  object space 68608K, 27% used [0x0000000080000000,0x000000008123a938,0x0000000084300000)
 Metaspace       used 33117K, committed 34176K, reserved 1114112K
  class space    used 3348K, committed 3776K, reserved 1048576K
}
Event: 4.980 GC heap before
{Heap before GC invocations=14 (full 1):
 PSYoungGen      total 23040K, used 17499K [0x00000000d5580000, 0x00000000d7500000, 0x0000000100000000)
  eden space 22016K, 74% used [0x00000000d5580000,0x00000000d659c220,0x00000000d6b00000)
  from space 1024K, 97% used [0x00000000d7280000,0x00000000d737aba8,0x00000000d7380000)
  to   space 5120K, 0% used [0x00000000d6b00000,0x00000000d6b00000,0x00000000d7000000)
 ParOldGen       total 68608K, used 18666K [0x0000000080000000, 0x0000000084300000, 0x00000000d5580000)
  object space 68608K, 27% used [0x0000000080000000,0x000000008123a938,0x0000000084300000)
 Metaspace       used 34809K, committed 35840K, reserved 1114112K
  class space    used 3580K, committed 4032K, reserved 1048576K
}
Event: 4.982 GC heap after
{Heap after GC invocations=14 (full 1):
 PSYoungGen      total 27136K, used 1568K [0x00000000d5580000, 0x00000000d7300000, 0x0000000100000000)
  eden space 22016K, 0% used [0x00000000d5580000,0x00000000d5580000,0x00000000d6b00000)
  from space 5120K, 30% used [0x00000000d6b00000,0x00000000d6c88000,0x00000000d7000000)
  to   space 3072K, 0% used [0x00000000d7000000,0x00000000d7000000,0x00000000d7300000)
 ParOldGen       total 68608K, used 19439K [0x0000000080000000, 0x0000000084300000, 0x00000000d5580000)
  object space 68608K, 28% used [0x0000000080000000,0x00000000812fbf18,0x0000000084300000)
 Metaspace       used 34809K, committed 35840K, reserved 1114112K
  class space    used 3580K, committed 4032K, reserved 1048576K
}
Event: 4.982 GC heap before
{Heap before GC invocations=15 (full 2):
 PSYoungGen      total 27136K, used 1568K [0x00000000d5580000, 0x00000000d7300000, 0x0000000100000000)
  eden space 22016K, 0% used [0x00000000d5580000,0x00000000d5580000,0x00000000d6b00000)
  from space 5120K, 30% used [0x00000000d6b00000,0x00000000d6c88000,0x00000000d7000000)
  to   space 3072K, 0% used [0x00000000d7000000,0x00000000d7000000,0x00000000d7300000)
 ParOldGen       total 68608K, used 19439K [0x0000000080000000, 0x0000000084300000, 0x00000000d5580000)
  object space 68608K, 28% used [0x0000000080000000,0x00000000812fbf18,0x0000000084300000)
 Metaspace       used 34809K, committed 35840K, reserved 1114112K
  class space    used 3580K, committed 4032K, reserved 1048576K
}
Event: 5.009 GC heap after
{Heap after GC invocations=15 (full 2):
 PSYoungGen      total 27136K, used 0K [0x00000000d5580000, 0x00000000d7300000, 0x0000000100000000)
  eden space 22016K, 0% used [0x00000000d5580000,0x00000000d5580000,0x00000000d6b00000)
  from space 5120K, 0% used [0x00000000d6b00000,0x00000000d6b00000,0x00000000d7000000)
  to   space 3072K, 0% used [0x00000000d7000000,0x00000000d7000000,0x00000000d7300000)
 ParOldGen       total 68608K, used 18917K [0x0000000080000000, 0x0000000084300000, 0x00000000d5580000)
  object space 68608K, 27% used [0x0000000080000000,0x0000000081279768,0x0000000084300000)
 Metaspace       used 34809K, committed 35840K, reserved 1114112K
  class space    used 3580K, committed 4032K, reserved 1048576K
}
Event: 5.148 GC heap before
{Heap before GC invocations=16 (full 2):
 PSYoungGen      total 27136K, used 22016K [0x00000000d5580000, 0x00000000d7300000, 0x0000000100000000)
  eden space 22016K, 100% used [0x00000000d5580000,0x00000000d6b00000,0x00000000d6b00000)
  from space 5120K, 0% used [0x00000000d6b00000,0x00000000d6b00000,0x00000000d7000000)
  to   space 3072K, 0% used [0x00000000d7000000,0x00000000d7000000,0x00000000d7300000)
 ParOldGen       total 68608K, used 18917K [0x0000000080000000, 0x0000000084300000, 0x00000000d5580000)
  object space 68608K, 27% used [0x0000000080000000,0x0000000081279768,0x0000000084300000)
 Metaspace       used 37687K, committed 38720K, reserved 1114112K
  class space    used 3956K, committed 4416K, reserved 1048576K
}
Event: 5.149 GC heap after
{Heap after GC invocations=16 (full 2):
 PSYoungGen      total 23040K, used 1021K [0x00000000d5580000, 0x00000000d7100000, 0x0000000100000000)
  eden space 22016K, 0% used [0x00000000d5580000,0x00000000d5580000,0x00000000d6b00000)
  from space 1024K, 99% used [0x00000000d7000000,0x00000000d70ff680,0x00000000d7100000)
  to   space 1536K, 0% used [0x00000000d6e00000,0x00000000d6e00000,0x00000000d6f80000)
 ParOldGen       total 68608K, used 18925K [0x0000000080000000, 0x0000000084300000, 0x00000000d5580000)
  object space 68608K, 27% used [0x0000000080000000,0x000000008127b768,0x0000000084300000)
 Metaspace       used 37687K, committed 38720K, reserved 1114112K
  class space    used 3956K, committed 4416K, reserved 1048576K
}
Event: 5.309 GC heap before
{Heap before GC invocations=17 (full 2):
 PSYoungGen      total 23040K, used 23037K [0x00000000d5580000, 0x00000000d7100000, 0x0000000100000000)
  eden space 22016K, 100% used [0x00000000d5580000,0x00000000d6b00000,0x00000000d6b00000)
  from space 1024K, 99% used [0x00000000d7000000,0x00000000d70ff680,0x00000000d7100000)
  to   space 1536K, 0% used [0x00000000d6e00000,0x00000000d6e00000,0x00000000d6f80000)
 ParOldGen       total 68608K, used 18925K [0x0000000080000000, 0x0000000084300000, 0x00000000d5580000)
  object space 68608K, 27% used [0x0000000080000000,0x000000008127b768,0x0000000084300000)
 Metaspace       used 39692K, committed 40768K, reserved 1114112K
  class space    used 4233K, committed 4736K, reserved 1048576K
}
Event: 5.310 GC heap after
{Heap after GC invocations=17 (full 2):
 PSYoungGen      total 23552K, used 894K [0x00000000d5580000, 0x00000000d7080000, 0x0000000100000000)
  eden space 22016K, 0% used [0x00000000d5580000,0x00000000d5580000,0x00000000d6b00000)
  from space 1536K, 58% used [0x00000000d6e00000,0x00000000d6edfa30,0x00000000d6f80000)
  to   space 1024K, 0% used [0x00000000d6f80000,0x00000000d6f80000,0x00000000d7080000)
 ParOldGen       total 68608K, used 19713K [0x0000000080000000, 0x0000000084300000, 0x00000000d5580000)
  object space 68608K, 28% used [0x0000000080000000,0x0000000081340788,0x0000000084300000)
 Metaspace       used 39692K, committed 40768K, reserved 1114112K
  class space    used 4233K, committed 4736K, reserved 1048576K
}
Event: 5.500 GC heap before
{Heap before GC invocations=18 (full 2):
 PSYoungGen      total 23552K, used 22910K [0x00000000d5580000, 0x00000000d7080000, 0x0000000100000000)
  eden space 22016K, 100% used [0x00000000d5580000,0x00000000d6b00000,0x00000000d6b00000)
  from space 1536K, 58% used [0x00000000d6e00000,0x00000000d6edfa30,0x00000000d6f80000)
  to   space 1024K, 0% used [0x00000000d6f80000,0x00000000d6f80000,0x00000000d7080000)
 ParOldGen       total 68608K, used 19713K [0x0000000080000000, 0x0000000084300000, 0x00000000d5580000)
  object space 68608K, 28% used [0x0000000080000000,0x0000000081340788,0x0000000084300000)
 Metaspace       used 41780K, committed 42880K, reserved 1114112K
  class space    used 4497K, committed 4928K, reserved 1048576K
}
Event: 5.502 GC heap after
{Heap after GC invocations=18 (full 2):
 PSYoungGen      total 23040K, used 1024K [0x00000000d5580000, 0x00000000d7080000, 0x0000000100000000)
  eden space 22016K, 0% used [0x00000000d5580000,0x00000000d5580000,0x00000000d6b00000)
  from space 1024K, 100% used [0x00000000d6f80000,0x00000000d7080000,0x00000000d7080000)
  to   space 1536K, 0% used [0x00000000d6d80000,0x00000000d6d80000,0x00000000d6f00000)
 ParOldGen       total 68608K, used 20316K [0x0000000080000000, 0x0000000084300000, 0x00000000d5580000)
  object space 68608K, 29% used [0x0000000080000000,0x00000000813d72e0,0x0000000084300000)
 Metaspace       used 41780K, committed 42880K, reserved 1114112K
  class space    used 4497K, committed 4928K, reserved 1048576K
}
Event: 5.787 GC heap before
{Heap before GC invocations=19 (full 2):
 PSYoungGen      total 23040K, used 23040K [0x00000000d5580000, 0x00000000d7080000, 0x0000000100000000)
  eden space 22016K, 100% used [0x00000000d5580000,0x00000000d6b00000,0x00000000d6b00000)
  from space 1024K, 100% used [0x00000000d6f80000,0x00000000d7080000,0x00000000d7080000)
  to   space 1536K, 0% used [0x00000000d6d80000,0x00000000d6d80000,0x00000000d6f00000)
 ParOldGen       total 68608K, used 20316K [0x0000000080000000, 0x0000000084300000, 0x00000000d5580000)
  object space 68608K, 29% used [0x0000000080000000,0x00000000813d72e0,0x0000000084300000)
 Metaspace       used 44603K, committed 45760K, reserved 1114112K
  class space    used 4851K, committed 5376K, reserved 1048576K
}
Event: 5.789 GC heap after
{Heap after GC invocations=19 (full 2):
 PSYoungGen      total 23552K, used 1426K [0x00000000d5580000, 0x00000000d7000000, 0x0000000100000000)
  eden space 22016K, 0% used [0x00000000d5580000,0x00000000d5580000,0x00000000d6b00000)
  from space 1536K, 92% used [0x00000000d6d80000,0x00000000d6ee49c0,0x00000000d6f00000)
  to   space 1024K, 0% used [0x00000000d6f00000,0x00000000d6f00000,0x00000000d7000000)
 ParOldGen       total 68608K, used 20996K [0x0000000080000000, 0x0000000084300000, 0x00000000d5580000)
  object space 68608K, 30% used [0x0000000080000000,0x00000000814812e0,0x0000000084300000)
 Metaspace       used 44603K, committed 45760K, reserved 1114112K
  class space    used 4851K, committed 5376K, reserved 1048576K
}
Event: 6.107 GC heap before
{Heap before GC invocations=20 (full 2):
 PSYoungGen      total 23552K, used 23442K [0x00000000d5580000, 0x00000000d7000000, 0x0000000100000000)
  eden space 22016K, 100% used [0x00000000d5580000,0x00000000d6b00000,0x00000000d6b00000)
  from space 1536K, 92% used [0x00000000d6d80000,0x00000000d6ee49c0,0x00000000d6f00000)
  to   space 1024K, 0% used [0x00000000d6f00000,0x00000000d6f00000,0x00000000d7000000)
 ParOldGen       total 68608K, used 20996K [0x0000000080000000, 0x0000000084300000, 0x00000000d5580000)
  object space 68608K, 30% used [0x0000000080000000,0x00000000814812e0,0x0000000084300000)
 Metaspace       used 46910K, committed 48000K, reserved 1114112K
  class space    used 5179K, committed 5696K, reserved 1048576K
}
Event: 6.108 GC heap after
{Heap after GC invocations=20 (full 2):
 PSYoungGen      total 23040K, used 1024K [0x00000000d5580000, 0x00000000d7300000, 0x0000000100000000)
  eden space 22016K, 0% used [0x00000000d5580000,0x00000000d5580000,0x00000000d6b00000)
  from space 1024K, 100% used [0x00000000d6f00000,0x00000000d7000000,0x00000000d7000000)
  to   space 4096K, 0% used [0x00000000d6b00000,0x00000000d6b00000,0x00000000d6f00000)
 ParOldGen       total 68608K, used 23284K [0x0000000080000000, 0x0000000084300000, 0x00000000d5580000)
  object space 68608K, 33% used [0x0000000080000000,0x00000000816bd0a8,0x0000000084300000)
 Metaspace       used 46910K, committed 48000K, reserved 1114112K
  class space    used 5179K, committed 5696K, reserved 1048576K
}

Dll operation events (14 events):
Event: 0.013 Loaded shared library c:\Users\rosha\.vscode\extensions\redhat.java-1.45.0-win32-x64\jre\21.0.8-win32-x86_64\bin\java.dll
Event: 0.082 Loaded shared library c:\Users\rosha\.vscode\extensions\redhat.java-1.45.0-win32-x64\jre\21.0.8-win32-x86_64\bin\zip.dll
Event: 0.106 Loaded shared library C:\Users\rosha\.vscode\extensions\redhat.java-1.45.0-win32-x64\jre\21.0.8-win32-x86_64\bin\instrument.dll
Event: 0.112 Loaded shared library C:\Users\rosha\.vscode\extensions\redhat.java-1.45.0-win32-x64\jre\21.0.8-win32-x86_64\bin\net.dll
Event: 0.114 Loaded shared library C:\Users\rosha\.vscode\extensions\redhat.java-1.45.0-win32-x64\jre\21.0.8-win32-x86_64\bin\nio.dll
Event: 0.118 Loaded shared library C:\Users\rosha\.vscode\extensions\redhat.java-1.45.0-win32-x64\jre\21.0.8-win32-x86_64\bin\zip.dll
Event: 0.136 Loaded shared library C:\Users\rosha\.vscode\extensions\redhat.java-1.45.0-win32-x64\jre\21.0.8-win32-x86_64\bin\jimage.dll
Event: 0.229 Loaded shared library c:\Users\rosha\.vscode\extensions\redhat.java-1.45.0-win32-x64\jre\21.0.8-win32-x86_64\bin\verify.dll
Event: 1.614 Loaded shared library C:\Users\rosha\AppData\Roaming\Code\User\globalStorage\redhat.java\1.45.0\config_win\org.eclipse.equinox.launcher\org.eclipse.equinox.launcher.win32.win32.x86_64_1.2.1400.v20250801-0854\eclipse_11916.dll
Event: 3.251 Loaded shared library C:\Users\rosha\.vscode\extensions\redhat.java-1.45.0-win32-x64\jre\21.0.8-win32-x86_64\bin\management.dll
Event: 3.253 Loaded shared library C:\Users\rosha\.vscode\extensions\redhat.java-1.45.0-win32-x64\jre\21.0.8-win32-x86_64\bin\management_ext.dll
Event: 4.697 Loaded shared library C:\Users\rosha\AppData\Local\Temp\jna-108702031\jna13300629595789140627.dll
Event: 4.810 Loaded shared library C:\Users\rosha\.vscode\extensions\redhat.java-1.45.0-win32-x64\jre\21.0.8-win32-x86_64\bin\sunmscapi.dll
Event: 5.110 Loaded shared library C:\Users\rosha\.vscode\extensions\redhat.java-1.45.0-win32-x64\jre\21.0.8-win32-x86_64\bin\extnet.dll

Deoptimization events (20 events):
Event: 6.528 Thread 0x00000218e5597fd0 Uncommon trap: trap_request=0xffffff45 fr.pc=0x000002188efc5264 relative=0x0000000000001884
Event: 6.528 Thread 0x00000218e5597fd0 Uncommon trap: reason=unstable_if action=reinterpret pc=0x000002188efc5264 method=sun.nio.cs.StreamDecoder.implRead([CII)I @ 36 c2
Event: 6.528 Thread 0x00000218e5597fd0 DEOPT PACKING pc=0x000002188efc5264 sp=0x0000008ccaafe4b0
Event: 6.528 Thread 0x00000218e5597fd0 DEOPT UNPACKING pc=0x000002188e853aa2 sp=0x0000008ccaafe358 mode 2
Event: 6.533 Thread 0x00000218e5597fd0 DEOPT PACKING pc=0x0000021887c83dbc sp=0x0000008ccaaf88f0
Event: 6.533 Thread 0x00000218e5597fd0 DEOPT UNPACKING pc=0x000002188e854242 sp=0x0000008ccaaf7e10 mode 0
Event: 6.551 Thread 0x00000218e5597fd0 Uncommon trap: trap_request=0xffffff45 fr.pc=0x000002188ef28908 relative=0x00000000000013a8
Event: 6.552 Thread 0x00000218e5597fd0 Uncommon trap: reason=unstable_if action=reinterpret pc=0x000002188ef28908 method=sun.nio.fs.WindowsPathParser.isSlash(C)Z @ 9 c2
Event: 6.552 Thread 0x00000218e5597fd0 DEOPT PACKING pc=0x000002188ef28908 sp=0x0000008ccaafe1b0
Event: 6.552 Thread 0x00000218e5597fd0 DEOPT UNPACKING pc=0x000002188e853aa2 sp=0x0000008ccaafe150 mode 2
Event: 6.566 Thread 0x00000218e5597fd0 DEOPT PACKING pc=0x00000218876b1f59 sp=0x0000008ccaafda10
Event: 6.566 Thread 0x00000218e5597fd0 DEOPT UNPACKING pc=0x000002188e854242 sp=0x0000008ccaafcea8 mode 0
Event: 6.647 Thread 0x00000218e5597fd0 Uncommon trap: trap_request=0xffffff45 fr.pc=0x000002188ef82cdc relative=0x000000000000069c
Event: 6.647 Thread 0x00000218e5597fd0 Uncommon trap: reason=unstable_if action=reinterpret pc=0x000002188ef82cdc method=java.util.zip.ZipCoder.hash(Ljava/lang/String;)I @ 11 c2
Event: 6.647 Thread 0x00000218e5597fd0 DEOPT PACKING pc=0x000002188ef82cdc sp=0x0000008ccaafdf90
Event: 6.647 Thread 0x00000218e5597fd0 DEOPT UNPACKING pc=0x000002188e853aa2 sp=0x0000008ccaafdee0 mode 2
Event: 6.648 Thread 0x00000218e5597fd0 Uncommon trap: trap_request=0xffffff6e fr.pc=0x000002188eec8898 relative=0x0000000000000178
Event: 6.648 Thread 0x00000218e5597fd0 Uncommon trap: reason=loop_limit_check action=maybe_recompile pc=0x000002188eec8898 method=java.lang.StringLatin1.lastIndexOf([BII)I @ 19 c2
Event: 6.648 Thread 0x00000218e5597fd0 DEOPT PACKING pc=0x000002188eec8898 sp=0x0000008ccaafdf00
Event: 6.648 Thread 0x00000218e5597fd0 DEOPT UNPACKING pc=0x000002188e853aa2 sp=0x0000008ccaafddb8 mode 2

Classes loaded (20 events):
Event: 6.596 Loading class java/util/stream/Streams$1
Event: 6.597 Loading class java/util/stream/Streams$1 done
Event: 6.597 Loading class java/nio/file/FileChannelLinesSpliterator$1
Event: 6.597 Loading class java/nio/file/FileChannelLinesSpliterator$1 done
Event: 6.641 Loading class sun/nio/ch/WindowsAsynchronousFileChannelImpl$WriteTask
Event: 6.641 Loading class sun/nio/ch/WindowsAsynchronousFileChannelImpl$WriteTask done
Event: 6.651 Loading class java/lang/ProcessBuilder
Event: 6.651 Loading class java/lang/ProcessBuilder done
Event: 6.652 Loading class java/lang/ProcessImpl
Event: 6.652 Loading class java/lang/ProcessImpl done
Event: 6.652 Loading class jdk/internal/math/FormattedFPDecimal
Event: 6.652 Loading class jdk/internal/math/FormattedFPDecimal done
Event: 6.663 Loading class java/lang/ProcessImpl$2
Event: 6.663 Loading class java/lang/ProcessImpl$2 done
Event: 6.663 Loading class java/lang/Process$PipeInputStream
Event: 6.663 Loading class java/lang/Process$PipeInputStream done
Event: 6.665 Loading class jdk/internal/event/ProcessStartEvent
Event: 6.665 Loading class jdk/internal/event/ProcessStartEvent done
Event: 6.670 Loading class java/lang/IllegalThreadStateException
Event: 6.670 Loading class java/lang/IllegalThreadStateException done

Classes unloaded (7 events):
Event: 3.900 Thread 0x0000021884072cd0 Unloading class 0x000002189c1aa000 'java/lang/invoke/LambdaForm$MH+0x000002189c1aa000'
Event: 3.900 Thread 0x0000021884072cd0 Unloading class 0x000002189c1a9c00 'java/lang/invoke/LambdaForm$MH+0x000002189c1a9c00'
Event: 3.900 Thread 0x0000021884072cd0 Unloading class 0x000002189c1a9800 'java/lang/invoke/LambdaForm$MH+0x000002189c1a9800'
Event: 3.900 Thread 0x0000021884072cd0 Unloading class 0x000002189c1a9400 'java/lang/invoke/LambdaForm$MH+0x000002189c1a9400'
Event: 3.900 Thread 0x0000021884072cd0 Unloading class 0x000002189c1a9000 'java/lang/invoke/LambdaForm$BMH+0x000002189c1a9000'
Event: 3.900 Thread 0x0000021884072cd0 Unloading class 0x000002189c1a8c00 'java/lang/invoke/LambdaForm$DMH+0x000002189c1a8c00'
Event: 3.900 Thread 0x0000021884072cd0 Unloading class 0x000002189c1a3800 'java/lang/invoke/LambdaForm$DMH+0x000002189c1a3800'

Classes redefined (0 events):
No events

Internal exceptions (20 events):
Event: 6.602 Thread 0x00000218e5597fd0 Exception <a 'sun/nio/fs/WindowsException'{0x00000000d644e648}> (0x00000000d644e648) 
thrown [s\src\hotspot\share\prims\jni.cpp, line 520]
Event: 6.602 Thread 0x00000218e5597fd0 Exception <a 'sun/nio/fs/WindowsException'{0x00000000d644f148}> (0x00000000d644f148) 
thrown [s\src\hotspot\share\prims\jni.cpp, line 520]
Event: 6.610 Thread 0x00000218e5597fd0 Exception <a 'sun/nio/fs/WindowsException'{0x00000000d6486288}> (0x00000000d6486288) 
thrown [s\src\hotspot\share\prims\jni.cpp, line 520]
Event: 6.610 Thread 0x00000218e5597fd0 Exception <a 'sun/nio/fs/WindowsException'{0x00000000d6487020}> (0x00000000d6487020) 
thrown [s\src\hotspot\share\prims\jni.cpp, line 520]
Event: 6.613 Thread 0x00000218e5597fd0 Exception <a 'sun/nio/fs/WindowsException'{0x00000000d64b5bf8}> (0x00000000d64b5bf8) 
thrown [s\src\hotspot\share\prims\jni.cpp, line 520]
Event: 6.613 Thread 0x00000218e5597fd0 Exception <a 'sun/nio/fs/WindowsException'{0x00000000d64b66f8}> (0x00000000d64b66f8) 
thrown [s\src\hotspot\share\prims\jni.cpp, line 520]
Event: 6.614 Thread 0x00000218e5597fd0 Exception <a 'sun/nio/fs/WindowsException'{0x00000000d64b79c8}> (0x00000000d64b79c8) 
thrown [s\src\hotspot\share\prims\jni.cpp, line 520]
Event: 6.614 Thread 0x00000218e5597fd0 Exception <a 'sun/nio/fs/WindowsException'{0x00000000d64b84c8}> (0x00000000d64b84c8) 
thrown [s\src\hotspot\share\prims\jni.cpp, line 520]
Event: 6.622 Thread 0x00000218e5597fd0 Exception <a 'java/lang/NoSuchMethodError'{0x00000000d6535338}: 'void java.lang.invoke.DirectMethodHandle$Holder.invokeVirtual(java.lang.Object, java.lang.Object, java.lang.Object, java.lang.Object)'> (0x00000000d6535338) 
thrown [s\src\hotspot\share\interpreter\linkResolver.cpp, line 773]
Event: 6.630 Thread 0x00000218e5597fd0 Exception <a 'sun/nio/fs/WindowsException'{0x00000000d65833c8}> (0x00000000d65833c8) 
thrown [s\src\hotspot\share\prims\jni.cpp, line 520]
Event: 6.630 Thread 0x00000218e5597fd0 Exception <a 'sun/nio/fs/WindowsException'{0x00000000d6583ec8}> (0x00000000d6583ec8) 
thrown [s\src\hotspot\share\prims\jni.cpp, line 520]
Event: 6.634 Thread 0x00000218e5597fd0 Exception <a 'sun/nio/fs/WindowsException'{0x00000000d65a6d98}> (0x00000000d65a6d98) 
thrown [s\src\hotspot\share\prims\jni.cpp, line 520]
Event: 6.635 Thread 0x00000218e5597fd0 Exception <a 'sun/nio/fs/WindowsException'{0x00000000d65a7898}> (0x00000000d65a7898) 
thrown [s\src\hotspot\share\prims\jni.cpp, line 520]
Event: 6.637 Thread 0x00000218e5597fd0 Exception <a 'sun/nio/fs/WindowsException'{0x00000000d65bbdc0}> (0x00000000d65bbdc0) 
thrown [s\src\hotspot\share\prims\jni.cpp, line 520]
Event: 6.646 Thread 0x00000218e5597fd0 Exception <a 'sun/nio/fs/WindowsException'{0x00000000d65fd5e8}> (0x00000000d65fd5e8) 
thrown [s\src\hotspot\share\prims\jni.cpp, line 520]
Event: 6.646 Thread 0x00000218e5597fd0 Exception <a 'sun/nio/fs/WindowsException'{0x00000000d65fdc18}> (0x00000000d65fdc18) 
thrown [s\src\hotspot\share\prims\jni.cpp, line 520]
Event: 6.646 Thread 0x00000218e5597fd0 Exception <a 'sun/nio/fs/WindowsException'{0x00000000d65fe548}> (0x00000000d65fe548) 
thrown [s\src\hotspot\share\prims\jni.cpp, line 520]
Event: 6.646 Thread 0x00000218e5597fd0 Exception <a 'sun/nio/fs/WindowsException'{0x00000000d65fee28}> (0x00000000d65fee28) 
thrown [s\src\hotspot\share\prims\jni.cpp, line 520]
Event: 6.649 Thread 0x00000218e2b0d190 Exception <a 'java/lang/NoSuchMethodError'{0x00000000d6630b78}: 'int java.lang.invoke.DirectMethodHandle$Holder.invokeSpecialIFC(java.lang.Object, java.lang.Object, java.lang.Object, java.lang.Object)'> (0x00000000d6630b78) 
thrown [s\src\hotspot\share\interpreter\linkResolver.cpp, line 773]
Event: 6.662 Thread 0x00000218e5597fd0 Exception <a 'java/lang/NoSuchMethodError'{0x00000000d6685c20}: 'void java.lang.invoke.DirectMethodHandle$Holder.invokeStatic(java.lang.Object, long)'> (0x00000000d6685c20) 
thrown [s\src\hotspot\share\interpreter\linkResolver.cpp, line 773]

ZGC Phase Switch (0 events):
No events

VM Operations (20 events):
Event: 5.500 Executing VM operation: ParallelGCFailedAllocation (Allocation Failure)
Event: 5.502 Executing VM operation: ParallelGCFailedAllocation (Allocation Failure) done
Event: 5.682 Executing VM operation: HandshakeAllThreads (Deoptimize)
Event: 5.682 Executing VM operation: HandshakeAllThreads (Deoptimize) done
Event: 5.787 Executing VM operation: ParallelGCFailedAllocation (Allocation Failure)
Event: 5.789 Executing VM operation: ParallelGCFailedAllocation (Allocation Failure) done
Event: 5.803 Executing VM operation: HandshakeAllThreads (Deoptimize)
Event: 5.803 Executing VM operation: HandshakeAllThreads (Deoptimize) done
Event: 5.820 Executing VM operation: HandshakeAllThreads (Deoptimize)
Event: 5.820 Executing VM operation: HandshakeAllThreads (Deoptimize) done
Event: 6.044 Executing VM operation: ICBufferFull
Event: 6.045 Executing VM operation: ICBufferFull done
Event: 6.106 Executing VM operation: ParallelGCFailedAllocation (Allocation Failure)
Event: 6.108 Executing VM operation: ParallelGCFailedAllocation (Allocation Failure) done
Event: 6.540 Executing VM operation: HandshakeAllThreads (Deoptimize)
Event: 6.540 Executing VM operation: HandshakeAllThreads (Deoptimize) done
Event: 6.649 Executing VM operation: ICBufferFull
Event: 6.649 Executing VM operation: ICBufferFull done
Event: 6.665 Executing VM operation: HandshakeAllThreads (Deoptimize)
Event: 6.665 Executing VM operation: HandshakeAllThreads (Deoptimize) done

Memory protections (0 events):
No events

Nmethod flushes (20 events):
Event: 4.997 Thread 0x0000021884072cd0 flushing  nmethod 0x0000021887945410
Event: 4.997 Thread 0x0000021884072cd0 flushing  nmethod 0x0000021887945810
Event: 4.997 Thread 0x0000021884072cd0 flushing  nmethod 0x0000021887946e10
Event: 4.997 Thread 0x0000021884072cd0 flushing  nmethod 0x0000021887947590
Event: 4.997 Thread 0x0000021884072cd0 flushing  nmethod 0x0000021887948b10
Event: 4.997 Thread 0x0000021884072cd0 flushing  nmethod 0x0000021887949010
Event: 4.997 Thread 0x0000021884072cd0 flushing  nmethod 0x0000021887949810
Event: 4.997 Thread 0x0000021884072cd0 flushing  nmethod 0x000002188794ad10
Event: 4.997 Thread 0x0000021884072cd0 flushing  nmethod 0x000002188794b190
Event: 4.997 Thread 0x0000021884072cd0 flushing  nmethod 0x000002188794c290
Event: 4.997 Thread 0x0000021884072cd0 flushing  nmethod 0x000002188794d710
Event: 4.997 Thread 0x0000021884072cd0 flushing  nmethod 0x000002188796b910
Event: 4.997 Thread 0x0000021884072cd0 flushing  nmethod 0x0000021887975190
Event: 4.997 Thread 0x0000021884072cd0 flushing  nmethod 0x0000021887982e10
Event: 4.997 Thread 0x0000021884072cd0 flushing  nmethod 0x0000021887986790
Event: 4.997 Thread 0x0000021884072cd0 flushing  nmethod 0x000002188798c010
Event: 4.997 Thread 0x0000021884072cd0 flushing  nmethod 0x0000021887998290
Event: 4.997 Thread 0x0000021884072cd0 flushing  nmethod 0x00000218879d2110
Event: 4.997 Thread 0x0000021884072cd0 flushing  nmethod 0x0000021887a0b410
Event: 4.997 Thread 0x0000021884072cd0 flushing  nmethod 0x0000021887a68110

Events (20 events):
Event: 4.845 Thread 0x0000021881dcb560 Thread added: 0x00000218e2b0b750
Event: 4.845 Thread 0x0000021881dcb560 Thread added: 0x00000218e2b0cb00
Event: 4.845 Thread 0x0000021881dcb560 Thread added: 0x00000218e2b0c470
Event: 4.845 Thread 0x0000021881dcb560 Thread added: 0x00000218e55972b0
Event: 4.845 Thread 0x0000021881dcb560 Thread added: 0x00000218e5593e30
Event: 4.846 Thread 0x0000021881dcb560 Thread added: 0x00000218e5596590
Event: 4.846 Thread 0x0000021881dcb560 Thread added: 0x00000218e5597940
Event: 4.846 Thread 0x0000021881dcb560 Thread added: 0x00000218e5595f00
Event: 4.846 Thread 0x0000021881dcb560 Thread added: 0x00000218e5594b50
Event: 4.877 Thread 0x0000021881dcb560 Thread added: 0x00000218e5596c20
Event: 5.117 Thread 0x0000021881dcb560 Thread added: 0x00000218e5595870
Event: 5.117 Thread 0x0000021881dcb560 Thread added: 0x00000218e5597fd0
Event: 5.607 Thread 0x00000218e2b06890 Thread added: 0x00000218e5598660
Event: 5.607 Thread 0x00000218e5598660 Thread exited: 0x00000218e5598660
Event: 5.802 Thread 0x00000218e2b06890 Thread added: 0x00000218e5598660
Event: 6.442 Thread 0x00000218dce08fe0 Thread added: 0x00000218dd165a20
Event: 6.684 Thread 0x00000218e5597fd0 Thread added: 0x00000218e55951e0
Event: 6.685 Thread 0x00000218e5597fd0 Thread added: 0x00000218e5599a10
Event: 6.685 Thread 0x00000218e5597fd0 Thread added: 0x00000218e559b450
Event: 6.686 Thread 0x00000218e5597fd0 Thread added: 0x00000218e5598cf0


Dynamic libraries:
0x00007ff717900000 - 0x00007ff71790e000 	c:\Users\rosha\.vscode\extensions\redhat.java-1.45.0-win32-x64\jre\21.0.8-win32-x86_64\bin\java.exe
0x00007fff1f1e0000 - 0x00007fff1f449000 	C:\WINDOWS\SYSTEM32\ntdll.dll
0x00007fff1d880000 - 0x00007fff1d949000 	C:\WINDOWS\System32\KERNEL32.DLL
0x00007fff1c8e0000 - 0x00007fff1ccd3000 	C:\WINDOWS\System32\KERNELBASE.dll
0x00007fff1c3a0000 - 0x00007fff1c4eb000 	C:\WINDOWS\System32\ucrtbase.dll
0x00007ffe9b210000 - 0x00007ffe9b228000 	c:\Users\rosha\.vscode\extensions\redhat.java-1.45.0-win32-x64\jre\21.0.8-win32-x86_64\bin\jli.dll
0x00007ffe9adf0000 - 0x00007ffe9ae0e000 	c:\Users\rosha\.vscode\extensions\redhat.java-1.45.0-win32-x64\jre\21.0.8-win32-x86_64\bin\VCRUNTIME140.dll
0x00007fff1d150000 - 0x00007fff1d314000 	C:\WINDOWS\System32\USER32.dll
0x00007fff1c370000 - 0x00007fff1c397000 	C:\WINDOWS\System32\win32u.dll
0x00007fff02b00000 - 0x00007fff02d93000 	C:\WINDOWS\WinSxS\amd64_microsoft.windows.common-controls_6595b64144ccf1df_6.0.26100.5074_none_3e0d6f78e32fd63f\COMCTL32.dll
0x00007fff1e0a0000 - 0x00007fff1e0cb000 	C:\WINDOWS\System32\GDI32.dll
0x00007fff1e380000 - 0x00007fff1e429000 	C:\WINDOWS\System32\msvcrt.dll
0x00007fff1c720000 - 0x00007fff1c84d000 	C:\WINDOWS\System32\gdi32full.dll
0x00007fff1cce0000 - 0x00007fff1cd83000 	C:\WINDOWS\System32\msvcp_win.dll
0x00007fff1d730000 - 0x00007fff1d75f000 	C:\WINDOWS\System32\IMM32.DLL
0x00007ffed5ec0000 - 0x00007ffed5ecc000 	c:\Users\rosha\.vscode\extensions\redhat.java-1.45.0-win32-x64\jre\21.0.8-win32-x86_64\bin\vcruntime140_1.dll
0x00007ffe9a390000 - 0x00007ffe9a41d000 	c:\Users\rosha\.vscode\extensions\redhat.java-1.45.0-win32-x64\jre\21.0.8-win32-x86_64\bin\msvcp140.dll
0x00007ffe93700000 - 0x00007ffe94497000 	c:\Users\rosha\.vscode\extensions\redhat.java-1.45.0-win32-x64\jre\21.0.8-win32-x86_64\bin\server\jvm.dll
0x00007fff1d480000 - 0x00007fff1d534000 	C:\WINDOWS\System32\ADVAPI32.dll
0x00007fff1d3c0000 - 0x00007fff1d466000 	C:\WINDOWS\System32\sechost.dll
0x00007fff1e160000 - 0x00007fff1e278000 	C:\WINDOWS\System32\RPCRT4.dll
0x00007fff1f030000 - 0x00007fff1f0a4000 	C:\WINDOWS\System32\WS2_32.dll
0x00007fff1c1d0000 - 0x00007fff1c22e000 	C:\WINDOWS\SYSTEM32\POWRPROF.dll
0x00007fff150f0000 - 0x00007fff15125000 	C:\WINDOWS\SYSTEM32\WINMM.dll
0x00007fff15130000 - 0x00007fff1513b000 	C:\WINDOWS\SYSTEM32\VERSION.dll
0x00007fff1c1b0000 - 0x00007fff1c1c4000 	C:\WINDOWS\SYSTEM32\UMPDC.dll
0x00007fff1b150000 - 0x00007fff1b16b000 	C:\WINDOWS\SYSTEM32\kernel.appcore.dll
0x00007ffed5360000 - 0x00007ffed536a000 	c:\Users\rosha\.vscode\extensions\redhat.java-1.45.0-win32-x64\jre\21.0.8-win32-x86_64\bin\jimage.dll
0x00007fff10990000 - 0x00007fff10bd2000 	C:\WINDOWS\SYSTEM32\DBGHELP.DLL
0x00007fff1e820000 - 0x00007fff1eb9b000 	C:\WINDOWS\System32\combase.dll
0x00007fff1d770000 - 0x00007fff1d847000 	C:\WINDOWS\System32\OLEAUT32.dll
0x00007fff01e20000 - 0x00007fff01e5d000 	C:\WINDOWS\SYSTEM32\dbgcore.DLL
0x00007fff1cd90000 - 0x00007fff1ce29000 	C:\WINDOWS\System32\bcryptPrimitives.dll
0x00007ffed52c0000 - 0x00007ffed52cf000 	c:\Users\rosha\.vscode\extensions\redhat.java-1.45.0-win32-x64\jre\21.0.8-win32-x86_64\bin\instrument.dll
0x00007ffe9b6b0000 - 0x00007ffe9b6cf000 	c:\Users\rosha\.vscode\extensions\redhat.java-1.45.0-win32-x64\jre\21.0.8-win32-x86_64\bin\java.dll
0x00007fff1d950000 - 0x00007fff1e09d000 	C:\WINDOWS\System32\SHELL32.dll
0x00007fff1c5b0000 - 0x00007fff1c71c000 	C:\WINDOWS\System32\wintypes.dll
0x00007fff19fa0000 - 0x00007fff1a7f9000 	C:\WINDOWS\SYSTEM32\windows.storage.dll
0x00007fff1e280000 - 0x00007fff1e370000 	C:\WINDOWS\System32\SHCORE.dll
0x00007fff1d320000 - 0x00007fff1d382000 	C:\WINDOWS\System32\shlwapi.dll
0x00007fff1c290000 - 0x00007fff1c2b9000 	C:\WINDOWS\SYSTEM32\profapi.dll
0x00007ffe9a860000 - 0x00007ffe9a878000 	c:\Users\rosha\.vscode\extensions\redhat.java-1.45.0-win32-x64\jre\21.0.8-win32-x86_64\bin\zip.dll
0x00007ffed4910000 - 0x00007ffed4920000 	C:\Users\rosha\.vscode\extensions\redhat.java-1.45.0-win32-x64\jre\21.0.8-win32-x86_64\bin\net.dll
0x00007fff16d20000 - 0x00007fff16e3f000 	C:\WINDOWS\SYSTEM32\WINHTTP.dll
0x00007fff1b6d0000 - 0x00007fff1b73b000 	C:\WINDOWS\system32\mswsock.dll
0x00007ffe9a450000 - 0x00007ffe9a466000 	C:\Users\rosha\.vscode\extensions\redhat.java-1.45.0-win32-x64\jre\21.0.8-win32-x86_64\bin\nio.dll
0x00007ffed48d0000 - 0x00007ffed48e0000 	c:\Users\rosha\.vscode\extensions\redhat.java-1.45.0-win32-x64\jre\21.0.8-win32-x86_64\bin\verify.dll
0x00007ffe9a2f0000 - 0x00007ffe9a334000 	C:\Users\rosha\AppData\Roaming\Code\User\globalStorage\redhat.java\1.45.0\config_win\org.eclipse.equinox.launcher\org.eclipse.equinox.launcher.win32.win32.x86_64_1.2.1400.v20250801-0854\eclipse_11916.dll
0x00007fff1cfb0000 - 0x00007fff1d148000 	C:\WINDOWS\System32\ole32.dll
0x00007fff080e0000 - 0x00007fff080ea000 	C:\Users\rosha\.vscode\extensions\redhat.java-1.45.0-win32-x64\jre\21.0.8-win32-x86_64\bin\management.dll
0x00007fff080d0000 - 0x00007fff080db000 	C:\Users\rosha\.vscode\extensions\redhat.java-1.45.0-win32-x64\jre\21.0.8-win32-x86_64\bin\management_ext.dll
0x00007fff1d540000 - 0x00007fff1d548000 	C:\WINDOWS\System32\PSAPI.DLL
0x00007fff1b970000 - 0x00007fff1b98b000 	C:\WINDOWS\SYSTEM32\CRYPTSP.dll
0x00007fff1b0b0000 - 0x00007fff1b0eb000 	C:\WINDOWS\system32\rsaenh.dll
0x00007fff1b770000 - 0x00007fff1b79b000 	C:\WINDOWS\SYSTEM32\USERENV.dll
0x00007fff1c260000 - 0x00007fff1c286000 	C:\WINDOWS\SYSTEM32\bcrypt.dll
0x00007fff1b990000 - 0x00007fff1b99c000 	C:\WINDOWS\SYSTEM32\CRYPTBASE.dll
0x00007fff1abe0000 - 0x00007fff1ac14000 	C:\WINDOWS\SYSTEM32\IPHLPAPI.DLL
0x00007fff1f190000 - 0x00007fff1f19a000 	C:\WINDOWS\System32\NSI.dll
0x00007ffeadc80000 - 0x00007ffeadcc9000 	C:\Users\rosha\AppData\Local\Temp\jna-108702031\jna13300629595789140627.dll
0x00007fff16f20000 - 0x00007fff16f3e000 	C:\WINDOWS\SYSTEM32\dhcpcsvc6.DLL
0x00007fff16e60000 - 0x00007fff16e83000 	C:\WINDOWS\SYSTEM32\dhcpcsvc.DLL
0x00007ffeffb20000 - 0x00007ffeffb2e000 	C:\Users\rosha\.vscode\extensions\redhat.java-1.45.0-win32-x64\jre\21.0.8-win32-x86_64\bin\sunmscapi.dll
0x00007fff1ce30000 - 0x00007fff1cfa7000 	C:\WINDOWS\System32\CRYPT32.dll
0x00007fff1bb90000 - 0x00007fff1bbc0000 	C:\WINDOWS\SYSTEM32\ncrypt.dll
0x00007fff1bb40000 - 0x00007fff1bb7f000 	C:\WINDOWS\SYSTEM32\NTASN1.dll
0x00007fff1ac20000 - 0x00007fff1ad46000 	C:\WINDOWS\SYSTEM32\DNSAPI.dll
0x00007fff15600000 - 0x00007fff1560b000 	C:\Windows\System32\rasadhlp.dll
0x00007fff16ff0000 - 0x00007fff17076000 	C:\WINDOWS\System32\fwpuclnt.dll
0x00007ffef8560000 - 0x00007ffef8569000 	C:\Users\rosha\.vscode\extensions\redhat.java-1.45.0-win32-x64\jre\21.0.8-win32-x86_64\bin\extnet.dll

JVMTI agents:
c:\Users\rosha\.vscode\extensions\redhat.java-1.45.0-win32-x64\lombok\lombok-1.18.39-4050.jar path:c:\Users\rosha\.vscode\extensions\redhat.java-1.45.0-win32-x64\jre\21.0.8-win32-x86_64\bin\instrument.dll, loaded, initialized, instrumentlib options:none

dbghelp: loaded successfully - version: 4.0.5 - missing functions: none
symbol engine: initialized successfully - sym options: 0x614 - pdb path: .;c:\Users\rosha\.vscode\extensions\redhat.java-1.45.0-win32-x64\jre\21.0.8-win32-x86_64\bin;C:\WINDOWS\SYSTEM32;C:\WINDOWS\WinSxS\amd64_microsoft.windows.common-controls_6595b64144ccf1df_6.0.26100.5074_none_3e0d6f78e32fd63f;c:\Users\rosha\.vscode\extensions\redhat.java-1.45.0-win32-x64\jre\21.0.8-win32-x86_64\bin\server;C:\Users\rosha\AppData\Roaming\Code\User\globalStorage\redhat.java\1.45.0\config_win\org.eclipse.equinox.launcher\org.eclipse.equinox.launcher.win32.win32.x86_64_1.2.1400.v20250801-0854;C:\Users\rosha\AppData\Local\Temp\jna-108702031

VM Arguments:
jvm_args: --add-modules=ALL-SYSTEM --add-opens=java.base/java.util=ALL-UNNAMED --add-opens=java.base/java.lang=ALL-UNNAMED --add-opens=java.base/sun.nio.fs=ALL-UNNAMED -Declipse.application=org.eclipse.jdt.ls.core.id1 -Dosgi.bundles.defaultStartLevel=4 -Declipse.product=org.eclipse.jdt.ls.core.product -Djava.import.generatesMetadataFilesAtProjectRoot=false -DDetectVMInstallationsJob.disabled=true -Dfile.encoding=utf8 -XX:+UseParallelGC -XX:GCTimeRatio=4 -XX:AdaptiveSizePolicyWeight=90 -Dsun.zip.disableMemoryMapping=true -Xmx2G -Xms100m -Xlog:disable -javaagent:c:\Users\rosha\.vscode\extensions\redhat.java-1.45.0-win32-x64\lombok\lombok-1.18.39-4050.jar -XX:+HeapDumpOnOutOfMemoryError -XX:HeapDumpPath=c:\Users\rosha\AppData\Roaming\Code\User\workspaceStorage\8698a406892f1e48cc41417322e9cf49\redhat.java -Daether.dependencyCollector.impl=bf 
java_command: c:\Users\rosha\.vscode\extensions\redhat.java-1.45.0-win32-x64\server\plugins\org.eclipse.equinox.launcher_1.7.0.v20250519-0528.jar -configuration c:\Users\rosha\AppData\Roaming\Code\User\globalStorage\redhat.java\1.45.0\config_win -data c:\Users\rosha\AppData\Roaming\Code\User\workspaceStorage\8698a406892f1e48cc41417322e9cf49\redhat.java\jdt_ws --pipe=\\.\pipe\lsp-5d321a3902e5a102fd90ca8c10d51735-sock
java_class_path (initial): c:\Users\rosha\.vscode\extensions\redhat.java-1.45.0-win32-x64\server\plugins\org.eclipse.equinox.launcher_1.7.0.v20250519-0528.jar
Launcher Type: SUN_STANDARD

[Global flags]
    uintx AdaptiveSizePolicyWeight                 = 90                                        {product} {command line}
     intx CICompilerCount                          = 4                                         {product} {ergonomic}
    uintx GCTimeRatio                              = 4                                         {product} {command line}
     bool HeapDumpOnOutOfMemoryError               = true                                   {manageable} {command line}
    ccstr HeapDumpPath                             = c:\Users\rosha\AppData\Roaming\Code\User\workspaceStorage\8698a406892f1e48cc41417322e9cf49\redhat.java         {manageable} {command line}
   size_t InitialHeapSize                          = 104857600                                 {product} {command line}
   size_t MaxHeapSize                              = 2147483648                                {product} {command line}
   size_t MaxNewSize                               = 715653120                                 {product} {ergonomic}
   size_t MinHeapDeltaBytes                        = 524288                                    {product} {ergonomic}
   size_t MinHeapSize                              = 104857600                                 {product} {command line}
   size_t NewSize                                  = 34603008                                  {product} {ergonomic}
    uintx NonNMethodCodeHeapSize                   = 5839372                                {pd product} {ergonomic}
    uintx NonProfiledCodeHeapSize                  = 122909434                              {pd product} {ergonomic}
   size_t OldSize                                  = 70254592                                  {product} {ergonomic}
    uintx ProfiledCodeHeapSize                     = 122909434                              {pd product} {ergonomic}
    uintx ReservedCodeCacheSize                    = 251658240                              {pd product} {ergonomic}
     bool SegmentedCodeCache                       = true                                      {product} {ergonomic}
   size_t SoftMaxHeapSize                          = 2147483648                             {manageable} {ergonomic}
     bool UseCompressedOops                        = true                           {product lp64_product} {ergonomic}
     bool UseLargePagesIndividualAllocation        = false                                  {pd product} {ergonomic}
     bool UseParallelGC                            = true                                      {product} {command line}

Logging:
Log output configuration:
 #0: stdout all=off uptime,level,tags foldmultilines=false
 #1: stderr all=off uptime,level,tags foldmultilines=false

Environment Variables:
PATH=C:\oraclexe\app\oracle\product\11.2.0\server\bin;C:\Program Files\Common Files\Oracle\Java\javapath;C:\Program Files (x86)\Common Files\Oracle\Java\javapath;C:\windows\system32;C:\windows;C:\windows\System32\Wbem;C:\windows\System32\WindowsPowerShell\v1.0\;C:\windows\System32\OpenSSH\;C:\Program Files (x86)\NVIDIA Corporation\PhysX\Common;C:\Program Files\NVIDIA Corporation\NVIDIA NvDLISR;C:\MinGW\bin;C:\Program Files\Git\cmd;C:\Program Files\MySQL\MySQL Shell 8.0\bin;C:\Program Files\Java\jdk-20\bin;C:\Program Files\nodejs\;C:\WINDOWS\system32;C:\WINDOWS;C:\WINDOWS\System32\Wbem;C:\WINDOWS\System32\WindowsPowerShell\v1.0\;C:\WINDOWS\System32\OpenSSH\;C:\Program Files\PostgreSQL\17\bin;%M3_HOME%\bin;C:\Program Files\;C:\Users\rosha\AppData\Local\Programs\Python\Python312\Scripts\;C:\Users\rosha\AppData\Local\Programs\Python\Python312\;C:\Users\rosha\AppData\Local\Programs\Python\Python313\Scripts\;C:\Users\rosha\AppData\Local\Programs\Python\Python313\;C:\Program Files\MySQL\MySQL Shell 8.0\bin\;C:\Users\rosha\AppData\Local\Microsoft\WindowsApps;C:\Program Files\JetBrains\IntelliJ IDEA Community Edition 2024.2.3\bin;;C:\Program Files\JetBrains\IntelliJ IDEA Educational Edition 2022.2.2\bin;;C:\Program Files\JetBrains\PyCharm Community Edition 2023.2.1\bin;;C:\Users\rosha\AppData\Local\Programs\Microsoft VS Code\bin;C:\Program Files\JetBrains\IntelliJ IDEA 2023.3.2\bin;;C:\Program Files\Java\jdk-21\bin;C:\Users\rosha\AppData\Local\GitHubDesktop\bin;C:\ProgramData\rosha\GitHubDesktop\bin;C:\Users\rosha\AppData\Local\Microsoft\WinGet\Packages\Schniz.fnm_Microsoft.Winget.Source_8wekyb3d8bbwe;C:\Users\rosha\AppData\Roaming\npm;C:\Mongosh\
USERNAME=rosha
OS=Windows_NT
PROCESSOR_IDENTIFIER=AMD64 Family 25 Model 80 Stepping 0, AuthenticAMD
TMP=C:\Users\rosha\AppData\Local\Temp
TEMP=C:\Users\rosha\AppData\Local\Temp




Periodic native trim disabled

---------------  S Y S T E M  ---------------

OS:
 Windows 11 , 64 bit Build 26100 (10.0.26100.5074)
OS uptime: 8 days 17:42 hours
Hyper-V role detected

CPU: total 12 (initial active 12) (12 cores per cpu, 2 threads per core) family 25 model 80 stepping 0 microcode 0xa500011, cx8, cmov, fxsr, ht, mmx, 3dnowpref, sse, sse2, sse3, ssse3, sse4a, sse4.1, sse4.2, popcnt, lzcnt, tsc, tscinvbit, avx, avx2, aes, erms, clmul, bmi1, bmi2, adx, sha, fma, vzeroupper, clflush, clflushopt, hv, rdtscp, rdpid, fsrm, f16c, cet_ss
Processor Information for the first 12 processors :
  Max Mhz: 3301, Current Mhz: 3301, Mhz Limit: 3301

Memory: 4k page, system-wide physical 7518M (578M free)
TotalPageFile size 16802M (AvailPageFile size 34M)
current process WorkingSet (physical memory assigned to process): 221M, peak: 230M
current process commit charge ("private bytes"): 345M, peak: 355M

vm_info: OpenJDK 64-Bit Server VM (21.0.8+9-LTS) for windows-amd64 JRE (21.0.8+9-LTS), built on 2025-07-15T00:00:00Z by "admin" with MS VC++ 17.7 (VS2022)

END.
