#
# There is insufficient memory for the Java Runtime Environment to continue.
# Native memory allocation (malloc) failed to allocate 1048576 bytes for AllocateHeap
# Possible reasons:
#   The system is out of physical RAM or swap space
#   The process is running with CompressedOops enabled, and the Java Heap may be blocking the growth of the native heap
# Possible solutions:
#   Reduce memory load on the system
#   Increase physical memory or swap space
#   Check if swap backing store is full
#   Decrease Java heap size (-Xmx/-Xms)
#   Decrease number of Java threads
#   Decrease Java thread stack sizes (-Xss)
#   Set larger code cache with -XX:ReservedCodeCacheSize=
#   JVM is running with Unscaled Compressed Oops mode in which the Java heap is
#     placed in the first 4GB address space. The Java Heap base address is the
#     maximum limit for the native heap growth. Please use -XX:HeapBaseMinAddress
#     to set the Java Heap base and to place the Java Heap above 4GB virtual address.
# This output file may be truncated or incomplete.
#
#  Out of Memory Error (memory/allocation.inline.hpp:61), pid=12200, tid=0x000000000000456c
#
# JRE version:  (8.0_391) (build )
# Java VM: Java HotSpot(TM) 64-Bit Server VM (25.391-b13 mixed mode windows-amd64 compressed oops)
# Failed to write core dump. Minidumps are not enabled by default on client versions of Windows
#

---------------  T H R E A D  ---------------

Current thread (0x000001d8cfecb800):  JavaThread "Unknown thread" [_thread_in_vm, id=17772, stack(0x0000004bd4400000,0x0000004bd4500000)]

Stack: [0x0000004bd4400000,0x0000004bd4500000]
Native frames: (J=compiled Java code, j=interpreted, Vv=VM code, C=native code)
V  [jvm.dll+0x353049]


---------------  P R O C E S S  ---------------

Java Threads: ( => current thread )

Other Threads:

=>0x000001d8cfecb800 (exited) JavaThread "Unknown thread" [_thread_in_vm, id=17772, stack(0x0000004bd4400000,0x0000004bd4500000)]

VM state:not at safepoint (normal execution)

VM Mutex/Monitor currently owned by a thread: None

heap address: 0x00000000ff000000, size: 16 MB, Compressed Oops mode: 32-bit
Narrow klass base: 0x0000000000000000, Narrow klass shift: 3
Compressed class space size: 1073741824 Address: 0x0000000100000000

Heap:
 PSYoungGen      total 4608K, used 81K [0x00000000ffb00000, 0x0000000100000000, 0x0000000100000000)
  eden space 4096K, 2% used [0x00000000ffb00000,0x00000000ffb147b8,0x00000000fff00000)
  from space 512K, 0% used [0x00000000fff80000,0x00000000fff80000,0x0000000100000000)
  to   space 512K, 0% used [0x00000000fff00000,0x00000000fff00000,0x00000000fff80000)
 ParOldGen       total 11264K, used 0K [0x00000000ff000000, 0x00000000ffb00000, 0x00000000ffb00000)
  object space 11264K, 0% used [0x00000000ff000000,0x00000000ff000000,0x00000000ffb00000)
 Metaspace       used 751K, capacity 4480K, committed 4480K, reserved 1056768K
  class space    used 76K, capacity 384K, committed 384K, reserved 1048576K

Card table byte_map: [0x000001d8d05a0000,0x000001d8d05b0000] byte_map_base: 0x000001d8cfda8000

Marking Bits: (ParMarkBitMap*) 0x00007ffe65276040
 Begin Bits: [0x000001d8e0dd0000, 0x000001d8e0e10000)
 End Bits:   [0x000001d8e0e10000, 0x000001d8e0e50000)

Polling page: 0x000001d8d0160000

CodeCache: size=245760Kb used=328Kb max_used=328Kb free=245431Kb
 bounds [0x000001d8d1a10000, 0x000001d8d1c80000, 0x000001d8e0a10000]
 total_blobs=57 nmethods=0 adapters=38
 compilation: enabled

Compilation events (0 events):
No events

GC Heap History (0 events):
No events

Deoptimization events (0 events):
No events

Classes redefined (0 events):
No events

Internal exceptions (0 events):
No events

Events (10 events):
Event: 0.060 loading class java/lang/Short
Event: 0.060 loading class java/lang/Short done
Event: 0.060 loading class java/lang/Integer
Event: 0.060 loading class java/lang/Integer done
Event: 0.060 loading class java/lang/Long
Event: 0.060 loading class java/lang/Long done
Event: 0.061 loading class java/lang/NullPointerException
Event: 0.061 loading class java/lang/NullPointerException done
Event: 0.061 loading class java/lang/ArithmeticException
Event: 0.061 loading class java/lang/ArithmeticException done


Dynamic libraries:
0x00007ff6c07d0000 - 0x00007ff6c081a000 	C:\Program Files\Java\jre-1.8\bin\javaw.exe
0x00007fff1f1e0000 - 0x00007fff1f449000 	C:\WINDOWS\SYSTEM32\ntdll.dll
0x00007fff1d880000 - 0x00007fff1d949000 	C:\WINDOWS\System32\KERNEL32.DLL
0x00007fff1c8e0000 - 0x00007fff1ccd3000 	C:\WINDOWS\System32\KERNELBASE.dll
0x00007fff1d480000 - 0x00007fff1d534000 	C:\WINDOWS\System32\ADVAPI32.dll
0x00007fff1e380000 - 0x00007fff1e429000 	C:\WINDOWS\System32\msvcrt.dll
0x00007fff1d3c0000 - 0x00007fff1d466000 	C:\WINDOWS\System32\sechost.dll
0x00007fff1e160000 - 0x00007fff1e278000 	C:\WINDOWS\System32\RPCRT4.dll
0x00007fff1d150000 - 0x00007fff1d314000 	C:\WINDOWS\System32\USER32.dll
0x00007fff1c370000 - 0x00007fff1c397000 	C:\WINDOWS\System32\win32u.dll
0x00007fff1e0a0000 - 0x00007fff1e0cb000 	C:\WINDOWS\System32\GDI32.dll
0x00007fff1c720000 - 0x00007fff1c84d000 	C:\WINDOWS\System32\gdi32full.dll
0x00007fff1cce0000 - 0x00007fff1cd83000 	C:\WINDOWS\System32\msvcp_win.dll
0x00007fff1c3a0000 - 0x00007fff1c4eb000 	C:\WINDOWS\System32\ucrtbase.dll
0x00007fff02b00000 - 0x00007fff02d93000 	C:\WINDOWS\WinSxS\amd64_microsoft.windows.common-controls_6595b64144ccf1df_6.0.26100.5074_none_3e0d6f78e32fd63f\COMCTL32.dll
0x00007fff1d730000 - 0x00007fff1d75f000 	C:\WINDOWS\System32\IMM32.DLL
0x00007ffefecb0000 - 0x00007ffefeccb000 	C:\Program Files\Java\jre-1.8\bin\vcruntime140.dll
0x00007ffeffbf0000 - 0x00007ffeffbfc000 	C:\Program Files\Java\jre-1.8\bin\vcruntime140_1.dll
0x00007ffeadbf0000 - 0x00007ffeadc7e000 	C:\Program Files\Java\jre-1.8\bin\msvcp140.dll
0x00007ffe64a40000 - 0x00007ffe652f0000 	C:\Program Files\Java\jre-1.8\bin\server\jvm.dll
0x00007fff1d540000 - 0x00007fff1d548000 	C:\WINDOWS\System32\PSAPI.DLL
0x00007fff02f80000 - 0x00007fff02f8a000 	C:\WINDOWS\SYSTEM32\WSOCK32.dll
0x00007fff1f030000 - 0x00007fff1f0a4000 	C:\WINDOWS\System32\WS2_32.dll
0x00007fff150f0000 - 0x00007fff15125000 	C:\WINDOWS\SYSTEM32\WINMM.dll
0x00007fff15130000 - 0x00007fff1513b000 	C:\WINDOWS\SYSTEM32\VERSION.dll
0x00007fff1b150000 - 0x00007fff1b16b000 	C:\WINDOWS\SYSTEM32\kernel.appcore.dll
0x00007ffeffa30000 - 0x00007ffeffa40000 	C:\Program Files\Java\jre-1.8\bin\verify.dll
0x00007ffef8580000 - 0x00007ffef85ab000 	C:\Program Files\Java\jre-1.8\bin\java.dll
0x00007ffef92e0000 - 0x00007ffef92f8000 	C:\Program Files\Java\jre-1.8\bin\zip.dll
0x00007fff1cd90000 - 0x00007fff1ce29000 	C:\WINDOWS\System32\bcryptPrimitives.dll

VM Arguments:
jvm_args: -Xmx16m 
java_command: org.eclipse.jdt.internal.launching.support.LibraryDetector
java_class_path (initial): C:\Users\rosha\AppData\Roaming\Code\User\globalStorage\redhat.java\1.45.0\config_win\org.eclipse.osgi\57\0\.cp\lib\launchingsupport.jar
Launcher Type: SUN_STANDARD

Environment Variables:
PATH=C:\oraclexe\app\oracle\product\11.2.0\server\bin;C:\Program Files\Common Files\Oracle\Java\javapath;C:\Program Files (x86)\Common Files\Oracle\Java\javapath;C:\windows\system32;C:\windows;C:\windows\System32\Wbem;C:\windows\System32\WindowsPowerShell\v1.0\;C:\windows\System32\OpenSSH\;C:\Program Files (x86)\NVIDIA Corporation\PhysX\Common;C:\Program Files\NVIDIA Corporation\NVIDIA NvDLISR;C:\MinGW\bin;C:\Program Files\Git\cmd;C:\Program Files\MySQL\MySQL Shell 8.0\bin;C:\Program Files\Java\jdk-20\bin;C:\Program Files\nodejs\;C:\WINDOWS\system32;C:\WINDOWS;C:\WINDOWS\System32\Wbem;C:\WINDOWS\System32\WindowsPowerShell\v1.0\;C:\WINDOWS\System32\OpenSSH\;C:\Program Files\PostgreSQL\17\bin;%M3_HOME%\bin;C:\Program Files\;C:\Users\rosha\AppData\Local\Programs\Python\Python312\Scripts\;C:\Users\rosha\AppData\Local\Programs\Python\Python312\;C:\Users\rosha\AppData\Local\Programs\Python\Python313\Scripts\;C:\Users\rosha\AppData\Local\Programs\Python\Python313\;C:\Program Files\MySQL\MySQL Shell 8.0\bin\;C:\Users\rosha\AppData\Local\Microsoft\WindowsApps;C:\Program Files\JetBrains\IntelliJ IDEA Community Edition 2024.2.3\bin;;C:\Program Files\JetBrains\IntelliJ IDEA Educational Edition 2022.2.2\bin;;C:\Program Files\JetBrains\PyCharm Community Edition 2023.2.1\bin;;C:\Users\rosha\AppData\Local\Programs\Microsoft VS Code\bin;C:\Program Files\JetBrains\IntelliJ IDEA 2023.3.2\bin;;C:\Program Files\Java\jdk-21\bin;C:\Users\rosha\AppData\Local\GitHubDesktop\bin;C:\ProgramData\rosha\GitHubDesktop\bin;C:\Users\rosha\AppData\Local\Microsoft\WinGet\Packages\Schniz.fnm_Microsoft.Winget.Source_8wekyb3d8bbwe;C:\Users\rosha\AppData\Roaming\npm;C:\Mongosh\
USERNAME=rosha
OS=Windows_NT
PROCESSOR_IDENTIFIER=AMD64 Family 25 Model 80 Stepping 0, AuthenticAMD



---------------  S Y S T E M  ---------------

OS: Windows 11 , 64 bit Build 26100 (10.0.26100.5074)

CPU:total 12 (initial active 12) (12 cores per cpu, 1 threads per core) family 25 model 80 stepping 0, cmov, cx8, fxsr, mmx, sse, sse2, sse3, ssse3, sse4.1, sse4.2, popcnt, avx, avx2, aes, clmul, erms, mmxext, 3dnowpref, lzcnt, sse4a, tsc, tscinvbit, tscinv, bmi1

Memory: 4k page, physical 7698540k(589052k free), swap 17206176k(2300k free)

vm_info: Java HotSpot(TM) 64-Bit Server VM (25.391-b13) for windows-amd64 JRE (1.8.0_391-b13), built on Oct  4 2023 07:54:08 by "java_re" with MS VC++ 17.1 (VS2022)

time: Thu Sep 11 15:08:43 2025
timezone: India Standard Time
elapsed time: 0.075144 seconds (0d 0h 0m 0s)

