#
# There is insufficient memory for the Java Runtime Environment to continue.
# Native memory allocation (malloc) failed to allocate 1004656 bytes. Error detail: Chunk::new
# Possible reasons:
#   The system is out of physical RAM or swap space
#   This process is running with CompressedOops enabled, and the Java Heap may be blocking the growth of the native heap
# Possible solutions:
#   Reduce memory load on the system
#   Increase physical memory or swap space
#   Check if swap backing store is full
#   Decrease Java heap size (-Xmx/-Xms)
#   Decrease number of Java threads
#   Decrease Java thread stack sizes (-Xss)
#   Set larger code cache with -XX:ReservedCodeCacheSize=
#   JVM is running with Unscaled Compressed Oops mode in which the Java heap is
#     placed in the first 4GB address space. The Java Heap base address is the
#     maximum limit for the native heap growth. Please use -XX:HeapBaseMinAddress
#     to set the Java Heap base and to place the Java Heap above 4GB virtual address.
# This output file may be truncated or incomplete.
#
#  Out of Memory Error (arena.cpp:168), pid=10068, tid=852
#
# JRE version: OpenJDK Runtime Environment Temurin-21.0.8+9 (21.0.8+9) (build 21.0.8+9-LTS)
# Java VM: OpenJDK 64-Bit Server VM Temurin-21.0.8+9 (21.0.8+9-LTS, mixed mode, sharing, tiered, compressed oops, compressed class ptrs, parallel gc, windows-amd64)
# No core dump will be written. Minidumps are not enabled by default on client versions of Windows
#

---------------  S U M M A R Y ------------

Command Line: --add-modules=ALL-SYSTEM --add-opens=java.base/java.util=ALL-UNNAMED --add-opens=java.base/java.lang=ALL-UNNAMED --add-opens=java.base/sun.nio.fs=ALL-UNNAMED -Declipse.application=org.eclipse.jdt.ls.core.id1 -Dosgi.bundles.defaultStartLevel=4 -Declipse.product=org.eclipse.jdt.ls.core.product -Djava.import.generatesMetadataFilesAtProjectRoot=false -DDetectVMInstallationsJob.disabled=true -Dfile.encoding=utf8 -XX:+UseParallelGC -XX:GCTimeRatio=4 -XX:AdaptiveSizePolicyWeight=90 -Dsun.zip.disableMemoryMapping=true -Xmx2G -Xms100m -Xlog:disable -javaagent:c:\Users\rosha\.vscode\extensions\redhat.java-1.45.0-win32-x64\lombok\lombok-1.18.39-4050.jar -XX:+HeapDumpOnOutOfMemoryError -XX:HeapDumpPath=c:\Users\rosha\AppData\Roaming\Code\User\workspaceStorage\8698a406892f1e48cc41417322e9cf49\redhat.java -Daether.dependencyCollector.impl=bf c:\Users\rosha\.vscode\extensions\redhat.java-1.45.0-win32-x64\server\plugins\org.eclipse.equinox.launcher_1.7.0.v20250519-0528.jar -configuration c:\Users\rosha\AppData\Roaming\Code\User\globalStorage\redhat.java\1.45.0\config_win -data c:\Users\rosha\AppData\Roaming\Code\User\workspaceStorage\8698a406892f1e48cc41417322e9cf49\redhat.java\jdt_ws --pipe=\\.\pipe\lsp-37cf706fc64248ab28c2d8b0c0e7335f-sock

Host: AMD Ryzen 5 5600H with Radeon Graphics         , 12 cores, 7G,  Windows 11 , 64 bit Build 26100 (10.0.26100.5074)
Time: Thu Sep 11 15:09:03 2025 India Standard Time elapsed time: 6.973598 seconds (0d 0h 0m 6s)

---------------  T H R E A D  ---------------

Current thread (0x000001e4ff035b90):  JavaThread "C2 CompilerThread1" daemon [_thread_in_native, id=852, stack(0x000000798a200000,0x000000798a300000) (1024K)]


Current CompileTask:
C2:6973 8471   !   4       sun.nio.cs.StreamDecoder::read (78 bytes)

Stack: [0x000000798a200000,0x000000798a300000]
Native frames: (J=compiled Java code, j=interpreted, Vv=VM code, C=native code)
V  [jvm.dll+0x6d2449]
V  [jvm.dll+0x8ae341]
V  [jvm.dll+0x8b08be]
V  [jvm.dll+0x8b0fa3]
V  [jvm.dll+0x280c96]
V  [jvm.dll+0xc581d]
V  [jvm.dll+0xc5d53]
V  [jvm.dll+0x3b9162]
V  [jvm.dll+0x385315]
V  [jvm.dll+0x38477a]
V  [jvm.dll+0x248ed0]
V  [jvm.dll+0x2484af]
V  [jvm.dll+0x1c89ee]
V  [jvm.dll+0x257d4d]
V  [jvm.dll+0x2562ea]
V  [jvm.dll+0x3f2d16]
V  [jvm.dll+0x857e6b]
V  [jvm.dll+0x6d0b0d]
C  [ucrtbase.dll+0x37b0]
C  [KERNEL32.DLL+0x2e8d7]
C  [ntdll.dll+0x8d9c]


---------------  P R O C E S S  ---------------

Threads class SMR info:
_java_thread_list=0x000001e4c90b1920, length=72, elements={
0x000001e4e8cdb470, 0x000001e4fda1e2f0, 0x000001e4eb024e30, 0x000001e4eb02bfa0,
0x000001e4eb02cbf0, 0x000001e4eb02ebe0, 0x000001e4eb03b8a0, 0x000001e4eb03df20,
0x000001e4fedaa390, 0x000001e4fee96bb0, 0x000001e4ff035b90, 0x000001e4ff0d95f0,
0x000001e4fee95e90, 0x000001e4fee97240, 0x000001e4fee985f0, 0x000001e4fee95800,
0x000001e4fee978d0, 0x000001e4fee96520, 0x000001e4fee97f60, 0x000001e4c99dfb30,
0x000001e4c99de780, 0x000001e4c99e0850, 0x000001e4c99dda60, 0x000001e4c99dee10,
0x000001e4c99df4a0, 0x000001e4c99e0ee0, 0x000001e4c99e1570, 0x000001e4c99e3640,
0x000001e4c99e2290, 0x000001e4c99e3cd0, 0x000001e4c99e4360, 0x000001e4c99e2920,
0x000001e4c99e2fb0, 0x000001e4c99e5080, 0x000001e4c99e1c00, 0x000001e4c99e49f0,
0x000001e4ccdd59d0, 0x000001e4ccdd6d80, 0x000001e4ccdd7410, 0x000001e4ccdd7aa0,
0x000001e4ccdd6060, 0x000001e4ccdd9b70, 0x000001e4ccdd87c0, 0x000001e4ccdd8130,
0x000001e4ccdda200, 0x000001e4ccddc2d0, 0x000001e4ccdda890, 0x000001e4ccdd94e0,
0x000001e4ccddb5b0, 0x000001e4ccddcff0, 0x000001e4ccddaf20, 0x000001e4ce507fc0,
0x000001e4ce50a720, 0x000001e4ce50adb0, 0x000001e4ce50b440, 0x000001e4ce50bad0,
0x000001e4ce508650, 0x000001e4ce50a090, 0x000001e4ce50c160, 0x000001e4ce508ce0,
0x000001e4ce509a00, 0x000001e4ce50c7f0, 0x000001e4ce50d510, 0x000001e4ce50ce80,
0x000001e4ce50ef50, 0x000001e4ce50e230, 0x000001e4ce50dba0, 0x000001e4cc4c3750,
0x000001e4cc4c2a30, 0x000001e4cc4c4470, 0x000001e4cc4c30c0, 0x000001e4cc4c3de0
}

Java Threads: ( => current thread )
  0x000001e4e8cdb470 JavaThread "<un-named>"                
[error occurred during error reporting (printing all threads), id 0xc0000005, EXCEPTION_ACCESS_VIOLATION (0xc0000005) at pc=0x00007ffe93aeb20d]
VM state: at safepoint (normal execution)

VM Mutex/Monitor currently owned by a thread:  ([mutex/lock_event])
[0x00007ffe943b5458] Threads_lock - owner thread: 0x000001e4eb022ac0
[0x00007ffe943b5558] Heap_lock - owner thread: 0x000001e4c99df4a0

Heap address: 0x0000000080000000, size: 2048 MB, Compressed Oops mode: 32-bit

CDS archive(s) mapped at: [0x000001e484000000-0x000001e484ba0000-0x000001e484ba0000), size 12189696, SharedBaseAddress: 0x000001e484000000, ArchiveRelocationMode: 1.
Compressed class space mapped at: 0x000001e485000000-0x000001e4c5000000, reserved size: 1073741824
Narrow klass base: 0x000001e484000000, Narrow klass shift: 0, Narrow klass range: 0x100000000

GC Precious Log:
 CardTable entry size: 512
 CPUs: 12 total, 12 available
 Memory: 7518M
 Large Page Support: Disabled
 NUMA Support: Disabled
 Compressed Oops: Enabled (32-bit)
 Alignments: Space 512K, Generation 512K, Heap 2M
 Heap Min Capacity: 100M
 Heap Initial Capacity: 100M
 Heap Max Capacity: 2G
 Pre-touch: Disabled
 Parallel Workers: 10

Heap:
 PSYoungGen      total 5632K, used 5491K [0x00000000d5580000, 0x00000000d5c00000, 0x0000000100000000)
  eden space 4608K, 100% used [0x00000000d5580000,0x00000000d5a00000,0x00000000d5a00000)
  from space 1024K, 86% used [0x00000000d5a80000,0x00000000d5b5cd70,0x00000000d5b80000)
  to   space 512K, 96% used [0x00000000d5b80000,0x00000000d5bfb320,0x00000000d5c00000)
 ParOldGen       total 230400K, used 230041K [0x0000000080000000, 0x000000008e100000, 0x00000000d5580000)
  object space 230400K, 99% used [0x0000000080000000,0x000000008e0a6638,0x000000008e100000)
 Metaspace       used 57454K, committed 58880K, reserved 1114112K
  class space    used 6178K, committed 6848K, reserved 1048576K

Card table byte_map: [0x000001e4ea940000,0x000001e4ead50000] _byte_map_base: 0x000001e4ea540000

Marking Bits: (ParMarkBitMap*) 0x00007ffe943ba340
 Begin Bits: [0x000001e480000000, 0x000001e482000000)
 End Bits:   [0x000001e482000000, 0x000001e484000000)

Polling page: 0x000001e4e8e00000

Metaspace:

Usage:
  Non-class:     50.07 MB used.
      Class:      6.03 MB used.
       Both:     56.11 MB used.

Virtual space:
  Non-class space:       64.00 MB reserved,      50.81 MB ( 79%) committed,  1 nodes.
      Class space:        1.00 GB reserved,       6.69 MB ( <1%) committed,  1 nodes.
             Both:        1.06 GB reserved,      57.50 MB (  5%) committed. 

Chunk freelists:
   Non-Class:  13.12 MB
       Class:  9.29 MB
        Both:  22.41 MB

MaxMetaspaceSize: unlimited
CompressedClassSpaceSize: 1.00 GB
Initial GC threshold: 21.00 MB
Current GC threshold: 58.38 MB
CDS: on
 - commit_granule_bytes: 65536.
 - commit_granule_words: 8192.
 - virtual_space_node_default_size: 8388608.
 - enlarge_chunks_in_place: 1.
 - use_allocation_guard: 0.


Internal statistics:

num_allocs_failed_limit: 6.
num_arena_births: 1106.
num_arena_deaths: 14.
num_vsnodes_births: 2.
num_vsnodes_deaths: 0.
num_space_committed: 920.
num_space_uncommitted: 0.
num_chunks_returned_to_freelist: 20.
num_chunks_taken_from_freelist: 3759.
num_chunk_merges: 10.
num_chunk_splits: 2327.
num_chunks_enlarged: 1333.
num_inconsistent_stats: 0.

CodeHeap 'non-profiled nmethods': size=120000Kb used=4115Kb max_used=4278Kb free=115884Kb
 bounds [0x000001e4f5c40000, 0x000001e4f6070000, 0x000001e4fd170000]
CodeHeap 'profiled nmethods': size=120000Kb used=16216Kb max_used=16773Kb free=103783Kb
 bounds [0x000001e4ee170000, 0x000001e4ef1e0000, 0x000001e4f56a0000]
CodeHeap 'non-nmethods': size=5760Kb used=1413Kb max_used=1483Kb free=4346Kb
 bounds [0x000001e4f56a0000, 0x000001e4f5910000, 0x000001e4f5c40000]
CodeCache: size=245760Kb, used=21744Kb, max_used=22534Kb, free=224013Kb
 total_blobs=8442, nmethods=7720, adapters=628, full_count=0
Compilation: enabled, stopped_count=0, restarted_count=0

Compilation events (20 events):
Event: 6.948 Thread 0x000001e4fedaa390 nmethod 8560 0x000001e4ef1cbc90 code [0x000001e4ef1cbea0, 0x000001e4ef1cc430]
Event: 6.948 Thread 0x000001e4fedaa390 8559       3       com.google.inject.internal.MoreTypes::canonicalizeForKey (103 bytes)
Event: 6.949 Thread 0x000001e4fedaa390 nmethod 8559 0x000001e4ef1cc610 code [0x000001e4ef1cc920, 0x000001e4ef1cd910]
Event: 6.949 Thread 0x000001e4fedaa390 8561       3       java.util.Comparator$$Lambda/0x000001e485022808::compare (14 bytes)
Event: 6.949 Thread 0x000001e4fedaa390 nmethod 8561 0x000001e4ef1cde90 code [0x000001e4ef1ce060, 0x000001e4ef1ce450]
Event: 6.949 Thread 0x000001e4fedaa390 8562       2       com.google.common.collect.ImmutableSet$RegularSetBuilderImpl::review (86 bytes)
Event: 6.949 Thread 0x000001e4fedaa390 nmethod 8562 0x000001e4ef1ce590 code [0x000001e4ef1ce7c0, 0x000001e4ef1ceb28]
Event: 6.949 Thread 0x000001e4fedaa390 8564       2       com.google.common.collect.ImmutableSet$EmptySetBuilderImpl::add (13 bytes)
Event: 6.950 Thread 0x000001e4fedaa390 nmethod 8564 0x000001e4ef1cec90 code [0x000001e4ef1cee40, 0x000001e4ef1cf080]
Event: 6.950 Thread 0x000001e4fedaa390 8563       2       com.google.common.collect.ImmutableSet$RegularSetBuilderImpl::build (110 bytes)
Event: 6.950 Thread 0x000001e4fedaa390 nmethod 8563 0x000001e4ef1cf190 code [0x000001e4ef1cf3a0, 0x000001e4ef1cf938]
Event: 6.950 Thread 0x000001e4fedaa390 8565       2       org.eclipse.sisu.space.asm.SymbolTable::hash (10 bytes)
Event: 6.950 Thread 0x000001e4fedaa390 nmethod 8565 0x000001e4ef1cfc90 code [0x000001e4ef1cfe40, 0x000001e4ef1cff50]
Event: 6.951 Thread 0x000001e4fedaa390 8566       2       org.eclipse.sisu.space.asm.ByteVector::putUTF8 (144 bytes)
Event: 6.951 Thread 0x000001e4fedaa390 nmethod 8566 0x000001e4ef1d0010 code [0x000001e4ef1d0200, 0x000001e4ef1d06e8]
Event: 6.952 Thread 0x000001e4fedaa390 8568       2       org.eclipse.sisu.space.asm.Symbol::<init> (38 bytes)
Event: 6.953 Thread 0x000001e4fedaa390 nmethod 8568 0x000001e4ef1d0a90 code [0x000001e4ef1d0c20, 0x000001e4ef1d0d78]
Event: 6.953 Thread 0x000001e4fedaa390 8569       2       org.eclipse.sisu.space.asm.SymbolTable::put (150 bytes)
Event: 6.953 Thread 0x000001e4fedaa390 nmethod 8569 0x000001e4ef1d0e10 code [0x000001e4ef1d0fe0, 0x000001e4ef1d14e0]
Event: 6.953 Thread 0x000001e4fedaa390 8570       2       org.eclipse.sisu.wire.DependencyAnalyzer::analyzeDependencies (76 bytes)

GC Heap History (20 events):
Event: 6.826 GC heap after
{Heap after GC invocations=183 (full 2):
 PSYoungGen      total 6144K, used 1217K [0x00000000d5580000, 0x00000000d5d00000, 0x0000000100000000)
  eden space 4608K, 0% used [0x00000000d5580000,0x00000000d5580000,0x00000000d5a00000)
  from space 1536K, 79% used [0x00000000d5a00000,0x00000000d5b306d0,0x00000000d5b80000)
  to   space 1536K, 0% used [0x00000000d5b80000,0x00000000d5b80000,0x00000000d5d00000)
 ParOldGen       total 222720K, used 222379K [0x0000000080000000, 0x000000008d980000, 0x00000000d5580000)
  object space 222720K, 99% used [0x0000000080000000,0x000000008d92ae28,0x000000008d980000)
 Metaspace       used 57233K, committed 58624K, reserved 1114112K
  class space    used 6160K, committed 6784K, reserved 1048576K
}
Event: 6.847 GC heap before
{Heap before GC invocations=184 (full 2):
 PSYoungGen      total 6144K, used 5825K [0x00000000d5580000, 0x00000000d5d00000, 0x0000000100000000)
  eden space 4608K, 100% used [0x00000000d5580000,0x00000000d5a00000,0x00000000d5a00000)
  from space 1536K, 79% used [0x00000000d5a00000,0x00000000d5b306d0,0x00000000d5b80000)
  to   space 1536K, 0% used [0x00000000d5b80000,0x00000000d5b80000,0x00000000d5d00000)
 ParOldGen       total 222720K, used 222379K [0x0000000080000000, 0x000000008d980000, 0x00000000d5580000)
  object space 222720K, 99% used [0x0000000080000000,0x000000008d92ae28,0x000000008d980000)
 Metaspace       used 57308K, committed 58624K, reserved 1114112K
  class space    used 6166K, committed 6784K, reserved 1048576K
}
Event: 6.849 GC heap after
{Heap after GC invocations=184 (full 2):
 PSYoungGen      total 6144K, used 1201K [0x00000000d5580000, 0x00000000d5d00000, 0x0000000100000000)
  eden space 4608K, 0% used [0x00000000d5580000,0x00000000d5580000,0x00000000d5a00000)
  from space 1536K, 78% used [0x00000000d5b80000,0x00000000d5cac550,0x00000000d5d00000)
  to   space 1536K, 0% used [0x00000000d5a00000,0x00000000d5a00000,0x00000000d5b80000)
 ParOldGen       total 223744K, used 223409K [0x0000000080000000, 0x000000008da80000, 0x00000000d5580000)
  object space 223744K, 99% used [0x0000000080000000,0x000000008da2c560,0x000000008da80000)
 Metaspace       used 57308K, committed 58624K, reserved 1114112K
  class space    used 6166K, committed 6784K, reserved 1048576K
}
Event: 6.865 GC heap before
{Heap before GC invocations=185 (full 2):
 PSYoungGen      total 6144K, used 5782K [0x00000000d5580000, 0x00000000d5d00000, 0x0000000100000000)
  eden space 4608K, 99% used [0x00000000d5580000,0x00000000d59f92d8,0x00000000d5a00000)
  from space 1536K, 78% used [0x00000000d5b80000,0x00000000d5cac550,0x00000000d5d00000)
  to   space 1536K, 0% used [0x00000000d5a00000,0x00000000d5a00000,0x00000000d5b80000)
 ParOldGen       total 223744K, used 223409K [0x0000000080000000, 0x000000008da80000, 0x00000000d5580000)
  object space 223744K, 99% used [0x0000000080000000,0x000000008da2c560,0x000000008da80000)
 Metaspace       used 57377K, committed 58752K, reserved 1114112K
  class space    used 6172K, committed 6848K, reserved 1048576K
}
Event: 6.867 GC heap after
{Heap after GC invocations=185 (full 2):
 PSYoungGen      total 6144K, used 1110K [0x00000000d5580000, 0x00000000d5d00000, 0x0000000100000000)
  eden space 4608K, 0% used [0x00000000d5580000,0x00000000d5580000,0x00000000d5a00000)
  from space 1536K, 72% used [0x00000000d5a00000,0x00000000d5b15828,0x00000000d5b80000)
  to   space 1536K, 0% used [0x00000000d5b80000,0x00000000d5b80000,0x00000000d5d00000)
 ParOldGen       total 224768K, used 224424K [0x0000000080000000, 0x000000008db80000, 0x00000000d5580000)
  object space 224768K, 99% used [0x0000000080000000,0x000000008db2a2f0,0x000000008db80000)
 Metaspace       used 57377K, committed 58752K, reserved 1114112K
  class space    used 6172K, committed 6848K, reserved 1048576K
}
Event: 6.875 GC heap before
{Heap before GC invocations=186 (full 2):
 PSYoungGen      total 6144K, used 5718K [0x00000000d5580000, 0x00000000d5d00000, 0x0000000100000000)
  eden space 4608K, 100% used [0x00000000d5580000,0x00000000d5a00000,0x00000000d5a00000)
  from space 1536K, 72% used [0x00000000d5a00000,0x00000000d5b15828,0x00000000d5b80000)
  to   space 1536K, 0% used [0x00000000d5b80000,0x00000000d5b80000,0x00000000d5d00000)
 ParOldGen       total 224768K, used 224424K [0x0000000080000000, 0x000000008db80000, 0x00000000d5580000)
  object space 224768K, 99% used [0x0000000080000000,0x000000008db2a2f0,0x000000008db80000)
 Metaspace       used 57385K, committed 58816K, reserved 1114112K
  class space    used 6172K, committed 6848K, reserved 1048576K
}
Event: 6.877 GC heap after
{Heap after GC invocations=186 (full 2):
 PSYoungGen      total 5632K, used 924K [0x00000000d5580000, 0x00000000d5c80000, 0x0000000100000000)
  eden space 4608K, 0% used [0x00000000d5580000,0x00000000d5580000,0x00000000d5a00000)
  from space 1024K, 90% used [0x00000000d5b80000,0x00000000d5c67180,0x00000000d5c80000)
  to   space 1024K, 0% used [0x00000000d5a80000,0x00000000d5a80000,0x00000000d5b80000)
 ParOldGen       total 225792K, used 225399K [0x0000000080000000, 0x000000008dc80000, 0x00000000d5580000)
  object space 225792K, 99% used [0x0000000080000000,0x000000008dc1dfe0,0x000000008dc80000)
 Metaspace       used 57385K, committed 58816K, reserved 1114112K
  class space    used 6172K, committed 6848K, reserved 1048576K
}
Event: 6.888 GC heap before
{Heap before GC invocations=187 (full 2):
 PSYoungGen      total 5632K, used 5532K [0x00000000d5580000, 0x00000000d5c80000, 0x0000000100000000)
  eden space 4608K, 100% used [0x00000000d5580000,0x00000000d5a00000,0x00000000d5a00000)
  from space 1024K, 90% used [0x00000000d5b80000,0x00000000d5c67180,0x00000000d5c80000)
  to   space 1024K, 0% used [0x00000000d5a80000,0x00000000d5a80000,0x00000000d5b80000)
 ParOldGen       total 225792K, used 225399K [0x0000000080000000, 0x000000008dc80000, 0x00000000d5580000)
  object space 225792K, 99% used [0x0000000080000000,0x000000008dc1dfe0,0x000000008dc80000)
 Metaspace       used 57385K, committed 58816K, reserved 1114112K
  class space    used 6172K, committed 6848K, reserved 1048576K
}
Event: 6.889 GC heap after
{Heap after GC invocations=187 (full 2):
 PSYoungGen      total 5632K, used 933K [0x00000000d5580000, 0x00000000d5c00000, 0x0000000100000000)
  eden space 4608K, 0% used [0x00000000d5580000,0x00000000d5580000,0x00000000d5a00000)
  from space 1024K, 91% used [0x00000000d5a80000,0x00000000d5b695e8,0x00000000d5b80000)
  to   space 512K, 0% used [0x00000000d5b80000,0x00000000d5b80000,0x00000000d5c00000)
 ParOldGen       total 226304K, used 226196K [0x0000000080000000, 0x000000008dd00000, 0x00000000d5580000)
  object space 226304K, 99% used [0x0000000080000000,0x000000008dce5248,0x000000008dd00000)
 Metaspace       used 57385K, committed 58816K, reserved 1114112K
  class space    used 6172K, committed 6848K, reserved 1048576K
}
Event: 6.900 GC heap before
{Heap before GC invocations=188 (full 2):
 PSYoungGen      total 5632K, used 5541K [0x00000000d5580000, 0x00000000d5c00000, 0x0000000100000000)
  eden space 4608K, 100% used [0x00000000d5580000,0x00000000d5a00000,0x00000000d5a00000)
  from space 1024K, 91% used [0x00000000d5a80000,0x00000000d5b695e8,0x00000000d5b80000)
  to   space 512K, 0% used [0x00000000d5b80000,0x00000000d5b80000,0x00000000d5c00000)
 ParOldGen       total 226304K, used 226196K [0x0000000080000000, 0x000000008dd00000, 0x00000000d5580000)
  object space 226304K, 99% used [0x0000000080000000,0x000000008dce5248,0x000000008dd00000)
 Metaspace       used 57385K, committed 58816K, reserved 1114112K
  class space    used 6172K, committed 6848K, reserved 1048576K
}
Event: 6.901 GC heap after
{Heap after GC invocations=188 (full 2):
 PSYoungGen      total 5120K, used 500K [0x00000000d5580000, 0x00000000d5d00000, 0x0000000100000000)
  eden space 4608K, 0% used [0x00000000d5580000,0x00000000d5580000,0x00000000d5a00000)
  from space 512K, 97% used [0x00000000d5b80000,0x00000000d5bfd390,0x00000000d5c00000)
  to   space 1536K, 0% used [0x00000000d5a00000,0x00000000d5a00000,0x00000000d5b80000)
 ParOldGen       total 227328K, used 227114K [0x0000000080000000, 0x000000008de00000, 0x00000000d5580000)
  object space 227328K, 99% used [0x0000000080000000,0x000000008ddcabd8,0x000000008de00000)
 Metaspace       used 57385K, committed 58816K, reserved 1114112K
  class space    used 6172K, committed 6848K, reserved 1048576K
}
Event: 6.914 GC heap before
{Heap before GC invocations=189 (full 2):
 PSYoungGen      total 5120K, used 5100K [0x00000000d5580000, 0x00000000d5d00000, 0x0000000100000000)
  eden space 4608K, 99% used [0x00000000d5580000,0x00000000d59fdc88,0x00000000d5a00000)
  from space 512K, 97% used [0x00000000d5b80000,0x00000000d5bfd390,0x00000000d5c00000)
  to   space 1536K, 0% used [0x00000000d5a00000,0x00000000d5a00000,0x00000000d5b80000)
 ParOldGen       total 227328K, used 227114K [0x0000000080000000, 0x000000008de00000, 0x00000000d5580000)
  object space 227328K, 99% used [0x0000000080000000,0x000000008ddcabd8,0x000000008de00000)
 Metaspace       used 57395K, committed 58880K, reserved 1114112K
  class space    used 6172K, committed 6848K, reserved 1048576K
}
Event: 6.915 GC heap after
{Heap after GC invocations=189 (full 2):
 PSYoungGen      total 6144K, used 942K [0x00000000d5580000, 0x00000000d5d00000, 0x0000000100000000)
  eden space 4608K, 0% used [0x00000000d5580000,0x00000000d5580000,0x00000000d5a00000)
  from space 1536K, 61% used [0x00000000d5a00000,0x00000000d5aeba90,0x00000000d5b80000)
  to   space 1536K, 0% used [0x00000000d5b80000,0x00000000d5b80000,0x00000000d5d00000)
 ParOldGen       total 227840K, used 227629K [0x0000000080000000, 0x000000008de80000, 0x00000000d5580000)
  object space 227840K, 99% used [0x0000000080000000,0x000000008de4b440,0x000000008de80000)
 Metaspace       used 57395K, committed 58880K, reserved 1114112K
  class space    used 6172K, committed 6848K, reserved 1048576K
}
Event: 6.925 GC heap before
{Heap before GC invocations=190 (full 2):
 PSYoungGen      total 6144K, used 5550K [0x00000000d5580000, 0x00000000d5d00000, 0x0000000100000000)
  eden space 4608K, 100% used [0x00000000d5580000,0x00000000d5a00000,0x00000000d5a00000)
  from space 1536K, 61% used [0x00000000d5a00000,0x00000000d5aeba90,0x00000000d5b80000)
  to   space 1536K, 0% used [0x00000000d5b80000,0x00000000d5b80000,0x00000000d5d00000)
 ParOldGen       total 227840K, used 227629K [0x0000000080000000, 0x000000008de80000, 0x00000000d5580000)
  object space 227840K, 99% used [0x0000000080000000,0x000000008de4b440,0x000000008de80000)
 Metaspace       used 57409K, committed 58880K, reserved 1114112K
  class space    used 6172K, committed 6848K, reserved 1048576K
}
Event: 6.927 GC heap after
{Heap after GC invocations=190 (full 2):
 PSYoungGen      total 5632K, used 981K [0x00000000d5580000, 0x00000000d5c80000, 0x0000000100000000)
  eden space 4608K, 0% used [0x00000000d5580000,0x00000000d5580000,0x00000000d5a00000)
  from space 1024K, 95% used [0x00000000d5b80000,0x00000000d5c75468,0x00000000d5c80000)
  to   space 1024K, 0% used [0x00000000d5a80000,0x00000000d5a80000,0x00000000d5b80000)
 ParOldGen       total 228864K, used 228388K [0x0000000080000000, 0x000000008df80000, 0x00000000d5580000)
  object space 228864K, 99% used [0x0000000080000000,0x000000008df09070,0x000000008df80000)
 Metaspace       used 57409K, committed 58880K, reserved 1114112K
  class space    used 6172K, committed 6848K, reserved 1048576K
}
Event: 6.938 GC heap before
{Heap before GC invocations=191 (full 2):
 PSYoungGen      total 5632K, used 5589K [0x00000000d5580000, 0x00000000d5c80000, 0x0000000100000000)
  eden space 4608K, 100% used [0x00000000d5580000,0x00000000d5a00000,0x00000000d5a00000)
  from space 1024K, 95% used [0x00000000d5b80000,0x00000000d5c75468,0x00000000d5c80000)
  to   space 1024K, 0% used [0x00000000d5a80000,0x00000000d5a80000,0x00000000d5b80000)
 ParOldGen       total 228864K, used 228388K [0x0000000080000000, 0x000000008df80000, 0x00000000d5580000)
  object space 228864K, 99% used [0x0000000080000000,0x000000008df09070,0x000000008df80000)
 Metaspace       used 57427K, committed 58880K, reserved 1114112K
  class space    used 6172K, committed 6848K, reserved 1048576K
}
Event: 6.940 GC heap after
{Heap after GC invocations=191 (full 2):
 PSYoungGen      total 5632K, used 883K [0x00000000d5580000, 0x00000000d5c00000, 0x0000000100000000)
  eden space 4608K, 0% used [0x00000000d5580000,0x00000000d5580000,0x00000000d5a00000)
  from space 1024K, 86% used [0x00000000d5a80000,0x00000000d5b5cd70,0x00000000d5b80000)
  to   space 512K, 0% used [0x00000000d5b80000,0x00000000d5b80000,0x00000000d5c00000)
 ParOldGen       total 229376K, used 229119K [0x0000000080000000, 0x000000008e000000, 0x00000000d5580000)
  object space 229376K, 99% used [0x0000000080000000,0x000000008dfbffd0,0x000000008e000000)
 Metaspace       used 57427K, committed 58880K, reserved 1114112K
  class space    used 6172K, committed 6848K, reserved 1048576K
}
Event: 6.953 GC heap before
{Heap before GC invocations=192 (full 2):
 PSYoungGen      total 5632K, used 5491K [0x00000000d5580000, 0x00000000d5c00000, 0x0000000100000000)
  eden space 4608K, 100% used [0x00000000d5580000,0x00000000d5a00000,0x00000000d5a00000)
  from space 1024K, 86% used [0x00000000d5a80000,0x00000000d5b5cd70,0x00000000d5b80000)
  to   space 512K, 0% used [0x00000000d5b80000,0x00000000d5b80000,0x00000000d5c00000)
 ParOldGen       total 229376K, used 229119K [0x0000000080000000, 0x000000008e000000, 0x00000000d5580000)
  object space 229376K, 99% used [0x0000000080000000,0x000000008dfbffd0,0x000000008e000000)
 Metaspace       used 57454K, committed 58880K, reserved 1114112K
  class space    used 6178K, committed 6848K, reserved 1048576K
}
Event: 6.955 GC heap after
{Heap after GC invocations=192 (full 2):
 PSYoungGen      total 5632K, used 5491K [0x00000000d5580000, 0x00000000d5c00000, 0x0000000100000000)
  eden space 4608K, 100% used [0x00000000d5580000,0x00000000d5a00000,0x00000000d5a00000)
  from space 1024K, 86% used [0x00000000d5a80000,0x00000000d5b5cd70,0x00000000d5b80000)
  to   space 512K, 96% used [0x00000000d5b80000,0x00000000d5bfb320,0x00000000d5c00000)
 ParOldGen       total 230400K, used 230041K [0x0000000080000000, 0x000000008e100000, 0x00000000d5580000)
  object space 230400K, 99% used [0x0000000080000000,0x000000008e0a6638,0x000000008e100000)
 Metaspace       used 57454K, committed 58880K, reserved 1114112K
  class space    used 6178K, committed 6848K, reserved 1048576K
}
Event: 6.955 GC heap before
{Heap before GC invocations=193 (full 3):
 PSYoungGen      total 5632K, used 5491K [0x00000000d5580000, 0x00000000d5c00000, 0x0000000100000000)
  eden space 4608K, 100% used [0x00000000d5580000,0x00000000d5a00000,0x00000000d5a00000)
  from space 1024K, 86% used [0x00000000d5a80000,0x00000000d5b5cd70,0x00000000d5b80000)
  to   space 512K, 96% used [0x00000000d5b80000,0x00000000d5bfb320,0x00000000d5c00000)
 ParOldGen       total 230400K, used 230041K [0x0000000080000000, 0x000000008e100000, 0x00000000d5580000)
  object space 230400K, 99% used [0x0000000080000000,0x000000008e0a6638,0x000000008e100000)
 Metaspace       used 57454K, committed 58880K, reserved 1114112K
  class space    used 6178K, committed 6848K, reserved 1048576K
}

Dll operation events (10 events):
Event: 0.010 Loaded shared library c:\Users\rosha\.vscode\extensions\redhat.java-1.45.0-win32-x64\jre\21.0.8-win32-x86_64\bin\java.dll
Event: 0.060 Loaded shared library c:\Users\rosha\.vscode\extensions\redhat.java-1.45.0-win32-x64\jre\21.0.8-win32-x86_64\bin\zip.dll
Event: 0.077 Loaded shared library C:\Users\rosha\.vscode\extensions\redhat.java-1.45.0-win32-x64\jre\21.0.8-win32-x86_64\bin\instrument.dll
Event: 0.080 Loaded shared library C:\Users\rosha\.vscode\extensions\redhat.java-1.45.0-win32-x64\jre\21.0.8-win32-x86_64\bin\net.dll
Event: 0.082 Loaded shared library C:\Users\rosha\.vscode\extensions\redhat.java-1.45.0-win32-x64\jre\21.0.8-win32-x86_64\bin\nio.dll
Event: 0.085 Loaded shared library C:\Users\rosha\.vscode\extensions\redhat.java-1.45.0-win32-x64\jre\21.0.8-win32-x86_64\bin\zip.dll
Event: 0.099 Loaded shared library C:\Users\rosha\.vscode\extensions\redhat.java-1.45.0-win32-x64\jre\21.0.8-win32-x86_64\bin\jimage.dll
Event: 0.157 Loaded shared library c:\Users\rosha\.vscode\extensions\redhat.java-1.45.0-win32-x64\jre\21.0.8-win32-x86_64\bin\verify.dll
Event: 1.006 Loaded shared library C:\Users\rosha\AppData\Roaming\Code\User\globalStorage\redhat.java\1.45.0\config_win\org.eclipse.equinox.launcher\org.eclipse.equinox.launcher.win32.win32.x86_64_1.2.1400.v20250801-0854\eclipse_11916.dll
Event: 2.098 Loaded shared library C:\Users\rosha\AppData\Local\Temp\jna-108702031\jna10991937023571875124.dll

Deoptimization events (20 events):
Event: 6.860 Thread 0x000001e4c99df4a0 DEOPT PACKING pc=0x000001e4f5ff574c sp=0x000000798b9fdde0
Event: 6.860 Thread 0x000001e4c99df4a0 DEOPT UNPACKING pc=0x000001e4f56f3aa2 sp=0x000000798b9fdca8 mode 2
Event: 6.873 Thread 0x000001e4c99df4a0 Uncommon trap: trap_request=0xffffff45 fr.pc=0x000001e4f6018b18 relative=0x00000000000002b8
Event: 6.873 Thread 0x000001e4c99df4a0 Uncommon trap: reason=unstable_if action=reinterpret pc=0x000001e4f6018b18 method=sun.nio.cs.StreamDecoder.lockedRead([CII)I @ 165 c2
Event: 6.873 Thread 0x000001e4c99df4a0 DEOPT PACKING pc=0x000001e4f6018b18 sp=0x000000798b9fd250
Event: 6.873 Thread 0x000001e4c99df4a0 DEOPT UNPACKING pc=0x000001e4f56f3aa2 sp=0x000000798b9fd210 mode 2
Event: 6.873 Thread 0x000001e4c99df4a0 Uncommon trap: trap_request=0xffffff45 fr.pc=0x000001e4f6019948 relative=0x00000000000010e8
Event: 6.873 Thread 0x000001e4c99df4a0 Uncommon trap: reason=unstable_if action=reinterpret pc=0x000001e4f6019948 method=sun.nio.cs.StreamDecoder.lockedRead([CII)I @ 122 c2
Event: 6.873 Thread 0x000001e4c99df4a0 DEOPT PACKING pc=0x000001e4f6019948 sp=0x000000798b9fd3c0
Event: 6.873 Thread 0x000001e4c99df4a0 DEOPT UNPACKING pc=0x000001e4f56f3aa2 sp=0x000000798b9fd378 mode 2
Event: 6.873 Thread 0x000001e4c99df4a0 Uncommon trap: trap_request=0xffffff45 fr.pc=0x000001e4f601dbc0 relative=0x0000000000000240
Event: 6.873 Thread 0x000001e4c99df4a0 Uncommon trap: reason=unstable_if action=reinterpret pc=0x000001e4f601dbc0 method=java.io.Reader.read()I @ 12 c2
Event: 6.873 Thread 0x000001e4c99df4a0 DEOPT PACKING pc=0x000001e4f601dbc0 sp=0x000000798b9fd530
Event: 6.873 Thread 0x000001e4c99df4a0 DEOPT UNPACKING pc=0x000001e4f56f3aa2 sp=0x000000798b9fd438 mode 2
Event: 6.904 Thread 0x000001e4c99df4a0 Uncommon trap: trap_request=0xffffff45 fr.pc=0x000001e4f601e3b4 relative=0x0000000000000174
Event: 6.904 Thread 0x000001e4c99df4a0 Uncommon trap: reason=unstable_if action=reinterpret pc=0x000001e4f601e3b4 method=java.io.Reader.read()I @ 12 c2
Event: 6.904 Thread 0x000001e4c99df4a0 DEOPT PACKING pc=0x000001e4f601e3b4 sp=0x000000798b9fd450
Event: 6.904 Thread 0x000001e4c99df4a0 DEOPT UNPACKING pc=0x000001e4f56f3aa2 sp=0x000000798b9fd3d8 mode 2
Event: 6.929 Thread 0x000001e4c99df4a0 DEOPT PACKING pc=0x000001e4eeca09ea sp=0x000000798b9fd8a0
Event: 6.929 Thread 0x000001e4c99df4a0 DEOPT UNPACKING pc=0x000001e4f56f4242 sp=0x000000798b9fcdb0 mode 0

Classes loaded (20 events):
Event: 6.114 Loading class java/util/concurrent/ArrayBlockingQueue
Event: 6.115 Loading class java/util/concurrent/ArrayBlockingQueue done
Event: 6.200 Loading class java/util/Hashtable$ValueCollection
Event: 6.200 Loading class java/util/Hashtable$ValueCollection done
Event: 6.204 Loading class java/util/concurrent/ConcurrentHashMap$KeySpliterator
Event: 6.204 Loading class java/util/concurrent/ConcurrentHashMap$KeySpliterator done
Event: 6.210 Loading class sun/nio/ch/ChannelOutputStream
Event: 6.210 Loading class sun/nio/ch/ChannelOutputStream done
Event: 6.464 Loading class java/util/stream/ReferencePipeline$4
Event: 6.465 Loading class java/util/stream/ReferencePipeline$4 done
Event: 6.465 Loading class java/util/stream/Nodes$IntFixedNodeBuilder
Event: 6.465 Loading class java/util/stream/Node$Builder$OfInt
Event: 6.465 Loading class java/util/stream/Node$Builder$OfInt done
Event: 6.465 Loading class java/util/stream/Nodes$IntArrayNode
Event: 6.465 Loading class java/util/stream/Nodes$IntArrayNode done
Event: 6.465 Loading class java/util/stream/Nodes$IntFixedNodeBuilder done
Event: 6.465 Loading class java/util/stream/ReferencePipeline$4$1
Event: 6.466 Loading class java/util/stream/ReferencePipeline$4$1 done
Event: 6.798 Loading class jdk/internal/module/IllegalAccessLogger
Event: 6.798 Loading class jdk/internal/module/IllegalAccessLogger done

Classes unloaded (7 events):
Event: 2.538 Thread 0x000001e4eb022ac0 Unloading class 0x000001e4851a5000 'java/lang/invoke/LambdaForm$MH+0x000001e4851a5000'
Event: 2.538 Thread 0x000001e4eb022ac0 Unloading class 0x000001e4851a4c00 'java/lang/invoke/LambdaForm$MH+0x000001e4851a4c00'
Event: 2.538 Thread 0x000001e4eb022ac0 Unloading class 0x000001e4851a4800 'java/lang/invoke/LambdaForm$MH+0x000001e4851a4800'
Event: 2.538 Thread 0x000001e4eb022ac0 Unloading class 0x000001e4851a4400 'java/lang/invoke/LambdaForm$MH+0x000001e4851a4400'
Event: 2.538 Thread 0x000001e4eb022ac0 Unloading class 0x000001e4851a4000 'java/lang/invoke/LambdaForm$BMH+0x000001e4851a4000'
Event: 2.538 Thread 0x000001e4eb022ac0 Unloading class 0x000001e4851a3c00 'java/lang/invoke/LambdaForm$DMH+0x000001e4851a3c00'
Event: 2.538 Thread 0x000001e4eb022ac0 Unloading class 0x000001e4851a2800 'java/lang/invoke/LambdaForm$DMH+0x000001e4851a2800'

Classes redefined (0 events):
No events

Internal exceptions (20 events):
Event: 5.055 Thread 0x000001e4c99e1570 Exception <a 'sun/nio/fs/WindowsException'{0x00000000d596f638}> (0x00000000d596f638) 
thrown [s\src\hotspot\share\prims\jni.cpp, line 520]
Event: 5.060 Thread 0x000001e4c99e1570 Exception <a 'java/io/FileNotFoundException'{0x00000000d5ba7170}> (0x00000000d5ba7170) 
thrown [s\src\hotspot\share\prims\jni.cpp, line 520]
Event: 5.060 Thread 0x000001e4c99e1570 Exception <a 'java/io/FileNotFoundException'{0x00000000d5bf5bd0}> (0x00000000d5bf5bd0) 
thrown [s\src\hotspot\share\prims\jni.cpp, line 520]
Event: 5.061 Thread 0x000001e4c99e1570 Exception <a 'java/io/FileNotFoundException'{0x00000000d5bf6b78}> (0x00000000d5bf6b78) 
thrown [s\src\hotspot\share\prims\jni.cpp, line 520]
Event: 5.073 Thread 0x000001e4c99df4a0 Exception <a 'sun/nio/fs/WindowsException'{0x00000000d5747f80}> (0x00000000d5747f80) 
thrown [s\src\hotspot\share\prims\jni.cpp, line 520]
Event: 5.075 Thread 0x000001e4ccdda200 Exception <a 'sun/nio/fs/WindowsException'{0x00000000d58209d0}> (0x00000000d58209d0) 
thrown [s\src\hotspot\share\prims\jni.cpp, line 520]
Event: 5.075 Thread 0x000001e4ccddc2d0 Exception <a 'sun/nio/fs/WindowsException'{0x00000000d5880af0}> (0x00000000d5880af0) 
thrown [s\src\hotspot\share\prims\jni.cpp, line 520]
Event: 5.817 Thread 0x000001e4c99df4a0 Exception <a 'java/lang/NoSuchMethodError'{0x00000000d5661490}: 'int java.lang.invoke.DirectMethodHandle$Holder.invokeSpecialIFC(java.lang.Object, java.lang.Object, java.lang.Object)'> (0x00000000d5661490) 
thrown [s\src\hotspot\share\interpreter\linkResolver.cpp, line 773]
Event: 5.980 Thread 0x000001e4c99e0ee0 Implicit null exception at 0x000001e4f5fbec17 to 0x000001e4f5fc3e6c
Event: 6.174 Thread 0x000001e4ce50d510 Exception <a 'java/lang/NoSuchMethodError'{0x00000000d5740568}: 'void java.lang.invoke.DirectMethodHandle$Holder.invokeStatic(java.lang.Object, int, java.lang.Object)'> (0x00000000d5740568) 
thrown [s\src\hotspot\share\interpreter\linkResolver.cpp, line 773]
Event: 6.207 Thread 0x000001e4c99df4a0 Exception <a 'java/lang/NoSuchMethodError'{0x00000000d558ca48}: 'java.lang.Object java.lang.invoke.DirectMethodHandle$Holder.newInvokeSpecial(java.lang.Object, java.lang.Object, int, int, java.lang.Object)'> (0x00000000d558ca48) 
thrown [s\src\hotspot\share\interpreter\linkResolver.cpp, line 773]
Event: 6.692 Thread 0x000001e4c99df4a0 Exception <a 'sun/nio/fs/WindowsException'{0x00000000d56967d8}> (0x00000000d56967d8) 
thrown [s\src\hotspot\share\prims\jni.cpp, line 520]
Event: 6.693 Thread 0x000001e4ccdda200 Exception <a 'sun/nio/fs/WindowsException'{0x00000000d56d6f00}> (0x00000000d56d6f00) 
thrown [s\src\hotspot\share\prims\jni.cpp, line 520]
Event: 6.693 Thread 0x000001e4ccddc2d0 Exception <a 'sun/nio/fs/WindowsException'{0x00000000d56ed1e0}> (0x00000000d56ed1e0) 
thrown [s\src\hotspot\share\prims\jni.cpp, line 520]
Event: 6.834 Thread 0x000001e4c99df4a0 Exception <a 'sun/nio/fs/WindowsException'{0x00000000d56ef550}> (0x00000000d56ef550) 
thrown [s\src\hotspot\share\prims\jni.cpp, line 520]
Event: 6.834 Thread 0x000001e4c99df4a0 Exception <a 'sun/nio/fs/WindowsException'{0x00000000d56efb80}> (0x00000000d56efb80) 
thrown [s\src\hotspot\share\prims\jni.cpp, line 520]
Event: 6.835 Thread 0x000001e4c99df4a0 Exception <a 'java/io/FileNotFoundException'{0x00000000d5739428}> (0x00000000d5739428) 
thrown [s\src\hotspot\share\prims\jni.cpp, line 520]
Event: 6.836 Thread 0x000001e4c99df4a0 Exception <a 'java/io/FileNotFoundException'{0x00000000d573a1a8}> (0x00000000d573a1a8) 
thrown [s\src\hotspot\share\prims\jni.cpp, line 520]
Event: 6.841 Thread 0x000001e4c99df4a0 Exception <a 'sun/nio/fs/WindowsException'{0x00000000d5848bb0}> (0x00000000d5848bb0) 
thrown [s\src\hotspot\share\prims\jni.cpp, line 520]
Event: 6.842 Thread 0x000001e4c99df4a0 Exception <a 'sun/nio/fs/WindowsException'{0x00000000d58491e0}> (0x00000000d58491e0) 
thrown [s\src\hotspot\share\prims\jni.cpp, line 520]

ZGC Phase Switch (0 events):
No events

VM Operations (20 events):
Event: 6.808 Executing VM operation: ParallelGCFailedAllocation (Allocation Failure) done
Event: 6.824 Executing VM operation: ParallelGCFailedAllocation (Allocation Failure)
Event: 6.826 Executing VM operation: ParallelGCFailedAllocation (Allocation Failure) done
Event: 6.847 Executing VM operation: ParallelGCFailedAllocation (Allocation Failure)
Event: 6.849 Executing VM operation: ParallelGCFailedAllocation (Allocation Failure) done
Event: 6.865 Executing VM operation: ParallelGCFailedAllocation (Allocation Failure)
Event: 6.867 Executing VM operation: ParallelGCFailedAllocation (Allocation Failure) done
Event: 6.875 Executing VM operation: ParallelGCFailedAllocation (Allocation Failure)
Event: 6.877 Executing VM operation: ParallelGCFailedAllocation (Allocation Failure) done
Event: 6.888 Executing VM operation: ParallelGCFailedAllocation (Allocation Failure)
Event: 6.889 Executing VM operation: ParallelGCFailedAllocation (Allocation Failure) done
Event: 6.900 Executing VM operation: ParallelGCFailedAllocation (Allocation Failure)
Event: 6.901 Executing VM operation: ParallelGCFailedAllocation (Allocation Failure) done
Event: 6.914 Executing VM operation: ParallelGCFailedAllocation (Allocation Failure)
Event: 6.915 Executing VM operation: ParallelGCFailedAllocation (Allocation Failure) done
Event: 6.925 Executing VM operation: ParallelGCFailedAllocation (Allocation Failure)
Event: 6.927 Executing VM operation: ParallelGCFailedAllocation (Allocation Failure) done
Event: 6.938 Executing VM operation: ParallelGCFailedAllocation (Allocation Failure)
Event: 6.940 Executing VM operation: ParallelGCFailedAllocation (Allocation Failure) done
Event: 6.953 Executing VM operation: ParallelGCFailedAllocation (Allocation Failure)

Memory protections (0 events):
No events

Nmethod flushes (20 events):
Event: 3.485 Thread 0x000001e4eb022ac0 flushing  nmethod 0x000001e4ee808490
Event: 3.485 Thread 0x000001e4eb022ac0 flushing  nmethod 0x000001e4ee809690
Event: 3.485 Thread 0x000001e4eb022ac0 flushing  nmethod 0x000001e4ee809e90
Event: 3.485 Thread 0x000001e4eb022ac0 flushing  nmethod 0x000001e4ee80a610
Event: 3.485 Thread 0x000001e4eb022ac0 flushing  nmethod 0x000001e4ee80bf90
Event: 3.485 Thread 0x000001e4eb022ac0 flushing  nmethod 0x000001e4ee80c490
Event: 3.485 Thread 0x000001e4eb022ac0 flushing  nmethod 0x000001e4ee80d190
Event: 3.485 Thread 0x000001e4eb022ac0 flushing  nmethod 0x000001e4ee80de10
Event: 3.485 Thread 0x000001e4eb022ac0 flushing  nmethod 0x000001e4ee80e990
Event: 3.485 Thread 0x000001e4eb022ac0 flushing  nmethod 0x000001e4ee819690
Event: 3.485 Thread 0x000001e4eb022ac0 flushing  nmethod 0x000001e4ee82a490
Event: 3.485 Thread 0x000001e4eb022ac0 flushing  nmethod 0x000001e4ee830810
Event: 3.485 Thread 0x000001e4eb022ac0 flushing  nmethod 0x000001e4ee83b910
Event: 3.485 Thread 0x000001e4eb022ac0 flushing  nmethod 0x000001e4ee83d790
Event: 3.485 Thread 0x000001e4eb022ac0 flushing  nmethod 0x000001e4ee841110
Event: 3.485 Thread 0x000001e4eb022ac0 flushing  nmethod 0x000001e4ee84a390
Event: 3.485 Thread 0x000001e4eb022ac0 flushing  nmethod 0x000001e4ee8e3f10
Event: 3.485 Thread 0x000001e4eb022ac0 flushing  nmethod 0x000001e4ee8e4390
Event: 3.485 Thread 0x000001e4eb022ac0 flushing  nmethod 0x000001e4ee906090
Event: 3.485 Thread 0x000001e4eb022ac0 flushing  nmethod 0x000001e4ee907d10

Events (20 events):
Event: 5.076 Thread 0x000001e4ccddcff0 Thread added: 0x000001e4ce50a720
Event: 5.076 Thread 0x000001e4ccddc2d0 Thread added: 0x000001e4ce50adb0
Event: 5.076 Thread 0x000001e4ccddaf20 Thread added: 0x000001e4ce50b440
Event: 5.090 Thread 0x000001e4c99df4a0 Thread added: 0x000001e4ce50bad0
Event: 5.091 Thread 0x000001e4c99df4a0 Thread added: 0x000001e4ce508650
Event: 5.091 Thread 0x000001e4c99df4a0 Thread added: 0x000001e4ce50a090
Event: 5.091 Thread 0x000001e4ce508650 Thread added: 0x000001e4ce50c160
Event: 5.091 Thread 0x000001e4ce50a090 Thread added: 0x000001e4ce508ce0
Event: 5.091 Thread 0x000001e4ce50c160 Thread added: 0x000001e4ce509a00
Event: 5.091 Thread 0x000001e4ce508ce0 Thread added: 0x000001e4ce50c7f0
Event: 6.116 Thread 0x000001e4c99df4a0 Thread added: 0x000001e4ce50d510
Event: 6.208 Thread 0x000001e4c99df4a0 Thread added: 0x000001e4ce50ce80
Event: 6.212 Thread 0x000001e4c99df4a0 Thread added: 0x000001e4ce50ef50
Event: 6.217 Thread 0x000001e4c99df4a0 Thread added: 0x000001e4ce50e230
Event: 6.229 Thread 0x000001e4c99df4a0 Thread added: 0x000001e4ce50dba0
Event: 6.526 Thread 0x000001e4c99df4a0 Thread added: 0x000001e4cc4c3750
Event: 6.604 Thread 0x000001e4c99df4a0 Thread added: 0x000001e4cc4c2a30
Event: 6.612 Thread 0x000001e4c99df4a0 Thread added: 0x000001e4cc4c4470
Event: 6.700 Thread 0x000001e4c99df4a0 Thread added: 0x000001e4cc4c30c0
Event: 6.801 Thread 0x000001e4c99df4a0 Thread added: 0x000001e4cc4c3de0


Dynamic libraries:
0x00007ff717900000 - 0x00007ff71790e000 	c:\Users\rosha\.vscode\extensions\redhat.java-1.45.0-win32-x64\jre\21.0.8-win32-x86_64\bin\java.exe
0x00007fff1f1e0000 - 0x00007fff1f449000 	C:\WINDOWS\SYSTEM32\ntdll.dll
0x00007fff1d880000 - 0x00007fff1d949000 	C:\WINDOWS\System32\KERNEL32.DLL
0x00007fff1c8e0000 - 0x00007fff1ccd3000 	C:\WINDOWS\System32\KERNELBASE.dll
0x00007fff1c3a0000 - 0x00007fff1c4eb000 	C:\WINDOWS\System32\ucrtbase.dll
0x00007ffe9adf0000 - 0x00007ffe9ae0e000 	c:\Users\rosha\.vscode\extensions\redhat.java-1.45.0-win32-x64\jre\21.0.8-win32-x86_64\bin\VCRUNTIME140.dll
0x00007ffe9b210000 - 0x00007ffe9b228000 	c:\Users\rosha\.vscode\extensions\redhat.java-1.45.0-win32-x64\jre\21.0.8-win32-x86_64\bin\jli.dll
0x00007fff1d150000 - 0x00007fff1d314000 	C:\WINDOWS\System32\USER32.dll
0x00007fff1c370000 - 0x00007fff1c397000 	C:\WINDOWS\System32\win32u.dll
0x00007fff1e0a0000 - 0x00007fff1e0cb000 	C:\WINDOWS\System32\GDI32.dll
0x00007fff02b00000 - 0x00007fff02d93000 	C:\WINDOWS\WinSxS\amd64_microsoft.windows.common-controls_6595b64144ccf1df_6.0.26100.5074_none_3e0d6f78e32fd63f\COMCTL32.dll
0x00007fff1c720000 - 0x00007fff1c84d000 	C:\WINDOWS\System32\gdi32full.dll
0x00007fff1cce0000 - 0x00007fff1cd83000 	C:\WINDOWS\System32\msvcp_win.dll
0x00007fff1e380000 - 0x00007fff1e429000 	C:\WINDOWS\System32\msvcrt.dll
0x00007fff1d730000 - 0x00007fff1d75f000 	C:\WINDOWS\System32\IMM32.DLL
0x00007ffed5ec0000 - 0x00007ffed5ecc000 	c:\Users\rosha\.vscode\extensions\redhat.java-1.45.0-win32-x64\jre\21.0.8-win32-x86_64\bin\vcruntime140_1.dll
0x00007ffe9a390000 - 0x00007ffe9a41d000 	c:\Users\rosha\.vscode\extensions\redhat.java-1.45.0-win32-x64\jre\21.0.8-win32-x86_64\bin\msvcp140.dll
0x00007ffe93700000 - 0x00007ffe94497000 	c:\Users\rosha\.vscode\extensions\redhat.java-1.45.0-win32-x64\jre\21.0.8-win32-x86_64\bin\server\jvm.dll
0x00007fff1d480000 - 0x00007fff1d534000 	C:\WINDOWS\System32\ADVAPI32.dll
0x00007fff1d3c0000 - 0x00007fff1d466000 	C:\WINDOWS\System32\sechost.dll
0x00007fff1e160000 - 0x00007fff1e278000 	C:\WINDOWS\System32\RPCRT4.dll
0x00007fff1f030000 - 0x00007fff1f0a4000 	C:\WINDOWS\System32\WS2_32.dll
0x00007fff1c1d0000 - 0x00007fff1c22e000 	C:\WINDOWS\SYSTEM32\POWRPROF.dll
0x00007fff150f0000 - 0x00007fff15125000 	C:\WINDOWS\SYSTEM32\WINMM.dll
0x00007fff15130000 - 0x00007fff1513b000 	C:\WINDOWS\SYSTEM32\VERSION.dll
0x00007fff1c1b0000 - 0x00007fff1c1c4000 	C:\WINDOWS\SYSTEM32\UMPDC.dll
0x00007fff1b150000 - 0x00007fff1b16b000 	C:\WINDOWS\SYSTEM32\kernel.appcore.dll
0x00007ffed5360000 - 0x00007ffed536a000 	c:\Users\rosha\.vscode\extensions\redhat.java-1.45.0-win32-x64\jre\21.0.8-win32-x86_64\bin\jimage.dll
0x00007fff10990000 - 0x00007fff10bd2000 	C:\WINDOWS\SYSTEM32\DBGHELP.DLL
0x00007fff1e820000 - 0x00007fff1eb9b000 	C:\WINDOWS\System32\combase.dll
0x00007fff1d770000 - 0x00007fff1d847000 	C:\WINDOWS\System32\OLEAUT32.dll
0x00007fff01e20000 - 0x00007fff01e5d000 	C:\WINDOWS\SYSTEM32\dbgcore.DLL
0x00007fff1cd90000 - 0x00007fff1ce29000 	C:\WINDOWS\System32\bcryptPrimitives.dll
0x00007ffed52c0000 - 0x00007ffed52cf000 	c:\Users\rosha\.vscode\extensions\redhat.java-1.45.0-win32-x64\jre\21.0.8-win32-x86_64\bin\instrument.dll
0x00007ffe9b6b0000 - 0x00007ffe9b6cf000 	c:\Users\rosha\.vscode\extensions\redhat.java-1.45.0-win32-x64\jre\21.0.8-win32-x86_64\bin\java.dll
0x00007fff1d950000 - 0x00007fff1e09d000 	C:\WINDOWS\System32\SHELL32.dll
0x00007fff1c5b0000 - 0x00007fff1c71c000 	C:\WINDOWS\System32\wintypes.dll
0x00007fff19fa0000 - 0x00007fff1a7f9000 	C:\WINDOWS\SYSTEM32\windows.storage.dll
0x00007fff1e280000 - 0x00007fff1e370000 	C:\WINDOWS\System32\SHCORE.dll
0x00007fff1d320000 - 0x00007fff1d382000 	C:\WINDOWS\System32\shlwapi.dll
0x00007fff1c290000 - 0x00007fff1c2b9000 	C:\WINDOWS\SYSTEM32\profapi.dll
0x00007ffe9a860000 - 0x00007ffe9a878000 	c:\Users\rosha\.vscode\extensions\redhat.java-1.45.0-win32-x64\jre\21.0.8-win32-x86_64\bin\zip.dll
0x00007ffed4910000 - 0x00007ffed4920000 	C:\Users\rosha\.vscode\extensions\redhat.java-1.45.0-win32-x64\jre\21.0.8-win32-x86_64\bin\net.dll
0x00007fff16d20000 - 0x00007fff16e3f000 	C:\WINDOWS\SYSTEM32\WINHTTP.dll
0x00007fff1b6d0000 - 0x00007fff1b73b000 	C:\WINDOWS\system32\mswsock.dll
0x00007ffe9a450000 - 0x00007ffe9a466000 	C:\Users\rosha\.vscode\extensions\redhat.java-1.45.0-win32-x64\jre\21.0.8-win32-x86_64\bin\nio.dll
0x00007ffed48d0000 - 0x00007ffed48e0000 	c:\Users\rosha\.vscode\extensions\redhat.java-1.45.0-win32-x64\jre\21.0.8-win32-x86_64\bin\verify.dll
0x00007ffe9a2f0000 - 0x00007ffe9a334000 	C:\Users\rosha\AppData\Roaming\Code\User\globalStorage\redhat.java\1.45.0\config_win\org.eclipse.equinox.launcher\org.eclipse.equinox.launcher.win32.win32.x86_64_1.2.1400.v20250801-0854\eclipse_11916.dll
0x00007fff1cfb0000 - 0x00007fff1d148000 	C:\WINDOWS\System32\ole32.dll
0x00007fff1b970000 - 0x00007fff1b98b000 	C:\WINDOWS\SYSTEM32\CRYPTSP.dll
0x00007fff1b0b0000 - 0x00007fff1b0eb000 	C:\WINDOWS\system32\rsaenh.dll
0x00007fff1b770000 - 0x00007fff1b79b000 	C:\WINDOWS\SYSTEM32\USERENV.dll
0x00007fff1c260000 - 0x00007fff1c286000 	C:\WINDOWS\SYSTEM32\bcrypt.dll
0x00007fff1b990000 - 0x00007fff1b99c000 	C:\WINDOWS\SYSTEM32\CRYPTBASE.dll
0x00007fff1abe0000 - 0x00007fff1ac14000 	C:\WINDOWS\SYSTEM32\IPHLPAPI.DLL
0x00007fff1f190000 - 0x00007fff1f19a000 	C:\WINDOWS\System32\NSI.dll
0x00007ffeadb30000 - 0x00007ffeadb79000 	C:\Users\rosha\AppData\Local\Temp\jna-108702031\jna10991937023571875124.dll
0x00007fff1d540000 - 0x00007fff1d548000 	C:\WINDOWS\System32\PSAPI.DLL
0x00007fff16f20000 - 0x00007fff16f3e000 	C:\WINDOWS\SYSTEM32\dhcpcsvc6.DLL
0x00007fff16e60000 - 0x00007fff16e83000 	C:\WINDOWS\SYSTEM32\dhcpcsvc.DLL

JVMTI agents:
c:\Users\rosha\.vscode\extensions\redhat.java-1.45.0-win32-x64\lombok\lombok-1.18.39-4050.jar path:c:\Users\rosha\.vscode\extensions\redhat.java-1.45.0-win32-x64\jre\21.0.8-win32-x86_64\bin\instrument.dll, loaded, initialized, instrumentlib options:none

dbghelp: loaded successfully - version: 4.0.5 - missing functions: none
symbol engine: initialized successfully - sym options: 0x614 - pdb path: .;c:\Users\rosha\.vscode\extensions\redhat.java-1.45.0-win32-x64\jre\21.0.8-win32-x86_64\bin;C:\WINDOWS\SYSTEM32;C:\WINDOWS\WinSxS\amd64_microsoft.windows.common-controls_6595b64144ccf1df_6.0.26100.5074_none_3e0d6f78e32fd63f;c:\Users\rosha\.vscode\extensions\redhat.java-1.45.0-win32-x64\jre\21.0.8-win32-x86_64\bin\server;C:\Users\rosha\AppData\Roaming\Code\User\globalStorage\redhat.java\1.45.0\config_win\org.eclipse.equinox.launcher\org.eclipse.equinox.launcher.win32.win32.x86_64_1.2.1400.v20250801-0854;C:\Users\rosha\AppData\Local\Temp\jna-108702031

VM Arguments:
jvm_args: --add-modules=ALL-SYSTEM --add-opens=java.base/java.util=ALL-UNNAMED --add-opens=java.base/java.lang=ALL-UNNAMED --add-opens=java.base/sun.nio.fs=ALL-UNNAMED -Declipse.application=org.eclipse.jdt.ls.core.id1 -Dosgi.bundles.defaultStartLevel=4 -Declipse.product=org.eclipse.jdt.ls.core.product -Djava.import.generatesMetadataFilesAtProjectRoot=false -DDetectVMInstallationsJob.disabled=true -Dfile.encoding=utf8 -XX:+UseParallelGC -XX:GCTimeRatio=4 -XX:AdaptiveSizePolicyWeight=90 -Dsun.zip.disableMemoryMapping=true -Xmx2G -Xms100m -Xlog:disable -javaagent:c:\Users\rosha\.vscode\extensions\redhat.java-1.45.0-win32-x64\lombok\lombok-1.18.39-4050.jar -XX:+HeapDumpOnOutOfMemoryError -XX:HeapDumpPath=c:\Users\rosha\AppData\Roaming\Code\User\workspaceStorage\8698a406892f1e48cc41417322e9cf49\redhat.java -Daether.dependencyCollector.impl=bf 
java_command: c:\Users\rosha\.vscode\extensions\redhat.java-1.45.0-win32-x64\server\plugins\org.eclipse.equinox.launcher_1.7.0.v20250519-0528.jar -configuration c:\Users\rosha\AppData\Roaming\Code\User\globalStorage\redhat.java\1.45.0\config_win -data c:\Users\rosha\AppData\Roaming\Code\User\workspaceStorage\8698a406892f1e48cc41417322e9cf49\redhat.java\jdt_ws --pipe=\\.\pipe\lsp-37cf706fc64248ab28c2d8b0c0e7335f-sock
java_class_path (initial): c:\Users\rosha\.vscode\extensions\redhat.java-1.45.0-win32-x64\server\plugins\org.eclipse.equinox.launcher_1.7.0.v20250519-0528.jar
Launcher Type: SUN_STANDARD

[Global flags]
    uintx AdaptiveSizePolicyWeight                 = 90                                        {product} {command line}
     intx CICompilerCount                          = 4                                         {product} {ergonomic}
    uintx GCTimeRatio                              = 4                                         {product} {command line}
     bool HeapDumpOnOutOfMemoryError               = true                                   {manageable} {command line}
    ccstr HeapDumpPath                             = c:\Users\rosha\AppData\Roaming\Code\User\workspaceStorage\8698a406892f1e48cc41417322e9cf49\redhat.java         {manageable} {command line}
   size_t InitialHeapSize                          = 104857600                                 {product} {command line}
   size_t MaxHeapSize                              = 2147483648                                {product} {command line}
   size_t MaxNewSize                               = 715653120                                 {product} {ergonomic}
   size_t MinHeapDeltaBytes                        = 524288                                    {product} {ergonomic}
   size_t MinHeapSize                              = 104857600                                 {product} {command line}
   size_t NewSize                                  = 34603008                                  {product} {ergonomic}
    uintx NonNMethodCodeHeapSize                   = 5839372                                {pd product} {ergonomic}
    uintx NonProfiledCodeHeapSize                  = 122909434                              {pd product} {ergonomic}
   size_t OldSize                                  = 70254592                                  {product} {ergonomic}
    uintx ProfiledCodeHeapSize                     = 122909434                              {pd product} {ergonomic}
    uintx ReservedCodeCacheSize                    = 251658240                              {pd product} {ergonomic}
     bool SegmentedCodeCache                       = true                                      {product} {ergonomic}
   size_t SoftMaxHeapSize                          = 2147483648                             {manageable} {ergonomic}
     bool UseCompressedOops                        = true                           {product lp64_product} {ergonomic}
     bool UseLargePagesIndividualAllocation        = false                                  {pd product} {ergonomic}
     bool UseParallelGC                            = true                                      {product} {command line}

Logging:
Log output configuration:
 #0: stdout all=off uptime,level,tags foldmultilines=false
 #1: stderr all=off uptime,level,tags foldmultilines=false

Environment Variables:
PATH=C:\oraclexe\app\oracle\product\11.2.0\server\bin;C:\Program Files\Common Files\Oracle\Java\javapath;C:\Program Files (x86)\Common Files\Oracle\Java\javapath;C:\windows\system32;C:\windows;C:\windows\System32\Wbem;C:\windows\System32\WindowsPowerShell\v1.0\;C:\windows\System32\OpenSSH\;C:\Program Files (x86)\NVIDIA Corporation\PhysX\Common;C:\Program Files\NVIDIA Corporation\NVIDIA NvDLISR;C:\MinGW\bin;C:\Program Files\Git\cmd;C:\Program Files\MySQL\MySQL Shell 8.0\bin;C:\Program Files\Java\jdk-20\bin;C:\Program Files\nodejs\;C:\WINDOWS\system32;C:\WINDOWS;C:\WINDOWS\System32\Wbem;C:\WINDOWS\System32\WindowsPowerShell\v1.0\;C:\WINDOWS\System32\OpenSSH\;C:\Program Files\PostgreSQL\17\bin;%M3_HOME%\bin;C:\Program Files\;C:\Users\rosha\AppData\Local\Programs\Python\Python312\Scripts\;C:\Users\rosha\AppData\Local\Programs\Python\Python312\;C:\Users\rosha\AppData\Local\Programs\Python\Python313\Scripts\;C:\Users\rosha\AppData\Local\Programs\Python\Python313\;C:\Program Files\MySQL\MySQL Shell 8.0\bin\;C:\Users\rosha\AppData\Local\Microsoft\WindowsApps;C:\Program Files\JetBrains\IntelliJ IDEA Community Edition 2024.2.3\bin;;C:\Program Files\JetBrains\IntelliJ IDEA Educational Edition 2022.2.2\bin;;C:\Program Files\JetBrains\PyCharm Community Edition 2023.2.1\bin;;C:\Users\rosha\AppData\Local\Programs\Microsoft VS Code\bin;C:\Program Files\JetBrains\IntelliJ IDEA 2023.3.2\bin;;C:\Program Files\Java\jdk-21\bin;C:\Users\rosha\AppData\Local\GitHubDesktop\bin;C:\ProgramData\rosha\GitHubDesktop\bin;C:\Users\rosha\AppData\Local\Microsoft\WinGet\Packages\Schniz.fnm_Microsoft.Winget.Source_8wekyb3d8bbwe;C:\Users\rosha\AppData\Roaming\npm;C:\Mongosh\
USERNAME=rosha
OS=Windows_NT
PROCESSOR_IDENTIFIER=AMD64 Family 25 Model 80 Stepping 0, AuthenticAMD
TMP=C:\Users\rosha\AppData\Local\Temp
TEMP=C:\Users\rosha\AppData\Local\Temp




Periodic native trim disabled

---------------  S Y S T E M  ---------------

OS:
 Windows 11 , 64 bit Build 26100 (10.0.26100.5074)
OS uptime: 8 days 17:42 hours
Hyper-V role detected

CPU: total 12 (initial active 12) (12 cores per cpu, 2 threads per core) family 25 model 80 stepping 0 microcode 0xa500011, cx8, cmov, fxsr, ht, mmx, 3dnowpref, sse, sse2, sse3, ssse3, sse4a, sse4.1, sse4.2, popcnt, lzcnt, tsc, tscinvbit, avx, avx2, aes, erms, clmul, bmi1, bmi2, adx, sha, fma, vzeroupper, clflush, clflushopt, hv, rdtscp, rdpid, fsrm, f16c, cet_ss
Processor Information for processor 0
  Max Mhz: 3301, Current Mhz: 3301, Mhz Limit: 3301
Processor Information for processor 1
  Max Mhz: 3301, Current Mhz: 3301, Mhz Limit: 3301
Processor Information for processor 2
  Max Mhz: 3301, Current Mhz: 1805, Mhz Limit: 3301
Processor Information for processor 3
  Max Mhz: 3301, Current Mhz: 3301, Mhz Limit: 3301
Processor Information for processor 4
  Max Mhz: 3301, Current Mhz: 1805, Mhz Limit: 3301
Processor Information for processor 5
  Max Mhz: 3301, Current Mhz: 3301, Mhz Limit: 3301
Processor Information for processor 6
  Max Mhz: 3301, Current Mhz: 3301, Mhz Limit: 3301
Processor Information for processor 7
  Max Mhz: 3301, Current Mhz: 1805, Mhz Limit: 3301
Processor Information for processor 8
  Max Mhz: 3301, Current Mhz: 3301, Mhz Limit: 3301
Processor Information for processor 9
  Max Mhz: 3301, Current Mhz: 3301, Mhz Limit: 3301
Processor Information for processor 10
  Max Mhz: 3301, Current Mhz: 1805, Mhz Limit: 3301
Processor Information for processor 11
  Max Mhz: 3301, Current Mhz: 3301, Mhz Limit: 3301

Memory: 4k page, system-wide physical 7518M (599M free)
TotalPageFile size 16802M (AvailPageFile size 74M)
current process WorkingSet (physical memory assigned to process): 527M, peak: 527M
current process commit charge ("private bytes"): 537M, peak: 1677M

vm_info: OpenJDK 64-Bit Server VM (21.0.8+9-LTS) for windows-amd64 JRE (21.0.8+9-LTS), built on 2025-07-15T00:00:00Z by "admin" with MS VC++ 17.7 (VS2022)

END.
